<?xml version="1.0" encoding="UTF-8"?>
<testsuite xmlns:xsi="http://www.w3.org/2001/XMLSchema-instance" xsi:noNamespaceSchemaLocation="https://maven.apache.org/surefire/maven-surefire-plugin/xsd/surefire-test-report-3.0.xsd" version="3.0" name="com.socialmedia.instagram.property.AIPropertyTest" time="0.119" tests="2" errors="0" skipped="0" failures="0">
  <properties>
[...]
</properties>
  <testcase name="hashtagRelevanceScoreIsPercentage" classname="com.socialmedia.instagram.property.AIPropertyTest" time="0.053">
    <system-out><![CDATA[timestamp = 2026-08-14T22:38:30.419601, AIPropertyTest:hashtagRelevanceScoreIsPercentage = 
                              |-----------------------jqwik-----------------------
tries = 31                    | # of calls to property
checks = 31                   | # of not rejected calls
generation = EXHAUSTIVE       | parameters are exhaustively generated
after-failure = SAMPLE_FIRST  | try previously failed sample, then previous seed
when-fixed-seed = ALLOW       | fixing the random seed is allowed
edge-cases#mode = MIXIN       | edge cases are mixed in
edge-cases#total = 0          | # of all combined edge cases
edge-cases#tried = 0          | # of edge cases tried in current run
seed = 3570650344578243045    | random seed to reproduce generated values


]]></system-out>
  </testcase>
  <testcase name="accountHealthScoreIsWithinBounds" classname="com.socialmedia.instagram.property.AIPropertyTest" time="0.06">
    <system-out><![CDATA[timestamp = 2026-08-14T22:38:30.483908900, AIPropertyTest:accountHealthScoreIsWithinBounds = 
                              |-----------------------jqwik-----------------------
tries = 100                   | # of calls to property
checks = 100                  | # of not rejected calls
generation = RANDOMIZED       | parameters are randomly generated
after-failure = SAMPLE_FIRST  | try previously failed sample, then previous seed
when-fixed-seed = ALLOW       | fixing the random seed is allowed
edge-cases#mode = MIXIN       | edge cases are mixed in
edge-cases#total = 100        | # of all combined edge cases
edge-cases#tried = 15         | # of edge cases tried in current run
seed = -1117254099200538150   | random seed to reproduce generated values


]]></system-out>
    <system-err><![CDATA[Aug 14, 2026 10:38:30 PM net.jqwik.engine.properties.RandomizedShrinkablesGenerator logEdgeCasesOutnumberTriesIfApplicable
INFO: Edge case generation exceeds number of tries. Stopped after 100 generated cases.
]]></system-err>
  </testcase>
</testsuite>