<?xml version="1.0" encoding="UTF-8"?>
<testsuite xmlns:xsi="http://www.w3.org/2001/XMLSchema-instance" xsi:noNamespaceSchemaLocation="https://maven.apache.org/surefire/maven-surefire-plugin/xsd/surefire-test-report-3.0.xsd" version="3.0" name="com.socialmedia.instagram.service.ProfileServicePropertyTest" time="2.349" tests="7" errors="0" skipped="0" failures="0">
  <properties>
[...]
</properties>
  <testcase name="Property 6: Profile Creation Uniqueness" classname="com.socialmedia.instagram.service.ProfileServicePropertyTest" time="1.828">
    <system-out><![CDATA[22:38:50.159 [main] INFO com.socialmedia.instagram.service.ProfileService -- Adding new profile: username=pz3g, url=https://instagram.com/ru1mwi9la4l3p/
22:38:50.185 [main] INFO com.socialmedia.instagram.service.ProfileService -- Adding new profile: username=z41osqjosoa7ldhhb, url=http://www.instagram.com/aaa/
22:38:50.192 [main] INFO com.socialmedia.instagram.service.ProfileService -- Adding new profile: username=590p, url=http://instagram.com/hpq6yj/
22:38:50.195 [main] INFO com.socialmedia.instagram.service.ProfileService -- Adding new profile: username=aaa, url=https://www.instagram.com/aaa/
22:38:50.201 [main] INFO com.socialmedia.instagram.service.ProfileService -- Adding new profile: username=hl72lbk0z1, url=https://www.instagram.com/7f294oj5aple/
22:38:50.205 [main] INFO com.socialmedia.instagram.service.ProfileService -- Adding new profile: username=aaa, url=https://www.instagram.com/aaa/
22:38:50.210 [main] INFO com.socialmedia.instagram.service.ProfileService -- Adding new profile: username=e78mtip, url=https://instagram.com/32a1hl/
22:38:50.211 [main] INFO com.socialmedia.instagram.service.ProfileService -- Adding new profile: username=aaa, url=https://www.instagram.com/zzz/
22:38:50.214 [main] INFO com.socialmedia.instagram.service.ProfileService -- Adding new profile: username=aaa, url=https://www.instagram.com/zzz/
22:38:50.216 [main] INFO com.socialmedia.instagram.service.ProfileService -- Adding new profile: username=aaa, url=https://www.instagram.com/000/
22:38:50.220 [main] INFO com.socialmedia.instagram.service.ProfileService -- Adding new profile: username=nxfnfy7ep708ea4, url=https://instagram.com/999/
22:38:50.224 [main] INFO com.socialmedia.instagram.service.ProfileService -- Adding new profile: username=dqdgkme6xi, url=http://www.instagram.com/4bq6y/
22:38:50.227 [main] INFO com.socialmedia.instagram.service.ProfileService -- Adding new profile: username=dkyvz1, url=http://instagram.com/90rezp02zfw/
22:38:50.231 [main] INFO com.socialmedia.instagram.service.ProfileService -- Adding new profile: username=51qgffwtohw, url=http://www.instagram.com/kwq4dvgega66o/
22:38:50.233 [main] INFO com.socialmedia.instagram.service.ProfileService -- Adding new profile: username=c3nho, url=http://www.instagram.com/103ajp/
22:38:50.237 [main] INFO com.socialmedia.instagram.service.ProfileService -- Adding new profile: username=igt2iu9t, url=https://instagram.com/aaa/
22:38:50.240 [main] INFO com.socialmedia.instagram.service.ProfileService -- Adding new profile: username=hwfpizske38n5myucr0j, url=http://instagram.com/rcichn/
22:38:50.244 [main] INFO com.socialmedia.instagram.service.ProfileService -- Adding new profile: username=fjpd32wu, url=https://www.instagram.com/8m0kn/
22:38:50.248 [main] INFO com.socialmedia.instagram.service.ProfileService -- Adding new profile: username=s560w40mtkyiwx, url=http://www.instagram.com/8c1hyvtqayy1/
22:38:50.251 [main] INFO com.socialmedia.instagram.service.ProfileService -- Adding new profile: username=e5m7igwmjvz5g, url=http://instagram.com/q2k9q666/
22:38:50.254 [main] INFO com.socialmedia.instagram.service.ProfileService -- Adding new profile: username=grhi99ey, url=https://instagram.com/3mffe/
22:38:50.258 [main] INFO com.socialmedia.instagram.service.ProfileService -- Adding new profile: username=nm4k5ed2q, url=https://instagram.com/oi6/
22:38:50.262 [main] INFO com.socialmedia.instagram.service.ProfileService -- Adding new profile: username=kile2te1ok, url=http://www.instagram.com/aaa/
22:38:50.266 [main] INFO com.socialmedia.instagram.service.ProfileService -- Adding new profile: username=1k04d3j9, url=https://instagram.com/g8qrz1b3n/
22:38:50.268 [main] INFO com.socialmedia.instagram.service.ProfileService -- Adding new profile: username=pxzhx, url=http://instagram.com/c5p6ro3ddson/
22:38:50.270 [main] INFO com.socialmedia.instagram.service.ProfileService -- Adding new profile: username=aaa, url=https://www.instagram.com/000/
22:38:50.275 [main] INFO com.socialmedia.instagram.service.ProfileService -- Adding new profile: username=tess39wb, url=https://instagram.com/gyvn1hr/
22:38:50.278 [main] INFO com.socialmedia.instagram.service.ProfileService -- Adding new profile: username=999, url=http://instagram.com/999/
22:38:50.281 [main] INFO com.socialmedia.instagram.service.ProfileService -- Adding new profile: username=aaa, url=https://www.instagram.com/999/
22:38:50.283 [main] INFO com.socialmedia.instagram.service.ProfileService -- Adding new profile: username=rv0a29462wbpe7o, url=https://instagram.com/emd665mmdl/
22:38:50.284 [main] INFO com.socialmedia.instagram.service.ProfileService -- Adding new profile: username=aaa, url=https://www.instagram.com/999/
22:38:50.287 [main] INFO com.socialmedia.instagram.service.ProfileService -- Adding new profile: username=aaa, url=https://instagram.com/aaa/
22:38:50.292 [main] INFO com.socialmedia.instagram.service.ProfileService -- Adding new profile: username=obow5z8vaxv, url=https://www.instagram.com/7o2svq6/
22:38:50.293 [main] INFO com.socialmedia.instagram.service.ProfileService -- Adding new profile: username=unh, url=https://www.instagram.com/wne47y/
22:38:50.296 [main] INFO com.socialmedia.instagram.service.ProfileService -- Adding new profile: username=mzf5lyo9l4, url=http://www.instagram.com/nensg2gqzl4fr/
22:38:50.297 [main] INFO com.socialmedia.instagram.service.ProfileService -- Adding new profile: username=w21l2m3wzxxd0pa29b4, url=https://instagram.com/akwpa3h2f/
22:38:50.299 [main] INFO com.socialmedia.instagram.service.ProfileService -- Adding new profile: username=zzz, url=http://instagram.com/2espuzq4jtlig9b37xr8/
22:38:50.301 [main] INFO com.socialmedia.instagram.service.ProfileService -- Adding new profile: username=1ju0, url=http://instagram.com/pdpgf/
22:38:50.302 [main] INFO com.socialmedia.instagram.service.ProfileService -- Adding new profile: username=aaa, url=https://instagram.com/aaa/
22:38:50.303 [main] INFO com.socialmedia.instagram.service.ProfileService -- Adding new profile: username=947b6f9, url=https://instagram.com/2wkti7j7/
22:38:50.308 [main] INFO com.socialmedia.instagram.service.ProfileService -- Adding new profile: username=xuuvwcsj7cnif6r, url=https://instagram.com/hw4vilwnu2snc457p/
22:38:50.309 [main] INFO com.socialmedia.instagram.service.ProfileService -- Adding new profile: username=egwvz, url=http://www.instagram.com/vss1t60o8k/
22:38:50.311 [main] INFO com.socialmedia.instagram.service.ProfileService -- Adding new profile: username=aaa, url=https://instagram.com/zzz/
22:38:50.314 [main] INFO com.socialmedia.instagram.service.ProfileService -- Adding new profile: username=aaa, url=https://instagram.com/zzz/
22:38:50.316 [main] INFO com.socialmedia.instagram.service.ProfileService -- Adding new profile: username=nu99c17tvj, url=https://www.instagram.com/bh418rwb8jx/
22:38:50.318 [main] INFO com.socialmedia.instagram.service.ProfileService -- Adding new profile: username=j44sk60gqh2vj, url=http://www.instagram.com/7kcww1zg4iynb/
22:38:50.319 [main] INFO com.socialmedia.instagram.service.ProfileService -- Adding new profile: username=578g5l6286, url=http://instagram.com/65lqbbqrmyu/
22:38:50.323 [main] INFO com.socialmedia.instagram.service.ProfileService -- Adding new profile: username=qtswkmdv5iqf, url=http://instagram.com/000/
22:38:50.324 [main] INFO com.socialmedia.instagram.service.ProfileService -- Adding new profile: username=aaa, url=https://instagram.com/000/
22:38:50.327 [main] INFO com.socialmedia.instagram.service.ProfileService -- Adding new profile: username=e5yy26nwaivn0, url=http://www.instagram.com/ktrk2fd8q0/
22:38:50.330 [main] INFO com.socialmedia.instagram.service.ProfileService -- Adding new profile: username=i7t, url=http://www.instagram.com/z9xg1pt/
22:38:50.333 [main] INFO com.socialmedia.instagram.service.ProfileService -- Adding new profile: username=c2lp9, url=https://www.instagram.com/z73b/
22:38:50.335 [main] INFO com.socialmedia.instagram.service.ProfileService -- Adding new profile: username=yryvufw5ny, url=https://www.instagram.com/db2vo4g3l/
22:38:50.336 [main] INFO com.socialmedia.instagram.service.ProfileService -- Adding new profile: username=4o7h, url=https://www.instagram.com/999/
22:38:50.339 [main] INFO com.socialmedia.instagram.service.ProfileService -- Adding new profile: username=5r53ojd6e7es8sn0, url=https://instagram.com/9ycg06gc/
22:38:50.341 [main] INFO com.socialmedia.instagram.service.ProfileService -- Adding new profile: username=zzz, url=http://www.instagram.com/au7/
22:38:50.344 [main] INFO com.socialmedia.instagram.service.ProfileService -- Adding new profile: username=r6q7a, url=https://instagram.com/knlue/
22:38:50.346 [main] INFO com.socialmedia.instagram.service.ProfileService -- Adding new profile: username=h6wwqd4td1paeeh6it5p, url=https://instagram.com/000/
22:38:50.347 [main] INFO com.socialmedia.instagram.service.ProfileService -- Adding new profile: username=999, url=http://www.instagram.com/l2yr0erk0qt2evn3nqys/
22:38:50.349 [main] INFO com.socialmedia.instagram.service.ProfileService -- Adding new profile: username=2hfh76n, url=http://www.instagram.com/onsu/
22:38:50.351 [main] INFO com.socialmedia.instagram.service.ProfileService -- Adding new profile: username=duj9tg0, url=http://www.instagram.com/tqdmm/
22:38:50.352 [main] INFO com.socialmedia.instagram.service.ProfileService -- Adding new profile: username=vgg5upn1w, url=http://www.instagram.com/riji5qya4/
22:38:50.355 [main] INFO com.socialmedia.instagram.service.ProfileService -- Adding new profile: username=712, url=https://www.instagram.com/zzz/
22:38:50.359 [main] INFO com.socialmedia.instagram.service.ProfileService -- Adding new profile: username=aaa, url=https://instagram.com/000/
22:38:50.361 [main] INFO com.socialmedia.instagram.service.ProfileService -- Adding new profile: username=aaa, url=https://instagram.com/999/
22:38:50.362 [main] INFO com.socialmedia.instagram.service.ProfileService -- Adding new profile: username=7l7uzxgclp, url=http://instagram.com/jvwudl4t3nv/
22:38:50.363 [main] INFO com.socialmedia.instagram.service.ProfileService -- Adding new profile: username=aaa, url=https://instagram.com/999/
22:38:50.364 [main] INFO com.socialmedia.instagram.service.ProfileService -- Adding new profile: username=aaa, url=http://www.instagram.com/aaa/
22:38:50.365 [main] INFO com.socialmedia.instagram.service.ProfileService -- Adding new profile: username=moxhum, url=http://www.instagram.com/46wllka74/
22:38:50.365 [main] INFO com.socialmedia.instagram.service.ProfileService -- Adding new profile: username=aaa, url=http://www.instagram.com/aaa/
22:38:50.367 [main] INFO com.socialmedia.instagram.service.ProfileService -- Adding new profile: username=69mf, url=http://www.instagram.com/ell/
22:38:50.368 [main] INFO com.socialmedia.instagram.service.ProfileService -- Adding new profile: username=x36k, url=http://www.instagram.com/8itff5y786dw9/
22:38:50.369 [main] INFO com.socialmedia.instagram.service.ProfileService -- Adding new profile: username=wa1dizyjoelv5, url=https://www.instagram.com/xvm61imd8h/
22:38:50.371 [main] INFO com.socialmedia.instagram.service.ProfileService -- Adding new profile: username=bhnn03vw1u7x77ykcu, url=http://instagram.com/ihvsx3xcxu4/
22:38:50.372 [main] INFO com.socialmedia.instagram.service.ProfileService -- Adding new profile: username=fls2e8zngmm99zhspt, url=https://instagram.com/999/
22:38:50.375 [main] INFO com.socialmedia.instagram.service.ProfileService -- Adding new profile: username=aaa, url=http://www.instagram.com/zzz/
22:38:50.376 [main] INFO com.socialmedia.instagram.service.ProfileService -- Adding new profile: username=aaa, url=https://instagram.com/zzz/
22:38:50.377 [main] INFO com.socialmedia.instagram.service.ProfileService -- Adding new profile: username=7kf, url=https://instagram.com/j1m7/
22:38:50.377 [main] INFO com.socialmedia.instagram.service.ProfileService -- Adding new profile: username=aaa, url=http://www.instagram.com/zzz/
22:38:50.379 [main] INFO com.socialmedia.instagram.service.ProfileService -- Adding new profile: username=kd3ur, url=http://instagram.com/wo5c/
22:38:50.380 [main] INFO com.socialmedia.instagram.service.ProfileService -- Adding new profile: username=dqdw4u08, url=http://instagram.com/ajqappwa47lorh4h4bk4/
22:38:50.382 [main] INFO com.socialmedia.instagram.service.ProfileService -- Adding new profile: username=aaa, url=http://www.instagram.com/000/
22:38:50.383 [main] INFO com.socialmedia.instagram.service.ProfileService -- Adding new profile: username=aaa, url=http://www.instagram.com/000/
22:38:50.384 [main] INFO com.socialmedia.instagram.service.ProfileService -- Adding new profile: username=hixo4ios0, url=https://www.instagram.com/rjfd8ji46g5evb/
22:38:50.385 [main] INFO com.socialmedia.instagram.service.ProfileService -- Adding new profile: username=aaa, url=http://www.instagram.com/999/
22:38:50.386 [main] INFO com.socialmedia.instagram.service.ProfileService -- Adding new profile: username=vsl24gl7, url=http://instagram.com/qz08m/
22:38:50.387 [main] INFO com.socialmedia.instagram.service.ProfileService -- Adding new profile: username=aaa, url=http://www.instagram.com/999/
22:38:50.390 [main] INFO com.socialmedia.instagram.service.ProfileService -- Adding new profile: username=rys8wgz1opx2x7ucxeh, url=https://www.instagram.com/rzkp2cq/
22:38:50.392 [main] INFO com.socialmedia.instagram.service.ProfileService -- Adding new profile: username=f7u8j, url=http://instagram.com/000/
22:38:50.393 [main] INFO com.socialmedia.instagram.service.ProfileService -- Adding new profile: username=aaa, url=http://instagram.com/aaa/
22:38:50.393 [main] INFO com.socialmedia.instagram.service.ProfileService -- Adding new profile: username=jfjdda92fpzlh, url=http://www.instagram.com/11qumx67d8lzf/
22:38:50.394 [main] INFO com.socialmedia.instagram.service.ProfileService -- Adding new profile: username=f763mhaljsr, url=https://www.instagram.com/pv7/
22:38:50.395 [main] INFO com.socialmedia.instagram.service.ProfileService -- Adding new profile: username=1xaesr9d, url=http://www.instagram.com/yemq3x2ti5/
22:38:50.396 [main] INFO com.socialmedia.instagram.service.ProfileService -- Adding new profile: username=zzz, url=https://www.instagram.com/q5ma7udq9/
22:38:50.398 [main] INFO com.socialmedia.instagram.service.ProfileService -- Adding new profile: username=n2pjt, url=http://instagram.com/np09l8za4zw/
22:38:50.399 [main] INFO com.socialmedia.instagram.service.ProfileService -- Adding new profile: username=aaa, url=http://instagram.com/aaa/
22:38:50.401 [main] INFO com.socialmedia.instagram.service.ProfileService -- Adding new profile: username=aaa, url=http://instagram.com/zzz/
22:38:50.402 [main] INFO com.socialmedia.instagram.service.ProfileService -- Adding new profile: username=ec8, url=http://instagram.com/bk5sihdzm6f9s/
22:38:50.403 [main] INFO com.socialmedia.instagram.service.ProfileService -- Adding new profile: username=9m0ysr, url=https://www.instagram.com/2utwlf48zz9/
22:38:50.405 [main] INFO com.socialmedia.instagram.service.ProfileService -- Adding new profile: username=vmi474m8ri9vqhfkf8, url=http://instagram.com/es5le/
timestamp = 2026-08-14T22:38:50.408275800, ProfileServicePropertyTest:Property 6: Profile Creation Uniqueness = 
                              |-----------------------jqwik-----------------------
tries = 100                   | # of calls to property
checks = 100                  | # of not rejected calls
generation = RANDOMIZED       | parameters are randomly generated
after-failure = SAMPLE_FIRST  | try previously failed sample, then previous seed
when-fixed-seed = ALLOW       | fixing the random seed is allowed
edge-cases#mode = MIXIN       | edge cases are mixed in
edge-cases#total = 128        | # of all combined edge cases
edge-cases#tried = 27         | # of edge cases tried in current run
seed = -6131196722098524686   | random seed to reproduce generated values


]]></system-out>
    <system-err><![CDATA[Aug 14, 2026 10:38:48 PM net.jqwik.engine.properties.RandomizedShrinkablesGenerator logEdgeCasesOutnumberTriesIfApplicable
INFO: Edge case generation exceeds number of tries. Stopped after 128 generated cases.
WARNING: A Java agent has been loaded dynamically (C:\Users\HARSH RAJ\.m2\repository\net\bytebuddy\byte-buddy-agent\1.14.10\byte-buddy-agent-1.14.10.jar)
WARNING: If a serviceability tool is in use, please run with -XX:+EnableDynamicAgentLoading to hide this warning
WARNING: If a serviceability tool is not in use, please run with -Djdk.instrument.traceUsage for more information
WARNING: Dynamic loading of agents will be disallowed by default in a future release
]]></system-err>
  </testcase>
  <testcase name="Property 7: Profile URL Validation - Reject Invalid on Create" classname="com.socialmedia.instagram.service.ProfileServicePropertyTest" time="0.115">
    <system-out><![CDATA[22:38:50.432 [main] INFO com.socialmedia.instagram.service.ProfileService -- Adding new profile: username=5fsnkca1ifpsh, url=instagram.com/u9uy5new3gv
22:38:50.436 [main] INFO com.socialmedia.instagram.service.ProfileService -- Adding new profile: username=hfxxtvwlyeu4ic, url=not-a-url
22:38:50.443 [main] INFO com.socialmedia.instagram.service.ProfileService -- Adding new profile: username=j88uc, url=https://www.instagram.com/aaaaa@invalid/
22:38:50.445 [main] INFO com.socialmedia.instagram.service.ProfileService -- Adding new profile: username=999, url=https://www.instagram.com/
22:38:50.446 [main] INFO com.socialmedia.instagram.service.ProfileService -- Adding new profile: username=q5or, url=https://twitter.com/username
22:38:50.448 [main] INFO com.socialmedia.instagram.service.ProfileService -- Adding new profile: username=aiw7wh, url=https://twitter.com/username
22:38:50.451 [main] INFO com.socialmedia.instagram.service.ProfileService -- Adding new profile: username=foeov70if8ublmqp, url=   
22:38:50.453 [main] INFO com.socialmedia.instagram.service.ProfileService -- Adding new profile: username=8l9, url=instagram.com/revak2y
22:38:50.453 [main] INFO com.socialmedia.instagram.service.ProfileService -- Adding new profile: username=aaa, url=https://www.facebook.com/username/
22:38:50.456 [main] INFO com.socialmedia.instagram.service.ProfileService -- Adding new profile: username=bnzlzoc05j14cct8320, url=instagram.com/8jzt2hg
22:38:50.459 [main] INFO com.socialmedia.instagram.service.ProfileService -- Adding new profile: username=vaf3, url=https://instagram.com
22:38:50.461 [main] INFO com.socialmedia.instagram.service.ProfileService -- Adding new profile: username=ixk0s2ktzrhn, url=www.instagram.com/000
22:38:50.462 [main] INFO com.socialmedia.instagram.service.ProfileService -- Adding new profile: username=ld2, url=https://www.instagram.com/ejqXd@invalid/
22:38:50.464 [main] INFO com.socialmedia.instagram.service.ProfileService -- Adding new profile: username=q54deppm7zxyqnknaq, url=https://twitter.com/username
22:38:50.467 [main] INFO com.socialmedia.instagram.service.ProfileService -- Adding new profile: username=g7lbm, url=https://instagram.com
22:38:50.469 [main] INFO com.socialmedia.instagram.service.ProfileService -- Adding new profile: username=7lu0hxozsodj4dnorp5g, url=www.instagram.com/wlsifxhejnce3zn3
22:38:50.471 [main] INFO com.socialmedia.instagram.service.ProfileService -- Adding new profile: username=rnp, url=https://www.instagram.com/aaaaa@invalid/
22:38:50.474 [main] INFO com.socialmedia.instagram.service.ProfileService -- Adding new profile: username=zed, url=https://www.instagram.com/ZZZZZ@invalid/
22:38:50.475 [main] INFO com.socialmedia.instagram.service.ProfileService -- Adding new profile: username=aaa, url=https://twitter.com/username
22:38:50.478 [main] INFO com.socialmedia.instagram.service.ProfileService -- Adding new profile: username=zzz, url=https://www.instagram.com/aJcTi space/
22:38:50.479 [main] INFO com.socialmedia.instagram.service.ProfileService -- Adding new profile: username=sphuajaeq, url=https://www.facebook.com/username/
22:38:50.481 [main] INFO com.socialmedia.instagram.service.ProfileService -- Adding new profile: username=6pl3ci51qbo89mjd, url=https://www.facebook.com/username/
22:38:50.482 [main] INFO com.socialmedia.instagram.service.ProfileService -- Adding new profile: username=zzz, url=   
22:38:50.484 [main] INFO com.socialmedia.instagram.service.ProfileService -- Adding new profile: username=qqcv2, url=https://www.instagram.com/TFnZl space/
22:38:50.484 [main] INFO com.socialmedia.instagram.service.ProfileService -- Adding new profile: username=aaa, url=instagram.com/aaa
22:38:50.485 [main] INFO com.socialmedia.instagram.service.ProfileService -- Adding new profile: username=aaa, url=instagram.com/zzz
22:38:50.487 [main] INFO com.socialmedia.instagram.service.ProfileService -- Adding new profile: username=xkmltxkt7, url=instagram.com/zkm
22:38:50.490 [main] INFO com.socialmedia.instagram.service.ProfileService -- Adding new profile: username=3tr, url=https://www.instagram.com/AAAAA@invalid/
22:38:50.493 [main] INFO com.socialmedia.instagram.service.ProfileService -- Adding new profile: username=o47acvxewrupe, url=www.instagram.com/000
22:38:50.494 [main] INFO com.socialmedia.instagram.service.ProfileService -- Adding new profile: username=7sgkc8o, url=www.instagram.com/55sq0e48s46jbbrjel8g
22:38:50.496 [main] INFO com.socialmedia.instagram.service.ProfileService -- Adding new profile: username=1rrps5aov8, url=instagram.com/u78kqa
22:38:50.497 [main] INFO com.socialmedia.instagram.service.ProfileService -- Adding new profile: username=odho8iloeemm, url=https://www.instagram.com/NFXUs space/
22:38:50.497 [main] INFO com.socialmedia.instagram.service.ProfileService -- Adding new profile: username=zzz, url=www.instagram.com/zzz
22:38:50.498 [main] INFO com.socialmedia.instagram.service.ProfileService -- Adding new profile: username=999, url=not-a-url
22:38:50.499 [main] INFO com.socialmedia.instagram.service.ProfileService -- Adding new profile: username=aaa, url=instagram.com/000
22:38:50.501 [main] INFO com.socialmedia.instagram.service.ProfileService -- Adding new profile: username=s4gql9ea1i0, url=https://twitter.com/username
22:38:50.502 [main] INFO com.socialmedia.instagram.service.ProfileService -- Adding new profile: username=r1nos6cx5re9movzptl5, url=https://www.instagram.com/zzzzz space/
22:38:50.502 [main] INFO com.socialmedia.instagram.service.ProfileService -- Adding new profile: username=2qdpfv, url=https://www.instagram.com/
22:38:50.503 [main] INFO com.socialmedia.instagram.service.ProfileService -- Adding new profile: username=xrw4fcr4llkxy, url=https://www.instagram.com/ZZZZZ@invalid/
22:38:50.504 [main] INFO com.socialmedia.instagram.service.ProfileService -- Adding new profile: username=aaa, url=instagram.com/999
22:38:50.506 [main] INFO com.socialmedia.instagram.service.ProfileService -- Adding new profile: username=aaa, url=www.instagram.com/aaa
22:38:50.508 [main] INFO com.socialmedia.instagram.service.ProfileService -- Adding new profile: username=glskqg7, url=https://www.instagram.com/ESIod space/
22:38:50.508 [main] INFO com.socialmedia.instagram.service.ProfileService -- Adding new profile: username=7c9ovg, url=https://www.instagram.com/dGZOW@invalid/
22:38:50.509 [main] INFO com.socialmedia.instagram.service.ProfileService -- Adding new profile: username=b7hxysnkc, url=https://www.facebook.com/username/
22:38:50.510 [main] INFO com.socialmedia.instagram.service.ProfileService -- Adding new profile: username=fp4t, url=https://www.instagram.com/zzzzz space/
22:38:50.511 [main] INFO com.socialmedia.instagram.service.ProfileService -- Adding new profile: username=joy4oa23dr, url=   
22:38:50.513 [main] INFO com.socialmedia.instagram.service.ProfileService -- Adding new profile: username=aaa, url=www.instagram.com/zzz
22:38:50.515 [main] INFO com.socialmedia.instagram.service.ProfileService -- Adding new profile: username=aaa, url=www.instagram.com/000
22:38:50.518 [main] INFO com.socialmedia.instagram.service.ProfileService -- Adding new profile: username=c5eg857d4qu, url=https://instagram.com
22:38:50.520 [main] INFO com.socialmedia.instagram.service.ProfileService -- Adding new profile: username=aaa, url=https://www.instagram.com/gkvOT space/
timestamp = 2026-08-14T22:38:50.524400400, ProfileServicePropertyTest:Property 7: Profile URL Validation - Reject Invalid on Create = 
                              |-----------------------jqwik-----------------------
tries = 50                    | # of calls to property
checks = 50                   | # of not rejected calls
generation = RANDOMIZED       | parameters are randomly generated
after-failure = SAMPLE_FIRST  | try previously failed sample, then previous seed
when-fixed-seed = ALLOW       | fixing the random seed is allowed
edge-cases#mode = MIXIN       | edge cases are mixed in
edge-cases#total = 52         | # of all combined edge cases
edge-cases#tried = 9          | # of edge cases tried in current run
seed = -6245287181628279049   | random seed to reproduce generated values


]]></system-out>
  </testcase>
  <testcase name="Property 8: Business Account Flag - With Valid Token" classname="com.socialmedia.instagram.service.ProfileServicePropertyTest" time="0.165">
    <system-out><![CDATA[22:38:50.552 [main] INFO com.socialmedia.instagram.service.ProfileService -- Adding new profile: username=54s11sazttyo, url=http://www.instagram.com/ciwst34z2/
22:38:50.553 [main] INFO com.socialmedia.instagram.service.ProfileService -- Profile 54s11sazttyo configured with a Graph API token
22:38:50.556 [main] INFO com.socialmedia.instagram.service.ProfileService -- Profile created successfully: id=c90e2ec2-5df4-4662-b338-2807b4b38061, username=54s11sazttyo, isBusinessAccount=true
22:38:50.559 [main] INFO com.socialmedia.instagram.service.ProfileService -- Adding new profile: username=3otll960, url=https://www.instagram.com/83zgqffr1q/
22:38:50.559 [main] INFO com.socialmedia.instagram.service.ProfileService -- Profile 3otll960 configured with a Graph API token
22:38:50.559 [main] INFO com.socialmedia.instagram.service.ProfileService -- Profile created successfully: id=5b22ef25-37c7-4a03-84c5-ebe2411d515f, username=3otll960, isBusinessAccount=true
22:38:50.561 [main] INFO com.socialmedia.instagram.service.ProfileService -- Adding new profile: username=ohi55zzqc, url=http://instagram.com/fu4iv654/
22:38:50.562 [main] INFO com.socialmedia.instagram.service.ProfileService -- Profile ohi55zzqc configured with a Graph API token
22:38:50.562 [main] INFO com.socialmedia.instagram.service.ProfileService -- Profile created successfully: id=479753c4-7f3a-4560-81e8-9957e7d0bec6, username=ohi55zzqc, isBusinessAccount=true
22:38:50.564 [main] INFO com.socialmedia.instagram.service.ProfileService -- Adding new profile: username=f3ue, url=http://www.instagram.com/zuqho/
22:38:50.564 [main] INFO com.socialmedia.instagram.service.ProfileService -- Profile f3ue configured with a Graph API token
22:38:50.564 [main] INFO com.socialmedia.instagram.service.ProfileService -- Profile created successfully: id=9457dd6a-089b-41a7-adf0-dfd1ecb59fe5, username=f3ue, isBusinessAccount=true
22:38:50.565 [main] INFO com.socialmedia.instagram.service.ProfileService -- Adding new profile: username=1dxcaun8lb, url=https://www.instagram.com/h3uqwyth09e/
22:38:50.565 [main] INFO com.socialmedia.instagram.service.ProfileService -- Profile 1dxcaun8lb configured with a Graph API token
22:38:50.566 [main] INFO com.socialmedia.instagram.service.ProfileService -- Profile created successfully: id=df46fcaa-45e4-473c-bc41-1952f7558850, username=1dxcaun8lb, isBusinessAccount=true
22:38:50.567 [main] INFO com.socialmedia.instagram.service.ProfileService -- Adding new profile: username=aaa, url=https://www.instagram.com/aaa/
22:38:50.567 [main] INFO com.socialmedia.instagram.service.ProfileService -- Profile aaa configured with a Graph API token
22:38:50.567 [main] INFO com.socialmedia.instagram.service.ProfileService -- Profile created successfully: id=7ad15bf4-211b-4af2-816c-24be139a430e, username=aaa, isBusinessAccount=true
22:38:50.570 [main] INFO com.socialmedia.instagram.service.ProfileService -- Adding new profile: username=3m49wa, url=http://instagram.com/jyvqsl/
22:38:50.570 [main] INFO com.socialmedia.instagram.service.ProfileService -- Profile 3m49wa configured with a Graph API token
22:38:50.570 [main] INFO com.socialmedia.instagram.service.ProfileService -- Profile created successfully: id=8aa88411-e63a-4472-9480-128f88903347, username=3m49wa, isBusinessAccount=true
22:38:50.570 [main] INFO com.socialmedia.instagram.service.ProfileService -- Adding new profile: username=ohh9idnd7, url=https://www.instagram.com/s5w834i19j3/
22:38:50.571 [main] INFO com.socialmedia.instagram.service.ProfileService -- Profile ohh9idnd7 configured with a Graph API token
22:38:50.571 [main] INFO com.socialmedia.instagram.service.ProfileService -- Profile created successfully: id=5acc4774-c1c3-488d-aac5-530d7aa3a7f3, username=ohh9idnd7, isBusinessAccount=true
22:38:50.573 [main] INFO com.socialmedia.instagram.service.ProfileService -- Adding new profile: username=omydo, url=http://instagram.com/poq1w/
22:38:50.574 [main] INFO com.socialmedia.instagram.service.ProfileService -- Profile omydo configured with a Graph API token
22:38:50.574 [main] INFO com.socialmedia.instagram.service.ProfileService -- Profile created successfully: id=8ba968e8-6d22-4e53-b5b6-65913b22ded7, username=omydo, isBusinessAccount=true
22:38:50.576 [main] INFO com.socialmedia.instagram.service.ProfileService -- Adding new profile: username=0q2v0un4imhak, url=http://www.instagram.com/q5t/
22:38:50.576 [main] INFO com.socialmedia.instagram.service.ProfileService -- Profile 0q2v0un4imhak configured with a Graph API token
22:38:50.576 [main] INFO com.socialmedia.instagram.service.ProfileService -- Profile created successfully: id=d02c32e3-4228-44aa-ab5b-45d80f7ab5b2, username=0q2v0un4imhak, isBusinessAccount=true
22:38:50.577 [main] INFO com.socialmedia.instagram.service.ProfileService -- Adding new profile: username=uozoqm, url=https://www.instagram.com/11tt/
22:38:50.577 [main] INFO com.socialmedia.instagram.service.ProfileService -- Profile uozoqm configured with a Graph API token
22:38:50.577 [main] INFO com.socialmedia.instagram.service.ProfileService -- Profile created successfully: id=889de95a-d229-46b2-8917-0a80d160d0d8, username=uozoqm, isBusinessAccount=true
22:38:50.578 [main] INFO com.socialmedia.instagram.service.ProfileService -- Adding new profile: username=k4asexdsjr33s, url=http://www.instagram.com/999/
22:38:50.578 [main] INFO com.socialmedia.instagram.service.ProfileService -- Profile k4asexdsjr33s configured with a Graph API token
22:38:50.578 [main] INFO com.socialmedia.instagram.service.ProfileService -- Profile created successfully: id=569f266a-36da-4899-b616-72cb880e4030, username=k4asexdsjr33s, isBusinessAccount=true
22:38:50.580 [main] INFO com.socialmedia.instagram.service.ProfileService -- Adding new profile: username=fi43iqywy0u, url=https://www.instagram.com/pudsd9f/
22:38:50.580 [main] INFO com.socialmedia.instagram.service.ProfileService -- Profile fi43iqywy0u configured with a Graph API token
22:38:50.580 [main] INFO com.socialmedia.instagram.service.ProfileService -- Profile created successfully: id=9954704e-0cd1-4f4b-a9a0-f1133cbc8e90, username=fi43iqywy0u, isBusinessAccount=true
22:38:50.581 [main] INFO com.socialmedia.instagram.service.ProfileService -- Adding new profile: username=4t5eq38cps, url=https://instagram.com/wcmas/
22:38:50.582 [main] INFO com.socialmedia.instagram.service.ProfileService -- Profile 4t5eq38cps configured with a Graph API token
22:38:50.582 [main] INFO com.socialmedia.instagram.service.ProfileService -- Profile created successfully: id=80e3ce2e-26c1-4427-9127-2923998a9a5c, username=4t5eq38cps, isBusinessAccount=true
22:38:50.583 [main] INFO com.socialmedia.instagram.service.ProfileService -- Adding new profile: username=klhwn06v, url=https://instagram.com/agtvs0e9bh8/
22:38:50.583 [main] INFO com.socialmedia.instagram.service.ProfileService -- Profile klhwn06v configured with a Graph API token
22:38:50.583 [main] INFO com.socialmedia.instagram.service.ProfileService -- Profile created successfully: id=b9c5ca5e-6d36-44d3-89de-d9b62234e254, username=klhwn06v, isBusinessAccount=true
22:38:50.584 [main] INFO com.socialmedia.instagram.service.ProfileService -- Adding new profile: username=zwfapo7jhn6s31ek04gx, url=https://www.instagram.com/q0rz2rw8ukco/
22:38:50.584 [main] INFO com.socialmedia.instagram.service.ProfileService -- Profile zwfapo7jhn6s31ek04gx configured with a Graph API token
22:38:50.584 [main] INFO com.socialmedia.instagram.service.ProfileService -- Profile created successfully: id=52bc26a9-afaf-45a3-abf9-89fc0e9a6369, username=zwfapo7jhn6s31ek04gx, isBusinessAccount=true
22:38:50.585 [main] INFO com.socialmedia.instagram.service.ProfileService -- Adding new profile: username=kyal, url=http://www.instagram.com/svc6/
22:38:50.586 [main] INFO com.socialmedia.instagram.service.ProfileService -- Profile kyal configured with a Graph API token
22:38:50.586 [main] INFO com.socialmedia.instagram.service.ProfileService -- Profile created successfully: id=2ab2f069-7622-41cf-aa4f-518add0736a8, username=kyal, isBusinessAccount=true
22:38:50.587 [main] INFO com.socialmedia.instagram.service.ProfileService -- Adding new profile: username=wdzd7ac, url=http://instagram.com/3egy/
22:38:50.587 [main] INFO com.socialmedia.instagram.service.ProfileService -- Profile wdzd7ac configured with a Graph API token
22:38:50.587 [main] INFO com.socialmedia.instagram.service.ProfileService -- Profile created successfully: id=2ec07d68-ea34-462f-93fc-80be181686d1, username=wdzd7ac, isBusinessAccount=true
22:38:50.589 [main] INFO com.socialmedia.instagram.service.ProfileService -- Adding new profile: username=3h60k9781wrdq, url=http://instagram.com/76o4qh/
22:38:50.589 [main] INFO com.socialmedia.instagram.service.ProfileService -- Profile 3h60k9781wrdq configured with a Graph API token
22:38:50.589 [main] INFO com.socialmedia.instagram.service.ProfileService -- Profile created successfully: id=2a8a1cfc-b7fc-4276-a361-346245ea7c8e, username=3h60k9781wrdq, isBusinessAccount=true
22:38:50.591 [main] INFO com.socialmedia.instagram.service.ProfileService -- Adding new profile: username=qb8bvj5, url=https://www.instagram.com/vdh2503p99w7y3pm/
22:38:50.591 [main] INFO com.socialmedia.instagram.service.ProfileService -- Profile qb8bvj5 configured with a Graph API token
22:38:50.591 [main] INFO com.socialmedia.instagram.service.ProfileService -- Profile created successfully: id=1d7e4ff9-f0d8-4655-aebb-9d24d5126218, username=qb8bvj5, isBusinessAccount=true
22:38:50.593 [main] INFO com.socialmedia.instagram.service.ProfileService -- Adding new profile: username=ioj4cebq1dy, url=http://www.instagram.com/0v9q94w/
22:38:50.593 [main] INFO com.socialmedia.instagram.service.ProfileService -- Profile ioj4cebq1dy configured with a Graph API token
22:38:50.593 [main] INFO com.socialmedia.instagram.service.ProfileService -- Profile created successfully: id=91810fbc-aef5-4fd1-9ef5-7e8e3390eaf9, username=ioj4cebq1dy, isBusinessAccount=true
22:38:50.594 [main] INFO com.socialmedia.instagram.service.ProfileService -- Adding new profile: username=ixatc1nw4mbz, url=https://instagram.com/z4x/
22:38:50.594 [main] INFO com.socialmedia.instagram.service.ProfileService -- Profile ixatc1nw4mbz configured with a Graph API token
22:38:50.594 [main] INFO com.socialmedia.instagram.service.ProfileService -- Profile created successfully: id=8ba89981-5349-4428-a016-6c9007c1e47f, username=ixatc1nw4mbz, isBusinessAccount=true
22:38:50.595 [main] INFO com.socialmedia.instagram.service.ProfileService -- Adding new profile: username=gsjr4z8ghod7gswue9, url=http://instagram.com/4rd/
22:38:50.595 [main] INFO com.socialmedia.instagram.service.ProfileService -- Profile gsjr4z8ghod7gswue9 configured with a Graph API token
22:38:50.595 [main] INFO com.socialmedia.instagram.service.ProfileService -- Profile created successfully: id=8bc7f6f9-245f-4d40-b2fd-5cf885480dd3, username=gsjr4z8ghod7gswue9, isBusinessAccount=true
22:38:50.595 [main] INFO com.socialmedia.instagram.service.ProfileService -- Adding new profile: username=000, url=https://www.instagram.com/uacmugmp4d/
22:38:50.595 [main] INFO com.socialmedia.instagram.service.ProfileService -- Profile 000 configured with a Graph API token
22:38:50.596 [main] INFO com.socialmedia.instagram.service.ProfileService -- Profile created successfully: id=f8c4cc35-8a60-432a-aa87-94665c3632fc, username=000, isBusinessAccount=true
22:38:50.596 [main] INFO com.socialmedia.instagram.service.ProfileService -- Adding new profile: username=o1ay3dy, url=https://www.instagram.com/rk9crwkbuzj/
22:38:50.597 [main] INFO com.socialmedia.instagram.service.ProfileService -- Profile o1ay3dy configured with a Graph API token
22:38:50.597 [main] INFO com.socialmedia.instagram.service.ProfileService -- Profile created successfully: id=7f67be1e-3864-4b46-ba0c-d61a73f3bbc2, username=o1ay3dy, isBusinessAccount=true
22:38:50.597 [main] INFO com.socialmedia.instagram.service.ProfileService -- Adding new profile: username=aaa, url=https://www.instagram.com/aaa/
22:38:50.597 [main] INFO com.socialmedia.instagram.service.ProfileService -- Profile aaa configured with a Graph API token
22:38:50.597 [main] INFO com.socialmedia.instagram.service.ProfileService -- Profile created successfully: id=14ec2485-4799-4e11-a1c2-f4afd5aa7c09, username=aaa, isBusinessAccount=true
22:38:50.598 [main] INFO com.socialmedia.instagram.service.ProfileService -- Adding new profile: username=xd2g01, url=http://instagram.com/zzz/
22:38:50.598 [main] INFO com.socialmedia.instagram.service.ProfileService -- Profile xd2g01 configured with a Graph API token
22:38:50.598 [main] INFO com.socialmedia.instagram.service.ProfileService -- Profile created successfully: id=48b067ce-a9dc-44de-81c8-b7cd2a96a1e5, username=xd2g01, isBusinessAccount=true
22:38:50.599 [main] INFO com.socialmedia.instagram.service.ProfileService -- Adding new profile: username=e3mrllfcy, url=http://www.instagram.com/brylv8e96iro1/
22:38:50.599 [main] INFO com.socialmedia.instagram.service.ProfileService -- Profile e3mrllfcy configured with a Graph API token
22:38:50.599 [main] INFO com.socialmedia.instagram.service.ProfileService -- Profile created successfully: id=65202061-067a-4510-9367-261e4b66d221, username=e3mrllfcy, isBusinessAccount=true
22:38:50.601 [main] INFO com.socialmedia.instagram.service.ProfileService -- Adding new profile: username=t5z, url=http://instagram.com/20qbqtnhf6k/
22:38:50.601 [main] INFO com.socialmedia.instagram.service.ProfileService -- Profile t5z configured with a Graph API token
22:38:50.601 [main] INFO com.socialmedia.instagram.service.ProfileService -- Profile created successfully: id=10546a17-7d9d-46d6-b237-ccaaf283ce95, username=t5z, isBusinessAccount=true
22:38:50.602 [main] INFO com.socialmedia.instagram.service.ProfileService -- Adding new profile: username=dim, url=http://instagram.com/lu8v9/
22:38:50.602 [main] INFO com.socialmedia.instagram.service.ProfileService -- Profile dim configured with a Graph API token
22:38:50.602 [main] INFO com.socialmedia.instagram.service.ProfileService -- Profile created successfully: id=23cb5182-5085-4cb9-b77e-7bfcb2cbe9d3, username=dim, isBusinessAccount=true
22:38:50.603 [main] INFO com.socialmedia.instagram.service.ProfileService -- Adding new profile: username=kg6zsegy, url=http://www.instagram.com/999/
22:38:50.603 [main] INFO com.socialmedia.instagram.service.ProfileService -- Profile kg6zsegy configured with a Graph API token
22:38:50.603 [main] INFO com.socialmedia.instagram.service.ProfileService -- Profile created successfully: id=f2b96db3-fb48-4dfe-b96e-732ce5f8054d, username=kg6zsegy, isBusinessAccount=true
22:38:50.604 [main] INFO com.socialmedia.instagram.service.ProfileService -- Adding new profile: username=aaa, url=https://www.instagram.com/zzz/
22:38:50.604 [main] INFO com.socialmedia.instagram.service.ProfileService -- Profile aaa configured with a Graph API token
22:38:50.604 [main] INFO com.socialmedia.instagram.service.ProfileService -- Profile created successfully: id=27d29e93-0f02-4667-b353-9f0fdda45e81, username=aaa, isBusinessAccount=true
22:38:50.607 [main] INFO com.socialmedia.instagram.service.ProfileService -- Adding new profile: username=vx1u1, url=http://www.instagram.com/zzz/
22:38:50.607 [main] INFO com.socialmedia.instagram.service.ProfileService -- Profile vx1u1 configured with a Graph API token
22:38:50.607 [main] INFO com.socialmedia.instagram.service.ProfileService -- Profile created successfully: id=f992b00b-52e7-442b-a089-2c78c8f91968, username=vx1u1, isBusinessAccount=true
22:38:50.609 [main] INFO com.socialmedia.instagram.service.ProfileService -- Adding new profile: username=aaa, url=https://www.instagram.com/zzz/
22:38:50.609 [main] INFO com.socialmedia.instagram.service.ProfileService -- Profile aaa configured with a Graph API token
22:38:50.609 [main] INFO com.socialmedia.instagram.service.ProfileService -- Profile created successfully: id=80b8e166-f15a-4baf-813b-48a0746ec12c, username=aaa, isBusinessAccount=true
22:38:50.609 [main] INFO com.socialmedia.instagram.service.ProfileService -- Adding new profile: username=tzpgoxwe, url=http://www.instagram.com/gw3piwd/
22:38:50.609 [main] INFO com.socialmedia.instagram.service.ProfileService -- Profile tzpgoxwe configured with a Graph API token
22:38:50.609 [main] INFO com.socialmedia.instagram.service.ProfileService -- Profile created successfully: id=95a2960f-e2f4-463c-be8b-abf240b588db, username=tzpgoxwe, isBusinessAccount=true
22:38:50.611 [main] INFO com.socialmedia.instagram.service.ProfileService -- Adding new profile: username=65ze, url=http://instagram.com/sxripmi/
22:38:50.611 [main] INFO com.socialmedia.instagram.service.ProfileService -- Profile 65ze configured with a Graph API token
22:38:50.611 [main] INFO com.socialmedia.instagram.service.ProfileService -- Profile created successfully: id=d3e2a98d-aee4-4c40-96b5-789934425719, username=65ze, isBusinessAccount=true
22:38:50.612 [main] INFO com.socialmedia.instagram.service.ProfileService -- Adding new profile: username=m0bp1oa, url=https://www.instagram.com/ie2mu/
22:38:50.612 [main] INFO com.socialmedia.instagram.service.ProfileService -- Profile m0bp1oa configured with a Graph API token
22:38:50.613 [main] INFO com.socialmedia.instagram.service.ProfileService -- Profile created successfully: id=c9796c52-9722-48ba-9fac-49e3ce04b708, username=m0bp1oa, isBusinessAccount=true
22:38:50.613 [main] INFO com.socialmedia.instagram.service.ProfileService -- Adding new profile: username=out0555cjk0, url=https://instagram.com/gpf67n/
22:38:50.614 [main] INFO com.socialmedia.instagram.service.ProfileService -- Profile out0555cjk0 configured with a Graph API token
22:38:50.614 [main] INFO com.socialmedia.instagram.service.ProfileService -- Profile created successfully: id=34a24f6a-5a3b-4aa5-b844-678a61a73d0e, username=out0555cjk0, isBusinessAccount=true
22:38:50.615 [main] INFO com.socialmedia.instagram.service.ProfileService -- Adding new profile: username=999, url=http://www.instagram.com/u2yvq9t/
22:38:50.615 [main] INFO com.socialmedia.instagram.service.ProfileService -- Profile 999 configured with a Graph API token
22:38:50.615 [main] INFO com.socialmedia.instagram.service.ProfileService -- Profile created successfully: id=83de06aa-1957-416a-a550-4ebf2c8d168b, username=999, isBusinessAccount=true
22:38:50.615 [main] INFO com.socialmedia.instagram.service.ProfileService -- Adding new profile: username=a3rdp6kwkknbnw7, url=https://instagram.com/dyvb94g9bqf/
22:38:50.615 [main] INFO com.socialmedia.instagram.service.ProfileService -- Profile a3rdp6kwkknbnw7 configured with a Graph API token
22:38:50.615 [main] INFO com.socialmedia.instagram.service.ProfileService -- Profile created successfully: id=d56c5d0c-bde6-45db-b466-8c93f2bf4658, username=a3rdp6kwkknbnw7, isBusinessAccount=true
22:38:50.617 [main] INFO com.socialmedia.instagram.service.ProfileService -- Adding new profile: username=nhkv, url=https://instagram.com/vocfshs5114/
22:38:50.617 [main] INFO com.socialmedia.instagram.service.ProfileService -- Profile nhkv configured with a Graph API token
22:38:50.617 [main] INFO com.socialmedia.instagram.service.ProfileService -- Profile created successfully: id=a54efc67-04b2-4600-a3cf-b9a8a00aee6d, username=nhkv, isBusinessAccount=true
22:38:50.618 [main] INFO com.socialmedia.instagram.service.ProfileService -- Adding new profile: username=m1vel5, url=http://instagram.com/cduihr1ttapd/
22:38:50.618 [main] INFO com.socialmedia.instagram.service.ProfileService -- Profile m1vel5 configured with a Graph API token
22:38:50.619 [main] INFO com.socialmedia.instagram.service.ProfileService -- Profile created successfully: id=ab1a3ebd-a535-4da3-8a92-c7810428e320, username=m1vel5, isBusinessAccount=true
22:38:50.620 [main] INFO com.socialmedia.instagram.service.ProfileService -- Adding new profile: username=spikpjmjf, url=https://instagram.com/6v3kwrqh9/
22:38:50.620 [main] INFO com.socialmedia.instagram.service.ProfileService -- Profile spikpjmjf configured with a Graph API token
22:38:50.620 [main] INFO com.socialmedia.instagram.service.ProfileService -- Profile created successfully: id=fb6d9e60-87a0-43c8-a875-52b64c7951ff, username=spikpjmjf, isBusinessAccount=true
22:38:50.621 [main] INFO com.socialmedia.instagram.service.ProfileService -- Adding new profile: username=pe7w0ei46j39xhygf, url=https://www.instagram.com/ongh5/
22:38:50.621 [main] INFO com.socialmedia.instagram.service.ProfileService -- Profile pe7w0ei46j39xhygf configured with a Graph API token
22:38:50.621 [main] INFO com.socialmedia.instagram.service.ProfileService -- Profile created successfully: id=1c1ab1b1-770d-4991-8df5-bb1156701f52, username=pe7w0ei46j39xhygf, isBusinessAccount=true
22:38:50.622 [main] INFO com.socialmedia.instagram.service.ProfileService -- Adding new profile: username=peebq4c5melo7jxwb9, url=http://instagram.com/f16b2507bk/
22:38:50.622 [main] INFO com.socialmedia.instagram.service.ProfileService -- Profile peebq4c5melo7jxwb9 configured with a Graph API token
22:38:50.622 [main] INFO com.socialmedia.instagram.service.ProfileService -- Profile created successfully: id=84a639d0-de80-4667-893d-d77b6aab9385, username=peebq4c5melo7jxwb9, isBusinessAccount=true
22:38:50.624 [main] INFO com.socialmedia.instagram.service.ProfileService -- Adding new profile: username=gl6lupbp, url=http://www.instagram.com/9sxnsyg/
22:38:50.624 [main] INFO com.socialmedia.instagram.service.ProfileService -- Profile gl6lupbp configured with a Graph API token
22:38:50.624 [main] INFO com.socialmedia.instagram.service.ProfileService -- Profile created successfully: id=1611ea20-fd02-422b-8126-0400d256be6e, username=gl6lupbp, isBusinessAccount=true
22:38:50.624 [main] INFO com.socialmedia.instagram.service.ProfileService -- Adding new profile: username=aaa, url=https://www.instagram.com/000/
22:38:50.624 [main] INFO com.socialmedia.instagram.service.ProfileService -- Profile aaa configured with a Graph API token
22:38:50.625 [main] INFO com.socialmedia.instagram.service.ProfileService -- Profile created successfully: id=6a9d0e15-b9c3-4458-bc05-0f50711cfad6, username=aaa, isBusinessAccount=true
22:38:50.625 [main] INFO com.socialmedia.instagram.service.ProfileService -- Adding new profile: username=aaa, url=https://www.instagram.com/000/
22:38:50.625 [main] INFO com.socialmedia.instagram.service.ProfileService -- Profile aaa configured with a Graph API token
22:38:50.625 [main] INFO com.socialmedia.instagram.service.ProfileService -- Profile created successfully: id=0c8d0537-01a6-4829-bf09-cd1625294517, username=aaa, isBusinessAccount=true
22:38:50.625 [main] INFO com.socialmedia.instagram.service.ProfileService -- Adding new profile: username=a0q79l, url=https://instagram.com/jes6rtxs38fwioix9cx9/
22:38:50.627 [main] INFO com.socialmedia.instagram.service.ProfileService -- Profile a0q79l configured with a Graph API token
22:38:50.627 [main] INFO com.socialmedia.instagram.service.ProfileService -- Profile created successfully: id=a1f111c3-14ec-4ba9-9491-b0a2449ebaf1, username=a0q79l, isBusinessAccount=true
22:38:50.627 [main] INFO com.socialmedia.instagram.service.ProfileService -- Adding new profile: username=f34hqoeuc6, url=http://instagram.com/jon/
22:38:50.627 [main] INFO com.socialmedia.instagram.service.ProfileService -- Profile f34hqoeuc6 configured with a Graph API token
22:38:50.627 [main] INFO com.socialmedia.instagram.service.ProfileService -- Profile created successfully: id=81f298e1-a5e5-475c-93a7-1cddd2c4a703, username=f34hqoeuc6, isBusinessAccount=true
22:38:50.628 [main] INFO com.socialmedia.instagram.service.ProfileService -- Adding new profile: username=5qc49ysmr627tu5parxb, url=https://www.instagram.com/756rik/
22:38:50.628 [main] INFO com.socialmedia.instagram.service.ProfileService -- Profile 5qc49ysmr627tu5parxb configured with a Graph API token
22:38:50.628 [main] INFO com.socialmedia.instagram.service.ProfileService -- Profile created successfully: id=b4eb37fd-8f05-44a0-8c63-76c6b5bc3442, username=5qc49ysmr627tu5parxb, isBusinessAccount=true
22:38:50.628 [main] INFO com.socialmedia.instagram.service.ProfileService -- Adding new profile: username=hlk7o14340o, url=http://www.instagram.com/f9pt27sb3fcujnw/
22:38:50.628 [main] INFO com.socialmedia.instagram.service.ProfileService -- Profile hlk7o14340o configured with a Graph API token
22:38:50.628 [main] INFO com.socialmedia.instagram.service.ProfileService -- Profile created successfully: id=2e613a68-c968-481b-b88c-7acc33b73b16, username=hlk7o14340o, isBusinessAccount=true
22:38:50.629 [main] INFO com.socialmedia.instagram.service.ProfileService -- Adding new profile: username=o5u, url=https://instagram.com/z5sm13b6y1z/
22:38:50.629 [main] INFO com.socialmedia.instagram.service.ProfileService -- Profile o5u configured with a Graph API token
22:38:50.629 [main] INFO com.socialmedia.instagram.service.ProfileService -- Profile created successfully: id=18f5b307-7b92-4692-a9a5-e4d625af97d0, username=o5u, isBusinessAccount=true
22:38:50.630 [main] INFO com.socialmedia.instagram.service.ProfileService -- Adding new profile: username=ivqgazg, url=https://www.instagram.com/qru7kpun4ez/
22:38:50.630 [main] INFO com.socialmedia.instagram.service.ProfileService -- Profile ivqgazg configured with a Graph API token
22:38:50.630 [main] INFO com.socialmedia.instagram.service.ProfileService -- Profile created successfully: id=478d11fe-8071-4a5a-a20a-1add83230bba, username=ivqgazg, isBusinessAccount=true
22:38:50.631 [main] INFO com.socialmedia.instagram.service.ProfileService -- Adding new profile: username=22n715c, url=https://instagram.com/d4znvdj94l05/
22:38:50.631 [main] INFO com.socialmedia.instagram.service.ProfileService -- Profile 22n715c configured with a Graph API token
22:38:50.631 [main] INFO com.socialmedia.instagram.service.ProfileService -- Profile created successfully: id=b1c5ff38-d6cf-4815-b16f-36d97772c89d, username=22n715c, isBusinessAccount=true
22:38:50.633 [main] INFO com.socialmedia.instagram.service.ProfileService -- Adding new profile: username=aaa, url=http://instagram.com/d8ladsb3v/
22:38:50.633 [main] INFO com.socialmedia.instagram.service.ProfileService -- Profile aaa configured with a Graph API token
22:38:50.633 [main] INFO com.socialmedia.instagram.service.ProfileService -- Profile created successfully: id=699b30bb-f18b-4282-8a93-3aecfc42148e, username=aaa, isBusinessAccount=true
22:38:50.633 [main] INFO com.socialmedia.instagram.service.ProfileService -- Adding new profile: username=lxv2rg, url=http://instagram.com/6tgh2v/
22:38:50.633 [main] INFO com.socialmedia.instagram.service.ProfileService -- Profile lxv2rg configured with a Graph API token
22:38:50.633 [main] INFO com.socialmedia.instagram.service.ProfileService -- Profile created successfully: id=0fb8f49a-22d9-453e-b998-56181a9b8cb4, username=lxv2rg, isBusinessAccount=true
22:38:50.634 [main] INFO com.socialmedia.instagram.service.ProfileService -- Adding new profile: username=397t, url=https://instagram.com/2vuq63nypynck/
22:38:50.634 [main] INFO com.socialmedia.instagram.service.ProfileService -- Profile 397t configured with a Graph API token
22:38:50.634 [main] INFO com.socialmedia.instagram.service.ProfileService -- Profile created successfully: id=9d54cbe2-ef87-49c1-838c-47ba58c9e00c, username=397t, isBusinessAccount=true
22:38:50.634 [main] INFO com.socialmedia.instagram.service.ProfileService -- Adding new profile: username=s79hg4tt0ju, url=https://www.instagram.com/000/
22:38:50.634 [main] INFO com.socialmedia.instagram.service.ProfileService -- Profile s79hg4tt0ju configured with a Graph API token
22:38:50.634 [main] INFO com.socialmedia.instagram.service.ProfileService -- Profile created successfully: id=acb8c18f-9c05-4166-9352-e92440b390a3, username=s79hg4tt0ju, isBusinessAccount=true
22:38:50.635 [main] INFO com.socialmedia.instagram.service.ProfileService -- Adding new profile: username=hrnapnj8utl9f, url=https://instagram.com/aaa/
22:38:50.635 [main] INFO com.socialmedia.instagram.service.ProfileService -- Profile hrnapnj8utl9f configured with a Graph API token
22:38:50.635 [main] INFO com.socialmedia.instagram.service.ProfileService -- Profile created successfully: id=558d57c1-1cb2-414f-83ee-87e0182a6591, username=hrnapnj8utl9f, isBusinessAccount=true
22:38:50.637 [main] INFO com.socialmedia.instagram.service.ProfileService -- Adding new profile: username=4jj5h, url=http://instagram.com/rin8eq38ouoneyy/
22:38:50.637 [main] INFO com.socialmedia.instagram.service.ProfileService -- Profile 4jj5h configured with a Graph API token
22:38:50.637 [main] INFO com.socialmedia.instagram.service.ProfileService -- Profile created successfully: id=62632ddc-1f49-46af-9299-4ebbac7c38f4, username=4jj5h, isBusinessAccount=true
22:38:50.638 [main] INFO com.socialmedia.instagram.service.ProfileService -- Adding new profile: username=ar3dr4va4ofgrw8206qu, url=http://instagram.com/g8dbe/
22:38:50.639 [main] INFO com.socialmedia.instagram.service.ProfileService -- Profile ar3dr4va4ofgrw8206qu configured with a Graph API token
22:38:50.639 [main] INFO com.socialmedia.instagram.service.ProfileService -- Profile created successfully: id=46651724-b3f2-4a0c-ab0b-73e9cc079d6c, username=ar3dr4va4ofgrw8206qu, isBusinessAccount=true
22:38:50.640 [main] INFO com.socialmedia.instagram.service.ProfileService -- Adding new profile: username=q0jrw85b79zu6, url=http://instagram.com/aaa/
22:38:50.641 [main] INFO com.socialmedia.instagram.service.ProfileService -- Profile q0jrw85b79zu6 configured with a Graph API token
22:38:50.641 [main] INFO com.socialmedia.instagram.service.ProfileService -- Profile created successfully: id=a2b9e14c-f917-4064-a8c2-d44fb14e55a8, username=q0jrw85b79zu6, isBusinessAccount=true
22:38:50.642 [main] INFO com.socialmedia.instagram.service.ProfileService -- Adding new profile: username=zcaqc, url=http://instagram.com/8qjvx03bjh0d/
22:38:50.642 [main] INFO com.socialmedia.instagram.service.ProfileService -- Profile zcaqc configured with a Graph API token
22:38:50.642 [main] INFO com.socialmedia.instagram.service.ProfileService -- Profile created successfully: id=40bd99f8-7653-4949-8c2d-ffdf5f123820, username=zcaqc, isBusinessAccount=true
22:38:50.642 [main] INFO com.socialmedia.instagram.service.ProfileService -- Adding new profile: username=emdwuxg3z6ajco, url=https://www.instagram.com/4rt/
22:38:50.643 [main] INFO com.socialmedia.instagram.service.ProfileService -- Profile emdwuxg3z6ajco configured with a Graph API token
22:38:50.643 [main] INFO com.socialmedia.instagram.service.ProfileService -- Profile created successfully: id=53301cf1-3a45-4ad1-b0ee-1954e542380d, username=emdwuxg3z6ajco, isBusinessAccount=true
22:38:50.644 [main] INFO com.socialmedia.instagram.service.ProfileService -- Adding new profile: username=b183d60b3ogo, url=https://www.instagram.com/cv3t4qe4/
22:38:50.644 [main] INFO com.socialmedia.instagram.service.ProfileService -- Profile b183d60b3ogo configured with a Graph API token
22:38:50.644 [main] INFO com.socialmedia.instagram.service.ProfileService -- Profile created successfully: id=959c37bc-8f78-4e09-8c59-e726fca9afcf, username=b183d60b3ogo, isBusinessAccount=true
22:38:50.644 [main] INFO com.socialmedia.instagram.service.ProfileService -- Adding new profile: username=7np018q7b, url=http://www.instagram.com/ad6rh/
22:38:50.644 [main] INFO com.socialmedia.instagram.service.ProfileService -- Profile 7np018q7b configured with a Graph API token
22:38:50.644 [main] INFO com.socialmedia.instagram.service.ProfileService -- Profile created successfully: id=f0631f00-40aa-4293-a48b-8436fcbb80c1, username=7np018q7b, isBusinessAccount=true
22:38:50.645 [main] INFO com.socialmedia.instagram.service.ProfileService -- Adding new profile: username=zzz, url=http://instagram.com/smcgvly0x9j/
22:38:50.645 [main] INFO com.socialmedia.instagram.service.ProfileService -- Profile zzz configured with a Graph API token
22:38:50.645 [main] INFO com.socialmedia.instagram.service.ProfileService -- Profile created successfully: id=dc3a8c92-c6d4-4f20-a37f-b93b872f1125, username=zzz, isBusinessAccount=true
22:38:50.646 [main] INFO com.socialmedia.instagram.service.ProfileService -- Adding new profile: username=n9r4xqqpz, url=http://instagram.com/p2ybcf90gv3u5/
22:38:50.646 [main] INFO com.socialmedia.instagram.service.ProfileService -- Profile n9r4xqqpz configured with a Graph API token
22:38:50.646 [main] INFO com.socialmedia.instagram.service.ProfileService -- Profile created successfully: id=b2123cf1-13ff-45bd-be12-698313726178, username=n9r4xqqpz, isBusinessAccount=true
22:38:50.646 [main] INFO com.socialmedia.instagram.service.ProfileService -- Adding new profile: username=8120dsg, url=http://www.instagram.com/2w13cfswt07ti/
22:38:50.646 [main] INFO com.socialmedia.instagram.service.ProfileService -- Profile 8120dsg configured with a Graph API token
22:38:50.646 [main] INFO com.socialmedia.instagram.service.ProfileService -- Profile created successfully: id=9fb71f5b-c6ae-41f6-937f-b31d01a00b45, username=8120dsg, isBusinessAccount=true
22:38:50.648 [main] INFO com.socialmedia.instagram.service.ProfileService -- Adding new profile: username=ev960j5qi, url=http://www.instagram.com/999/
22:38:50.648 [main] INFO com.socialmedia.instagram.service.ProfileService -- Profile ev960j5qi configured with a Graph API token
22:38:50.648 [main] INFO com.socialmedia.instagram.service.ProfileService -- Profile created successfully: id=fca6d857-4ebe-44a4-a3d0-ee8d13c5e784, username=ev960j5qi, isBusinessAccount=true
22:38:50.649 [main] INFO com.socialmedia.instagram.service.ProfileService -- Adding new profile: username=h8w7frxycq, url=https://instagram.com/g8ha/
22:38:50.649 [main] INFO com.socialmedia.instagram.service.ProfileService -- Profile h8w7frxycq configured with a Graph API token
22:38:50.649 [main] INFO com.socialmedia.instagram.service.ProfileService -- Profile created successfully: id=6d4f4a43-cffb-40f8-8f0b-54996e083706, username=h8w7frxycq, isBusinessAccount=true
22:38:50.649 [main] INFO com.socialmedia.instagram.service.ProfileService -- Adding new profile: username=zue72vbtvynxv, url=https://instagram.com/uplh/
22:38:50.649 [main] INFO com.socialmedia.instagram.service.ProfileService -- Profile zue72vbtvynxv configured with a Graph API token
22:38:50.649 [main] INFO com.socialmedia.instagram.service.ProfileService -- Profile created successfully: id=5183f879-4fe0-461d-867d-156c30b169dd, username=zue72vbtvynxv, isBusinessAccount=true
22:38:50.650 [main] INFO com.socialmedia.instagram.service.ProfileService -- Adding new profile: username=aaa, url=https://www.instagram.com/999/
22:38:50.650 [main] INFO com.socialmedia.instagram.service.ProfileService -- Profile aaa configured with a Graph API token
22:38:50.650 [main] INFO com.socialmedia.instagram.service.ProfileService -- Profile created successfully: id=08635ca2-dbfe-4849-887c-d52264eb9be6, username=aaa, isBusinessAccount=true
22:38:50.651 [main] INFO com.socialmedia.instagram.service.ProfileService -- Adding new profile: username=i6nvja9v47, url=https://instagram.com/oktkpn/
22:38:50.651 [main] INFO com.socialmedia.instagram.service.ProfileService -- Profile i6nvja9v47 configured with a Graph API token
22:38:50.651 [main] INFO com.socialmedia.instagram.service.ProfileService -- Profile created successfully: id=c345c940-8917-40f3-8933-0f2b4d2e71ec, username=i6nvja9v47, isBusinessAccount=true
22:38:50.651 [main] INFO com.socialmedia.instagram.service.ProfileService -- Adding new profile: username=wu8zx8d49, url=http://www.instagram.com/i1l/
22:38:50.651 [main] INFO com.socialmedia.instagram.service.ProfileService -- Profile wu8zx8d49 configured with a Graph API token
22:38:50.651 [main] INFO com.socialmedia.instagram.service.ProfileService -- Profile created successfully: id=39e529c9-b693-4730-ae97-d08f1bae0860, username=wu8zx8d49, isBusinessAccount=true
22:38:50.654 [main] INFO com.socialmedia.instagram.service.ProfileService -- Adding new profile: username=80j9rg581s0t4z, url=https://www.instagram.com/m23em/
22:38:50.654 [main] INFO com.socialmedia.instagram.service.ProfileService -- Profile 80j9rg581s0t4z configured with a Graph API token
22:38:50.654 [main] INFO com.socialmedia.instagram.service.ProfileService -- Profile created successfully: id=5f459d02-57da-41f6-b624-30481d207cf5, username=80j9rg581s0t4z, isBusinessAccount=true
22:38:50.654 [main] INFO com.socialmedia.instagram.service.ProfileService -- Adding new profile: username=78e, url=http://www.instagram.com/ub6rurlevx8/
22:38:50.654 [main] INFO com.socialmedia.instagram.service.ProfileService -- Profile 78e configured with a Graph API token
22:38:50.655 [main] INFO com.socialmedia.instagram.service.ProfileService -- Profile created successfully: id=8f01b895-7952-4e73-abb6-d76a39a82902, username=78e, isBusinessAccount=true
22:38:50.659 [main] INFO com.socialmedia.instagram.service.ProfileService -- Adding new profile: username=kdpd, url=http://www.instagram.com/vihcsazn/
22:38:50.659 [main] INFO com.socialmedia.instagram.service.ProfileService -- Profile kdpd configured with a Graph API token
22:38:50.659 [main] INFO com.socialmedia.instagram.service.ProfileService -- Profile created successfully: id=681e0ec9-5478-476a-a638-1c81b67fe9bd, username=kdpd, isBusinessAccount=true
22:38:50.661 [main] INFO com.socialmedia.instagram.service.ProfileService -- Adding new profile: username=19gux875cy1, url=https://instagram.com/1xeo45ecou5l0sfg6/
22:38:50.661 [main] INFO com.socialmedia.instagram.service.ProfileService -- Profile 19gux875cy1 configured with a Graph API token
22:38:50.661 [main] INFO com.socialmedia.instagram.service.ProfileService -- Profile created successfully: id=0ef4054e-4abc-46cb-a94e-041ea029876d, username=19gux875cy1, isBusinessAccount=true
22:38:50.664 [main] INFO com.socialmedia.instagram.service.ProfileService -- Adding new profile: username=aaa, url=https://www.instagram.com/999/
22:38:50.664 [main] INFO com.socialmedia.instagram.service.ProfileService -- Profile aaa configured with a Graph API token
22:38:50.664 [main] INFO com.socialmedia.instagram.service.ProfileService -- Profile created successfully: id=f766bd28-3884-410c-b40d-ff5ae741204d, username=aaa, isBusinessAccount=true
22:38:50.665 [main] INFO com.socialmedia.instagram.service.ProfileService -- Adding new profile: username=z1yl4i83o, url=http://instagram.com/38y/
22:38:50.665 [main] INFO com.socialmedia.instagram.service.ProfileService -- Profile z1yl4i83o configured with a Graph API token
22:38:50.665 [main] INFO com.socialmedia.instagram.service.ProfileService -- Profile created successfully: id=15dae318-0505-4e3f-8ac3-f74da930abe1, username=z1yl4i83o, isBusinessAccount=true
22:38:50.666 [main] INFO com.socialmedia.instagram.service.ProfileService -- Adding new profile: username=0v1sfr, url=http://www.instagram.com/bke1ztpp8/
22:38:50.666 [main] INFO com.socialmedia.instagram.service.ProfileService -- Profile 0v1sfr configured with a Graph API token
22:38:50.666 [main] INFO com.socialmedia.instagram.service.ProfileService -- Profile created successfully: id=3fde4c7c-9060-4130-90e6-c817ac356d17, username=0v1sfr, isBusinessAccount=true
22:38:50.667 [main] INFO com.socialmedia.instagram.service.ProfileService -- Adding new profile: username=6lk1gx5716, url=https://www.instagram.com/spf1di224sqh/
22:38:50.667 [main] INFO com.socialmedia.instagram.service.ProfileService -- Profile 6lk1gx5716 configured with a Graph API token
22:38:50.667 [main] INFO com.socialmedia.instagram.service.ProfileService -- Profile created successfully: id=32eb0aab-5fc8-4883-8fbb-16234cf3c805, username=6lk1gx5716, isBusinessAccount=true
22:38:50.668 [main] INFO com.socialmedia.instagram.service.ProfileService -- Adding new profile: username=1zltwtv1, url=http://www.instagram.com/l1c43d/
22:38:50.668 [main] INFO com.socialmedia.instagram.service.ProfileService -- Profile 1zltwtv1 configured with a Graph API token
22:38:50.668 [main] INFO com.socialmedia.instagram.service.ProfileService -- Profile created successfully: id=4128dc3f-85d3-4fc1-9cd0-6488191e8246, username=1zltwtv1, isBusinessAccount=true
22:38:50.669 [main] INFO com.socialmedia.instagram.service.ProfileService -- Adding new profile: username=aaa, url=https://instagram.com/aaa/
22:38:50.669 [main] INFO com.socialmedia.instagram.service.ProfileService -- Profile aaa configured with a Graph API token
22:38:50.669 [main] INFO com.socialmedia.instagram.service.ProfileService -- Profile created successfully: id=4586507d-fcee-4f14-bd6e-b5c5c14de95d, username=aaa, isBusinessAccount=true
22:38:50.669 [main] INFO com.socialmedia.instagram.service.ProfileService -- Adding new profile: username=2qdgk3ck477lzfywz7, url=https://www.instagram.com/6q04m72m6/
22:38:50.669 [main] INFO com.socialmedia.instagram.service.ProfileService -- Profile 2qdgk3ck477lzfywz7 configured with a Graph API token
22:38:50.671 [main] INFO com.socialmedia.instagram.service.ProfileService -- Profile created successfully: id=411f6c1f-3694-41bd-9812-6adc622db455, username=2qdgk3ck477lzfywz7, isBusinessAccount=true
22:38:50.673 [main] INFO com.socialmedia.instagram.service.ProfileService -- Adding new profile: username=2auf9ll, url=https://instagram.com/999/
22:38:50.673 [main] INFO com.socialmedia.instagram.service.ProfileService -- Profile 2auf9ll configured with a Graph API token
22:38:50.673 [main] INFO com.socialmedia.instagram.service.ProfileService -- Profile created successfully: id=d2290f05-9e29-4ea6-9997-14250149115b, username=2auf9ll, isBusinessAccount=true
22:38:50.674 [main] INFO com.socialmedia.instagram.service.ProfileService -- Adding new profile: username=aaa, url=https://instagram.com/aaa/
22:38:50.674 [main] INFO com.socialmedia.instagram.service.ProfileService -- Profile aaa configured with a Graph API token
22:38:50.674 [main] INFO com.socialmedia.instagram.service.ProfileService -- Profile created successfully: id=ba9ef658-8e63-40be-a9fe-d6f51dc422e1, username=aaa, isBusinessAccount=true
22:38:50.674 [main] INFO com.socialmedia.instagram.service.ProfileService -- Adding new profile: username=uxvq1c1, url=http://instagram.com/apz0/
22:38:50.674 [main] INFO com.socialmedia.instagram.service.ProfileService -- Profile uxvq1c1 configured with a Graph API token
22:38:50.676 [main] INFO com.socialmedia.instagram.service.ProfileService -- Profile created successfully: id=0f483d95-a0f6-41b1-93fd-ae403193dc24, username=uxvq1c1, isBusinessAccount=true
22:38:50.677 [main] INFO com.socialmedia.instagram.service.ProfileService -- Adding new profile: username=fwyvt3hl, url=http://www.instagram.com/4my6hicwy5sah1ujs/
22:38:50.677 [main] INFO com.socialmedia.instagram.service.ProfileService -- Profile fwyvt3hl configured with a Graph API token
22:38:50.677 [main] INFO com.socialmedia.instagram.service.ProfileService -- Profile created successfully: id=b44232a1-c001-4aa7-b8df-17725ce94793, username=fwyvt3hl, isBusinessAccount=true
22:38:50.677 [main] INFO com.socialmedia.instagram.service.ProfileService -- Adding new profile: username=kqsthxzvm, url=https://instagram.com/3il8iomxpyq/
22:38:50.677 [main] INFO com.socialmedia.instagram.service.ProfileService -- Profile kqsthxzvm configured with a Graph API token
22:38:50.678 [main] INFO com.socialmedia.instagram.service.ProfileService -- Profile created successfully: id=dc00134d-fbca-48a4-9f72-d3feef1a1099, username=kqsthxzvm, isBusinessAccount=true
22:38:50.678 [main] INFO com.socialmedia.instagram.service.ProfileService -- Adding new profile: username=aaa, url=https://instagram.com/zzz/
22:38:50.678 [main] INFO com.socialmedia.instagram.service.ProfileService -- Profile aaa configured with a Graph API token
22:38:50.678 [main] INFO com.socialmedia.instagram.service.ProfileService -- Profile created successfully: id=fc1c04c7-b2fb-487a-aa46-9cee81186d9b, username=aaa, isBusinessAccount=true
22:38:50.679 [main] INFO com.socialmedia.instagram.service.ProfileService -- Adding new profile: username=vndaet3gpf2, url=https://www.instagram.com/999/
22:38:50.679 [main] INFO com.socialmedia.instagram.service.ProfileService -- Profile vndaet3gpf2 configured with a Graph API token
22:38:50.679 [main] INFO com.socialmedia.instagram.service.ProfileService -- Profile created successfully: id=ca016803-96f3-4dfa-8925-44a2fbfd1df9, username=vndaet3gpf2, isBusinessAccount=true
22:38:50.681 [main] INFO com.socialmedia.instagram.service.ProfileService -- Adding new profile: username=3sj8pdkmf, url=http://instagram.com/6k8e9m53ruz6/
22:38:50.681 [main] INFO com.socialmedia.instagram.service.ProfileService -- Profile 3sj8pdkmf configured with a Graph API token
22:38:50.681 [main] INFO com.socialmedia.instagram.service.ProfileService -- Profile created successfully: id=967c3a96-4ac0-496d-84da-3b98cfaa0e9b, username=3sj8pdkmf, isBusinessAccount=true
22:38:50.682 [main] INFO com.socialmedia.instagram.service.ProfileService -- Adding new profile: username=p63xkuua5zfivo0r703a, url=https://www.instagram.com/86vpgmn1/
22:38:50.682 [main] INFO com.socialmedia.instagram.service.ProfileService -- Profile p63xkuua5zfivo0r703a configured with a Graph API token
22:38:50.682 [main] INFO com.socialmedia.instagram.service.ProfileService -- Profile created successfully: id=24c63e51-2c8a-46d7-bdfc-98e7efdd1b4c, username=p63xkuua5zfivo0r703a, isBusinessAccount=true
22:38:50.684 [main] INFO com.socialmedia.instagram.service.ProfileService -- Adding new profile: username=2dh, url=http://www.instagram.com/usflv/
22:38:50.685 [main] INFO com.socialmedia.instagram.service.ProfileService -- Profile 2dh configured with a Graph API token
22:38:50.685 [main] INFO com.socialmedia.instagram.service.ProfileService -- Profile created successfully: id=b2b63dae-4b09-42fb-aa3a-fadc5bc4c966, username=2dh, isBusinessAccount=true
22:38:50.685 [main] INFO com.socialmedia.instagram.service.ProfileService -- Adding new profile: username=b1eanb, url=https://instagram.com/aaa/
22:38:50.685 [main] INFO com.socialmedia.instagram.service.ProfileService -- Profile b1eanb configured with a Graph API token
22:38:50.685 [main] INFO com.socialmedia.instagram.service.ProfileService -- Profile created successfully: id=619e5bbc-ad35-4a92-bbf0-d2e513602916, username=b1eanb, isBusinessAccount=true
22:38:50.687 [main] INFO com.socialmedia.instagram.service.ProfileService -- Adding new profile: username=co4dywgihk33, url=https://www.instagram.com/c04pqr2gq1z/
22:38:50.687 [main] INFO com.socialmedia.instagram.service.ProfileService -- Profile co4dywgihk33 configured with a Graph API token
22:38:50.687 [main] INFO com.socialmedia.instagram.service.ProfileService -- Profile created successfully: id=33d0ee0d-cbbf-4c8c-888b-7fddac120326, username=co4dywgihk33, isBusinessAccount=true
22:38:50.688 [main] INFO com.socialmedia.instagram.service.ProfileService -- Adding new profile: username=42awepa3afl9e96gtxll, url=http://instagram.com/12gw693hwzne1/
22:38:50.688 [main] INFO com.socialmedia.instagram.service.ProfileService -- Profile 42awepa3afl9e96gtxll configured with a Graph API token
22:38:50.688 [main] INFO com.socialmedia.instagram.service.ProfileService -- Profile created successfully: id=5cc0a028-d920-436d-aae8-7feb58db9162, username=42awepa3afl9e96gtxll, isBusinessAccount=true
timestamp = 2026-08-14T22:38:50.690903, ProfileServicePropertyTest:Property 8: Business Account Flag - With Valid Token = 
                              |-----------------------jqwik-----------------------
tries = 100                   | # of calls to property
checks = 100                  | # of not rejected calls
generation = RANDOMIZED       | parameters are randomly generated
after-failure = SAMPLE_FIRST  | try previously failed sample, then previous seed
when-fixed-seed = ALLOW       | fixing the random seed is allowed
edge-cases#mode = MIXIN       | edge cases are mixed in
edge-cases#total = 128        | # of all combined edge cases
edge-cases#tried = 11         | # of edge cases tried in current run
seed = -6224004635238883294   | random seed to reproduce generated values


]]></system-out>
    <system-err><![CDATA[Aug 14, 2026 10:38:50 PM net.jqwik.engine.properties.RandomizedShrinkablesGenerator logEdgeCasesOutnumberTriesIfApplicable
INFO: Edge case generation exceeds number of tries. Stopped after 128 generated cases.
]]></system-err>
  </testcase>
  <testcase name="Property 7: Profile URL Validation - Valid URLs" classname="com.socialmedia.instagram.service.ProfileServicePropertyTest" time="0.042">
    <system-out><![CDATA[timestamp = 2026-08-14T22:38:50.733277700, ProfileServicePropertyTest:Property 7: Profile URL Validation - Valid URLs = 
                              |-----------------------jqwik-----------------------
tries = 100                   | # of calls to property
checks = 100                  | # of not rejected calls
generation = RANDOMIZED       | parameters are randomly generated
after-failure = SAMPLE_FIRST  | try previously failed sample, then previous seed
when-fixed-seed = ALLOW       | fixing the random seed is allowed
edge-cases#mode = MIXIN       | edge cases are mixed in
edge-cases#total = 16         | # of all combined edge cases
edge-cases#tried = 15         | # of edge cases tried in current run
seed = 6155189269175295313    | random seed to reproduce generated values


]]></system-out>
  </testcase>
  <testcase name="Property 8: Business Account Flag - Without Token" classname="com.socialmedia.instagram.service.ProfileServicePropertyTest" time="0.117">
    <system-out><![CDATA[22:38:50.758 [main] INFO com.socialmedia.instagram.service.ProfileService -- Adding new profile: username=4rm5ncv, url=https://www.instagram.com/syof5l0n3/
22:38:50.758 [main] INFO com.socialmedia.instagram.service.ProfileService -- Profile created successfully: id=f584edc6-0648-4278-a255-88373ab2abd3, username=4rm5ncv, isBusinessAccount=false
22:38:50.759 [main] INFO com.socialmedia.instagram.service.ProfileService -- Adding new profile: username=999, url=https://www.instagram.com/w1lih4tbem0h900gn/
22:38:50.759 [main] INFO com.socialmedia.instagram.service.ProfileService -- Profile created successfully: id=90b7a864-4047-4b21-9cbe-94946b9fd2fe, username=999, isBusinessAccount=false
22:38:50.760 [main] INFO com.socialmedia.instagram.service.ProfileService -- Adding new profile: username=aaa, url=http://instagram.com/atgrrb7yxgf/
22:38:50.760 [main] INFO com.socialmedia.instagram.service.ProfileService -- Profile created successfully: id=7065e0ae-ff16-4db4-9c4d-c8f76852a55a, username=aaa, isBusinessAccount=false
22:38:50.760 [main] INFO com.socialmedia.instagram.service.ProfileService -- Adding new profile: username=aaa, url=https://www.instagram.com/aaa/
22:38:50.773 [main] INFO com.socialmedia.instagram.service.ProfileService -- Profile created successfully: id=d49590c1-7cad-4ea5-b087-5c3a08449c06, username=aaa, isBusinessAccount=false
22:38:50.775 [main] INFO com.socialmedia.instagram.service.ProfileService -- Adding new profile: username=000, url=https://www.instagram.com/77j7vffl0fd/
22:38:50.775 [main] INFO com.socialmedia.instagram.service.ProfileService -- Profile created successfully: id=9e29c52f-6f41-406d-873b-296744d73f90, username=000, isBusinessAccount=false
22:38:50.777 [main] INFO com.socialmedia.instagram.service.ProfileService -- Adding new profile: username=2tx, url=http://instagram.com/2z681v2u/
22:38:50.778 [main] INFO com.socialmedia.instagram.service.ProfileService -- Profile created successfully: id=0b10dbc7-3f5f-4304-9dde-e7a14147efbe, username=2tx, isBusinessAccount=false
22:38:50.781 [main] INFO com.socialmedia.instagram.service.ProfileService -- Adding new profile: username=upudcxk, url=https://instagram.com/lzxx4/
22:38:50.781 [main] INFO com.socialmedia.instagram.service.ProfileService -- Profile created successfully: id=474f3d34-109e-4097-b293-65ff2b6398f2, username=upudcxk, isBusinessAccount=false
22:38:50.782 [main] INFO com.socialmedia.instagram.service.ProfileService -- Adding new profile: username=kp45mp, url=https://instagram.com/284kbjmpe8nq/
22:38:50.782 [main] INFO com.socialmedia.instagram.service.ProfileService -- Profile created successfully: id=870a4c0d-e4aa-43ae-95de-f6f30251d61d, username=kp45mp, isBusinessAccount=false
22:38:50.782 [main] INFO com.socialmedia.instagram.service.ProfileService -- Adding new profile: username=6ve8iyc85, url=https://instagram.com/1zg/
22:38:50.783 [main] INFO com.socialmedia.instagram.service.ProfileService -- Profile created successfully: id=9312ba15-9f6c-4531-992e-6ad606808434, username=6ve8iyc85, isBusinessAccount=false
22:38:50.783 [main] INFO com.socialmedia.instagram.service.ProfileService -- Adding new profile: username=er88qq3c7drkm, url=http://www.instagram.com/c91rffj5o28/
22:38:50.783 [main] INFO com.socialmedia.instagram.service.ProfileService -- Profile created successfully: id=d3a72b9a-6049-46fa-b2f4-431dc5f8fa22, username=er88qq3c7drkm, isBusinessAccount=false
22:38:50.784 [main] INFO com.socialmedia.instagram.service.ProfileService -- Adding new profile: username=kvdyjq9ngzxnpbosex2l, url=http://www.instagram.com/anc6a9i/
22:38:50.784 [main] INFO com.socialmedia.instagram.service.ProfileService -- Profile created successfully: id=a9d6e9f1-8321-4aca-b846-53b55d5635d3, username=kvdyjq9ngzxnpbosex2l, isBusinessAccount=false
22:38:50.785 [main] INFO com.socialmedia.instagram.service.ProfileService -- Adding new profile: username=aaa, url=https://www.instagram.com/aaa/
22:38:50.785 [main] INFO com.socialmedia.instagram.service.ProfileService -- Profile created successfully: id=3a9dd368-6d53-4b3f-bde4-95fa7f310be3, username=aaa, isBusinessAccount=false
22:38:50.786 [main] INFO com.socialmedia.instagram.service.ProfileService -- Adding new profile: username=i1v6fzzwtrlr18bycf, url=http://www.instagram.com/t6teuj/
22:38:50.786 [main] INFO com.socialmedia.instagram.service.ProfileService -- Profile created successfully: id=1e0cf2df-6579-42da-9266-8892933cf89f, username=i1v6fzzwtrlr18bycf, isBusinessAccount=false
22:38:50.787 [main] INFO com.socialmedia.instagram.service.ProfileService -- Adding new profile: username=mcnd, url=https://instagram.com/gwlon/
[...]
checks = 100                  | # of not rejected calls
generation = RANDOMIZED       | parameters are randomly generated
after-failure = SAMPLE_FIRST  | try previously failed sample, then previous seed
when-fixed-seed = ALLOW       | fixing the random seed is allowed
edge-cases#mode = MIXIN       | edge cases are mixed in
edge-cases#total = 128        | # of all combined edge cases
edge-cases#tried = 10         | # of edge cases tried in current run
seed = 6168920537931130417    | random seed to reproduce generated values


]]></system-out>
    <system-err><![CDATA[Aug 14, 2026 10:38:50 PM net.jqwik.engine.properties.RandomizedShrinkablesGenerator logEdgeCasesOutnumberTriesIfApplicable
INFO: Edge case generation exceeds number of tries. Stopped after 128 generated cases.
]]></system-err>
  </testcase>
  <testcase name="Property 8: Business Account Flag - Empty Token" classname="com.socialmedia.instagram.service.ProfileServicePropertyTest" time="0.051">
    <system-out><![CDATA[22:38:50.863 [main] INFO com.socialmedia.instagram.service.ProfileService -- Adding new profile: username=aaa, url=https://www.instagram.com/aaa/
22:38:50.863 [main] INFO com.socialmedia.instagram.service.ProfileService -- Profile created successfully: id=9b796e82-dc47-46b1-9c44-ba67be843b1a, username=aaa, isBusinessAccount=false
22:38:50.866 [main] INFO com.socialmedia.instagram.service.ProfileService -- Adding new profile: username=yivgmorwup, url=http://www.instagram.com/kqak2/
22:38:50.866 [main] INFO com.socialmedia.instagram.service.ProfileService -- Profile created successfully: id=2856aa84-029d-4765-be85-27e65a366be2, username=yivgmorwup, isBusinessAccount=false
22:38:50.867 [main] INFO com.socialmedia.instagram.service.ProfileService -- Adding new profile: username=lvh6ow387ah, url=https://instagram.com/999/
22:38:50.867 [main] INFO com.socialmedia.instagram.service.ProfileService -- Profile created successfully: id=1cf27a18-901f-4347-a7bb-2419fa61580b, username=lvh6ow387ah, isBusinessAccount=false
22:38:50.869 [main] INFO com.socialmedia.instagram.service.ProfileService -- Adding new profile: username=3it3wa, url=https://www.instagram.com/2jvbvj1u/
22:38:50.869 [main] INFO com.socialmedia.instagram.service.ProfileService -- Profile created successfully: id=ec8b318b-2e17-4e5a-851e-e08447109530, username=3it3wa, isBusinessAccount=false
22:38:50.871 [main] INFO com.socialmedia.instagram.service.ProfileService -- Adding new profile: username=7kdl1, url=http://www.instagram.com/aaa/
22:38:50.871 [main] INFO com.socialmedia.instagram.service.ProfileService -- Profile created successfully: id=fc0ba679-aa01-4805-8355-3963affccbae, username=7kdl1, isBusinessAccount=false
22:38:50.873 [main] INFO com.socialmedia.instagram.service.ProfileService -- Adding new profile: username=c8sj1h8ddj89, url=http://instagram.com/u2qmo/
22:38:50.873 [main] INFO com.socialmedia.instagram.service.ProfileService -- Profile created successfully: id=7349711a-077e-41ed-a698-bdddc2c5590e, username=c8sj1h8ddj89, isBusinessAccount=false
22:38:50.877 [main] INFO com.socialmedia.instagram.service.ProfileService -- Adding new profile: username=999, url=https://www.instagram.com/onldpd3odk77r42l1xi2/
22:38:50.877 [main] INFO com.socialmedia.instagram.service.ProfileService -- Profile created successfully: id=891c7113-1e2b-44a8-8f05-4e3f7da126f3, username=999, isBusinessAccount=false
22:38:50.878 [main] INFO com.socialmedia.instagram.service.ProfileService -- Adding new profile: username=yz3vc88p32bn, url=https://instagram.com/mqxlhs/
22:38:50.878 [main] INFO com.socialmedia.instagram.service.ProfileService -- Profile created successfully: id=d666436d-0f48-4c1a-afd5-6c6c74b6982d, username=yz3vc88p32bn, isBusinessAccount=false
22:38:50.879 [main] INFO com.socialmedia.instagram.service.ProfileService -- Adding new profile: username=2a32toq60f, url=https://instagram.com/e1hyu99/
22:38:50.879 [main] INFO com.socialmedia.instagram.service.ProfileService -- Profile created successfully: id=db285224-23e9-4ed9-8535-7f1f2c5305db, username=2a32toq60f, isBusinessAccount=false
22:38:50.880 [main] INFO com.socialmedia.instagram.service.ProfileService -- Adding new profile: username=dza65nab, url=http://instagram.com/3y7/
22:38:50.881 [main] INFO com.socialmedia.instagram.service.ProfileService -- Profile created successfully: id=b3d80cda-e06a-40f2-b0e7-e0e4885084d4, username=dza65nab, isBusinessAccount=false
22:38:50.882 [main] INFO com.socialmedia.instagram.service.ProfileService -- Adding new profile: username=000, url=http://www.instagram.com/aw22xutqd7/
22:38:50.882 [main] INFO com.socialmedia.instagram.service.ProfileService -- Profile created successfully: id=0c991ef8-b098-4663-9451-8ac59d7b5e3f, username=000, isBusinessAccount=false
22:38:50.884 [main] INFO com.socialmedia.instagram.service.ProfileService -- Adding new profile: username=n57nbsk10a7uee6, url=https://www.instagram.com/000/
22:38:50.884 [main] INFO com.socialmedia.instagram.service.ProfileService -- Profile created successfully: id=e03bbaee-5ce3-4b58-a237-cc376fce506b, username=n57nbsk10a7uee6, isBusinessAccount=false
22:38:50.884 [main] INFO com.socialmedia.instagram.service.ProfileService -- Adding new profile: username=aaa, url=https://www.instagram.com/zzz/
22:38:50.885 [main] INFO com.socialmedia.instagram.service.ProfileService -- Profile created successfully: id=9dafb3c1-9600-4102-b3c6-8483c2a924bc, username=aaa, isBusinessAccount=false
22:38:50.885 [main] INFO com.socialmedia.instagram.service.ProfileService -- Adding new profile: username=aaa, url=https://www.instagram.com/000/
22:38:50.885 [main] INFO com.socialmedia.instagram.service.ProfileService -- Profile created successfully: id=08554827-cffa-489b-a18c-57c34702aa51, username=aaa, isBusinessAccount=false
22:38:50.885 [main] INFO com.socialmedia.instagram.service.ProfileService -- Adding new profile: username=47qn2ndiw9i, url=https://instagram.com/ybjln0o6/
22:38:50.885 [main] INFO com.socialmedia.instagram.service.ProfileService -- Profile created successfully: id=413271e5-16e3-4b5c-8363-048b0353515b, username=47qn2ndiw9i, isBusinessAccount=false
22:38:50.885 [main] INFO com.socialmedia.instagram.service.ProfileService -- Adding new profile: username=sody5n4so82j0dtgbnbo, url=https://instagram.com/8u2emp4h0wdv/
22:38:50.885 [main] INFO com.socialmedia.instagram.service.ProfileService -- Profile created successfully: id=91a6f219-a2ea-41b9-ac97-8493a20054f6, username=sody5n4so82j0dtgbnbo, isBusinessAccount=false
22:38:50.887 [main] INFO com.socialmedia.instagram.service.ProfileService -- Adding new profile: username=999, url=http://instagram.com/vmojlq5dpte/
22:38:50.887 [main] INFO com.socialmedia.instagram.service.ProfileService -- Profile created successfully: id=07dcf5c4-6f46-4b82-b78a-4f317eff1fc8, username=999, isBusinessAccount=false
22:38:50.887 [main] INFO com.socialmedia.instagram.service.ProfileService -- Adding new profile: username=xxas1x, url=http://instagram.com/aaa/
22:38:50.887 [main] INFO com.socialmedia.instagram.service.ProfileService -- Profile created successfully: id=e56fd621-e725-4d04-88cd-a13886463289, username=xxas1x, isBusinessAccount=false
22:38:50.887 [main] INFO com.socialmedia.instagram.service.ProfileService -- Adding new profile: username=tdawryjv49u, url=https://www.instagram.com/27fj0h4d6/
22:38:50.887 [main] INFO com.socialmedia.instagram.service.ProfileService -- Profile created successfully: id=e8e46b6e-81e2-46ed-bcb9-c1bbfe3f4929, username=tdawryjv49u, isBusinessAccount=false
22:38:50.888 [main] INFO com.socialmedia.instagram.service.ProfileService -- Adding new profile: username=000, url=https://instagram.com/3wsajkjp09/
22:38:50.888 [main] INFO com.socialmedia.instagram.service.ProfileService -- Profile created successfully: id=f4d60a54-3740-46ed-8d0f-cb6346b5d549, username=000, isBusinessAccount=false
22:38:50.888 [main] INFO com.socialmedia.instagram.service.ProfileService -- Adding new profile: username=7gokk8bmb7, url=https://www.instagram.com/r0t00gevjwkk/
22:38:50.888 [main] INFO com.socialmedia.instagram.service.ProfileService -- Profile created successfully: id=16b55ffa-a371-4214-89d4-00dec2fe8b85, username=7gokk8bmb7, isBusinessAccount=false
22:38:50.890 [main] INFO com.socialmedia.instagram.service.ProfileService -- Adding new profile: username=aaa, url=https://www.instagram.com/999/
22:38:50.890 [main] INFO com.socialmedia.instagram.service.ProfileService -- Profile created successfully: id=684affc5-709f-44af-8437-2622dbd64995, username=aaa, isBusinessAccount=false
22:38:50.890 [main] INFO com.socialmedia.instagram.service.ProfileService -- Adding new profile: username=8ml3g6jqj, url=https://instagram.com/0lhzvs/
22:38:50.890 [main] INFO com.socialmedia.instagram.service.ProfileService -- Profile created successfully: id=e512f5bd-4318-4ad6-a032-a003529c988a, username=8ml3g6jqj, isBusinessAccount=false
22:38:50.891 [main] INFO com.socialmedia.instagram.service.ProfileService -- Adding new profile: username=aaa, url=https://instagram.com/aaa/
22:38:50.891 [main] INFO com.socialmedia.instagram.service.ProfileService -- Profile created successfully: id=1b4913e3-9482-4686-b8f8-e5c2668c0817, username=aaa, isBusinessAccount=false
22:38:50.891 [main] INFO com.socialmedia.instagram.service.ProfileService -- Adding new profile: username=aaa, url=https://instagram.com/zzz/
22:38:50.892 [main] INFO com.socialmedia.instagram.service.ProfileService -- Profile created successfully: id=b824a9a9-ae62-48d5-b782-fb0983142538, username=aaa, isBusinessAccount=false
22:38:50.892 [main] INFO com.socialmedia.instagram.service.ProfileService -- Adding new profile: username=aaa, url=https://instagram.com/000/
22:38:50.892 [main] INFO com.socialmedia.instagram.service.ProfileService -- Profile created successfully: id=56288af3-5418-4152-9f60-450052ce5f40, username=aaa, isBusinessAccount=false
22:38:50.893 [main] INFO com.socialmedia.instagram.service.ProfileService -- Adding new profile: username=uteda3u4e2i, url=http://instagram.com/zzz/
22:38:50.893 [main] INFO com.socialmedia.instagram.service.ProfileService -- Profile created successfully: id=6d65a53f-8ea8-499b-8f9f-80d037786ca6, username=uteda3u4e2i, isBusinessAccount=false
22:38:50.893 [main] INFO com.socialmedia.instagram.service.ProfileService -- Adding new profile: username=y0awh, url=http://www.instagram.com/00bxkoybs/
22:38:50.893 [main] INFO com.socialmedia.instagram.service.ProfileService -- Profile created successfully: id=493981f9-f8ca-4f35-a366-1beb9d107e4d, username=y0awh, isBusinessAccount=false
22:38:50.893 [main] INFO com.socialmedia.instagram.service.ProfileService -- Adding new profile: username=9fwrtv, url=https://instagram.com/muw/
22:38:50.893 [main] INFO com.socialmedia.instagram.service.ProfileService -- Profile created successfully: id=24015d53-b5f8-4579-81de-3f1574535e3b, username=9fwrtv, isBusinessAccount=false
22:38:50.893 [main] INFO com.socialmedia.instagram.service.ProfileService -- Adding new profile: username=aaa, url=https://instagram.com/999/
22:38:50.893 [main] INFO com.socialmedia.instagram.service.ProfileService -- Profile created successfully: id=d35e4b29-0ab9-4a3a-b2c8-443ce0ab98d1, username=aaa, isBusinessAccount=false
22:38:50.894 [main] INFO com.socialmedia.instagram.service.ProfileService -- Adding new profile: username=mhs0, url=http://www.instagram.com/k55dshuiqi8/
22:38:50.894 [main] INFO com.socialmedia.instagram.service.ProfileService -- Profile created successfully: id=2178b428-fde2-4a70-8015-580d380aa71d, username=mhs0, isBusinessAccount=false
22:38:50.894 [main] INFO com.socialmedia.instagram.service.ProfileService -- Adding new profile: username=zzz, url=http://www.instagram.com/w4myrm1oww6lo3mn52lm/
22:38:50.894 [main] INFO com.socialmedia.instagram.service.ProfileService -- Profile created successfully: id=dc569039-88b6-45ac-885a-4f75a979450a, username=zzz, isBusinessAccount=false
22:38:50.894 [main] INFO com.socialmedia.instagram.service.ProfileService -- Adding new profile: username=aaa, url=http://instagram.com/38au8/
22:38:50.894 [main] INFO com.socialmedia.instagram.service.ProfileService -- Profile created successfully: id=ac270b33-cbd6-47ac-9152-07e95f6b6939, username=aaa, isBusinessAccount=false
22:38:50.894 [main] INFO com.socialmedia.instagram.service.ProfileService -- Adding new profile: username=j7x62ey20dt3, url=https://instagram.com/ikv9uqcdpc4dddpmcgu/
22:38:50.894 [main] INFO com.socialmedia.instagram.service.ProfileService -- Profile created successfully: id=0274f506-a758-454a-87ad-0e1a95e5fe86, username=j7x62ey20dt3, isBusinessAccount=false
22:38:50.896 [main] INFO com.socialmedia.instagram.service.ProfileService -- Adding new profile: username=yd9whfnfihdqab, url=https://www.instagram.com/z0rymu6q2wak/
22:38:50.896 [main] INFO com.socialmedia.instagram.service.ProfileService -- Profile created successfully: id=56a337f7-9197-4fc2-b581-2079cdda6b08, username=yd9whfnfihdqab, isBusinessAccount=false
22:38:50.896 [main] INFO com.socialmedia.instagram.service.ProfileService -- Adding new profile: username=ikpfx86xp05, url=https://instagram.com/aaa/
22:38:50.896 [main] INFO com.socialmedia.instagram.service.ProfileService -- Profile created successfully: id=67afff3c-b9b7-41c6-a156-0e1069eac0a4, username=ikpfx86xp05, isBusinessAccount=false
22:38:50.896 [main] INFO com.socialmedia.instagram.service.ProfileService -- Adding new profile: username=1izq823l7, url=https://www.instagram.com/cy3r/
22:38:50.896 [main] INFO com.socialmedia.instagram.service.ProfileService -- Profile created successfully: id=b78b589e-3d16-40af-a85b-c6d2a8b82a37, username=1izq823l7, isBusinessAccount=false
22:38:50.897 [main] INFO com.socialmedia.instagram.service.ProfileService -- Adding new profile: username=y3qewwv0x3, url=http://instagram.com/9whsp/
22:38:50.897 [main] INFO com.socialmedia.instagram.service.ProfileService -- Profile created successfully: id=3e89e90d-46e0-4fe9-b0aa-c86e34882d57, username=y3qewwv0x3, isBusinessAccount=false
22:38:50.897 [main] INFO com.socialmedia.instagram.service.ProfileService -- Adding new profile: username=hyns5d6m76obef, url=http://www.instagram.com/q1lbptzfqszl/
22:38:50.897 [main] INFO com.socialmedia.instagram.service.ProfileService -- Profile created successfully: id=9cdf3b7d-181a-4c0f-bf47-ef124a4cfaaa, username=hyns5d6m76obef, isBusinessAccount=false
22:38:50.897 [main] INFO com.socialmedia.instagram.service.ProfileService -- Adding new profile: username=bmscjca7sdhk4f5lk5ec, url=http://www.instagram.com/000/
22:38:50.897 [main] INFO com.socialmedia.instagram.service.ProfileService -- Profile created successfully: id=3c449b32-93b1-4ee3-960a-b85a74e31585, username=bmscjca7sdhk4f5lk5ec, isBusinessAccount=false
22:38:50.897 [main] INFO com.socialmedia.instagram.service.ProfileService -- Adding new profile: username=aaa, url=http://www.instagram.com/aaa/
22:38:50.897 [main] INFO com.socialmedia.instagram.service.ProfileService -- Profile created successfully: id=a2b6eddd-4faf-4d57-8389-e0ef3b0017e5, username=aaa, isBusinessAccount=false
22:38:50.898 [main] INFO com.socialmedia.instagram.service.ProfileService -- Adding new profile: username=aaa, url=http://www.instagram.com/zzz/
22:38:50.898 [main] INFO com.socialmedia.instagram.service.ProfileService -- Profile created successfully: id=ba58b636-009c-43ce-9782-289f75ab855f, username=aaa, isBusinessAccount=false
22:38:50.898 [main] INFO com.socialmedia.instagram.service.ProfileService -- Adding new profile: username=2cnw4dxddxw, url=https://instagram.com/rqu6gh771hzc8/
22:38:50.898 [main] INFO com.socialmedia.instagram.service.ProfileService -- Profile created successfully: id=308cf7dc-8f18-4144-aaa4-379c6b71a77e, username=2cnw4dxddxw, isBusinessAccount=false
22:38:50.898 [main] INFO com.socialmedia.instagram.service.ProfileService -- Adding new profile: username=29abpivbv9e5ohcjyt00, url=http://instagram.com/gfx/
22:38:50.899 [main] INFO com.socialmedia.instagram.service.ProfileService -- Profile created successfully: id=c7117167-bb4a-436a-9f15-584efa154f4a, username=29abpivbv9e5ohcjyt00, isBusinessAccount=false
22:38:50.899 [main] INFO com.socialmedia.instagram.service.ProfileService -- Adding new profile: username=aaa, url=http://www.instagram.com/000/
22:38:50.899 [main] INFO com.socialmedia.instagram.service.ProfileService -- Profile created successfully: id=51c5d997-f8fb-43c0-885e-94a26e8b5b22, username=aaa, isBusinessAccount=false
22:38:50.900 [main] INFO com.socialmedia.instagram.service.ProfileService -- Adding new profile: username=wid5u, url=https://instagram.com/85bj/
22:38:50.900 [main] INFO com.socialmedia.instagram.service.ProfileService -- Profile created successfully: id=d6fcbb5e-0ff1-49d5-a32c-712e789a81f1, username=wid5u, isBusinessAccount=false
22:38:50.900 [main] INFO com.socialmedia.instagram.service.ProfileService -- Adding new profile: username=msn7nw5f7wbid180j8n, url=https://instagram.com/n47r/
22:38:50.901 [main] INFO com.socialmedia.instagram.service.ProfileService -- Profile created successfully: id=98244ad2-eb01-4a0b-acc9-c6646901811c, username=msn7nw5f7wbid180j8n, isBusinessAccount=false
22:38:50.901 [main] INFO com.socialmedia.instagram.service.ProfileService -- Adding new profile: username=v101xxhp94q, url=https://www.instagram.com/zfu2a07/
22:38:50.901 [main] INFO com.socialmedia.instagram.service.ProfileService -- Profile created successfully: id=b4c56715-008a-41be-9a33-88a449fd7e7e, username=v101xxhp94q, isBusinessAccount=false
22:38:50.901 [main] INFO com.socialmedia.instagram.service.ProfileService -- Adding new profile: username=aaa, url=http://www.instagram.com/999/
22:38:50.901 [main] INFO com.socialmedia.instagram.service.ProfileService -- Profile created successfully: id=77995144-0fb0-45c8-8be9-cf28c8183c9b, username=aaa, isBusinessAccount=false
22:38:50.902 [main] INFO com.socialmedia.instagram.service.ProfileService -- Adding new profile: username=fvzy3fcapgqle, url=http://www.instagram.com/9shu5l2/
22:38:50.902 [main] INFO com.socialmedia.instagram.service.ProfileService -- Profile created successfully: id=7e2b3f93-8205-41d2-8b53-a146d9a70340, username=fvzy3fcapgqle, isBusinessAccount=false
timestamp = 2026-08-14T22:38:50.902182600, ProfileServicePropertyTest:Property 8: Business Account Flag - Empty Token = 
                              |-----------------------jqwik-----------------------
tries = 50                    | # of calls to property
checks = 50                   | # of not rejected calls
generation = RANDOMIZED       | parameters are randomly generated
after-failure = SAMPLE_FIRST  | try previously failed sample, then previous seed
when-fixed-seed = ALLOW       | fixing the random seed is allowed
edge-cases#mode = MIXIN       | edge cases are mixed in
edge-cases#total = 52         | # of all combined edge cases
edge-cases#tried = 12         | # of edge cases tried in current run
seed = -9155703952255523152   | random seed to reproduce generated values


]]></system-out>
  </testcase>
  <testcase name="Property 7: Profile URL Validation - Invalid URLs" classname="com.socialmedia.instagram.service.ProfileServicePropertyTest" time="0.026">
    <system-out><![CDATA[timestamp = 2026-08-14T22:38:50.928442500, ProfileServicePropertyTest:Property 7: Profile URL Validation - Invalid URLs = 
                              |-----------------------jqwik-----------------------
tries = 100                   | # of calls to property
checks = 100                  | # of not rejected calls
generation = RANDOMIZED       | parameters are randomly generated
after-failure = SAMPLE_FIRST  | try previously failed sample, then previous seed
when-fixed-seed = ALLOW       | fixing the random seed is allowed
edge-cases#mode = MIXIN       | edge cases are mixed in
edge-cases#total = 23         | # of all combined edge cases
edge-cases#tried = 23         | # of edge cases tried in current run
seed = -1433788127026789111   | random seed to reproduce generated values


]]></system-out>
  </testcase>
</testsuite>