<?xml version="1.0" encoding="UTF-8"?>
<testsuite xmlns:xsi="http://www.w3.org/2001/XMLSchema-instance" xsi:noNamespaceSchemaLocation="https://maven.apache.org/surefire/maven-surefire-plugin/xsd/surefire-test-report-3.0.xsd" version="3.0" name="com.socialmedia.instagram.security.JwtTokenProviderPropertyTest" time="17.996" tests="4" errors="0" skipped="0" failures="0">
  <properties>
[...]
</properties>
  <testcase name="Property 4 Extension: Expired tokens fail validation" classname="com.socialmedia.instagram.security.JwtTokenProviderPropertyTest" time="16.173">
    <system-out><![CDATA[22:38:30.955 [main] ERROR com.socialmedia.instagram.security.JwtTokenProvider -- Expired JWT token
22:38:30.975 [main] ERROR com.socialmedia.instagram.security.JwtTokenProvider -- Expired JWT token
22:38:30.990 [main] ERROR com.socialmedia.instagram.security.JwtTokenProvider -- Expired JWT token
22:38:31.006 [main] ERROR com.socialmedia.instagram.security.JwtTokenProvider -- Expired JWT token
22:38:31.024 [main] ERROR com.socialmedia.instagram.security.JwtTokenProvider -- Expired JWT token
22:38:31.038 [main] ERROR com.socialmedia.instagram.security.JwtTokenProvider -- Expired JWT token
22:38:31.054 [main] ERROR com.socialmedia.instagram.security.JwtTokenProvider -- Expired JWT token
22:38:31.070 [main] ERROR com.socialmedia.instagram.security.JwtTokenProvider -- Expired JWT token
22:38:31.086 [main] ERROR com.socialmedia.instagram.security.JwtTokenProvider -- Expired JWT token
22:38:31.101 [main] ERROR com.socialmedia.instagram.security.JwtTokenProvider -- Expired JWT token
22:38:31.117 [main] ERROR com.socialmedia.instagram.security.JwtTokenProvider -- Expired JWT token
22:38:31.132 [main] ERROR com.socialmedia.instagram.security.JwtTokenProvider -- Expired JWT token
22:38:31.149 [main] ERROR com.socialmedia.instagram.security.JwtTokenProvider -- Expired JWT token
22:38:31.164 [main] ERROR com.socialmedia.instagram.security.JwtTokenProvider -- Expired JWT token
22:38:31.179 [main] ERROR com.socialmedia.instagram.security.JwtTokenProvider -- Expired JWT token
22:38:31.194 [main] ERROR com.socialmedia.instagram.security.JwtTokenProvider -- Expired JWT token
22:38:31.210 [main] ERROR com.socialmedia.instagram.security.JwtTokenProvider -- Expired JWT token
22:38:31.225 [main] ERROR com.socialmedia.instagram.security.JwtTokenProvider -- Expired JWT token
22:38:31.241 [main] ERROR com.socialmedia.instagram.security.JwtTokenProvider -- Expired JWT token
22:38:31.258 [main] ERROR com.socialmedia.instagram.security.JwtTokenProvider -- Expired JWT token
22:38:31.272 [main] ERROR com.socialmedia.instagram.security.JwtTokenProvider -- Expired JWT token
22:38:31.287 [main] ERROR com.socialmedia.instagram.security.JwtTokenProvider -- Expired JWT token
22:38:31.303 [main] ERROR com.socialmedia.instagram.security.JwtTokenProvider -- Expired JWT token
22:38:31.318 [main] ERROR com.socialmedia.instagram.security.JwtTokenProvider -- Expired JWT token
22:38:31.334 [main] ERROR com.socialmedia.instagram.security.JwtTokenProvider -- Expired JWT token
22:38:31.350 [main] ERROR com.socialmedia.instagram.security.JwtTokenProvider -- Expired JWT token
22:38:31.368 [main] ERROR com.socialmedia.instagram.security.JwtTokenProvider -- Expired JWT token
22:38:31.397 [main] ERROR com.socialmedia.instagram.security.JwtTokenProvider -- Expired JWT token
22:38:31.413 [main] ERROR com.socialmedia.instagram.security.JwtTokenProvider -- Expired JWT token
22:38:31.428 [main] ERROR com.socialmedia.instagram.security.JwtTokenProvider -- Expired JWT token
22:38:31.445 [main] ERROR com.socialmedia.instagram.security.JwtTokenProvider -- Expired JWT token
22:38:31.460 [main] ERROR com.socialmedia.instagram.security.JwtTokenProvider -- Expired JWT token
22:38:31.476 [main] ERROR com.socialmedia.instagram.security.JwtTokenProvider -- Expired JWT token
22:38:31.491 [main] ERROR com.socialmedia.instagram.security.JwtTokenProvider -- Expired JWT token
22:38:31.508 [main] ERROR com.socialmedia.instagram.security.JwtTokenProvider -- Expired JWT token
22:38:31.523 [main] ERROR com.socialmedia.instagram.security.JwtTokenProvider -- Expired JWT token
22:38:31.541 [main] ERROR com.socialmedia.instagram.security.JwtTokenProvider -- Expired JWT token
22:38:31.556 [main] ERROR com.socialmedia.instagram.security.JwtTokenProvider -- Expired JWT token
22:38:31.571 [main] ERROR com.socialmedia.instagram.security.JwtTokenProvider -- Expired JWT token
22:38:31.590 [main] ERROR com.socialmedia.instagram.security.JwtTokenProvider -- Expired JWT token
22:38:31.618 [main] ERROR com.socialmedia.instagram.security.JwtTokenProvider -- Expired JWT token
22:38:31.633 [main] ERROR com.socialmedia.instagram.security.JwtTokenProvider -- Expired JWT token
22:38:31.648 [main] ERROR com.socialmedia.instagram.security.JwtTokenProvider -- Expired JWT token
22:38:31.663 [main] ERROR com.socialmedia.instagram.security.JwtTokenProvider -- Expired JWT token
22:38:31.680 [main] ERROR com.socialmedia.instagram.security.JwtTokenProvider -- Expired JWT token
22:38:31.694 [main] ERROR com.socialmedia.instagram.security.JwtTokenProvider -- Expired JWT token
22:38:31.709 [main] ERROR com.socialmedia.instagram.security.JwtTokenProvider -- Expired JWT token
22:38:31.726 [main] ERROR com.socialmedia.instagram.security.JwtTokenProvider -- Expired JWT token
22:38:31.742 [main] ERROR com.socialmedia.instagram.security.JwtTokenProvider -- Expired JWT token
22:38:31.756 [main] ERROR com.socialmedia.instagram.security.JwtTokenProvider -- Expired JWT token
22:38:31.772 [main] ERROR com.socialmedia.instagram.security.JwtTokenProvider -- Expired JWT token
22:38:31.790 [main] ERROR com.socialmedia.instagram.security.JwtTokenProvider -- Expired JWT token
22:38:31.808 [main] ERROR com.socialmedia.instagram.security.JwtTokenProvider -- Expired JWT token
22:38:31.835 [main] ERROR com.socialmedia.instagram.security.JwtTokenProvider -- Expired JWT token
22:38:31.851 [main] ERROR com.socialmedia.instagram.security.JwtTokenProvider -- Expired JWT token
22:38:31.866 [main] ERROR com.socialmedia.instagram.security.JwtTokenProvider -- Expired JWT token
22:38:31.881 [main] ERROR com.socialmedia.instagram.security.JwtTokenProvider -- Expired JWT token
22:38:31.896 [main] ERROR com.socialmedia.instagram.security.JwtTokenProvider -- Expired JWT token
22:38:31.913 [main] ERROR com.socialmedia.instagram.security.JwtTokenProvider -- Expired JWT token
22:38:31.928 [main] ERROR com.socialmedia.instagram.security.JwtTokenProvider -- Expired JWT token
22:38:31.941 [main] ERROR com.socialmedia.instagram.security.JwtTokenProvider -- Expired JWT token
22:38:31.961 [main] ERROR com.socialmedia.instagram.security.JwtTokenProvider -- Expired JWT token
22:38:31.974 [main] ERROR com.socialmedia.instagram.security.JwtTokenProvider -- Expired JWT token
22:38:31.990 [main] ERROR com.socialmedia.instagram.security.JwtTokenProvider -- Expired JWT token
22:38:32.004 [main] ERROR com.socialmedia.instagram.security.JwtTokenProvider -- Expired JWT token
22:38:32.019 [main] ERROR com.socialmedia.instagram.security.JwtTokenProvider -- Expired JWT token
22:38:32.034 [main] ERROR com.socialmedia.instagram.security.JwtTokenProvider -- Expired JWT token
22:38:32.052 [main] ERROR com.socialmedia.instagram.security.JwtTokenProvider -- Expired JWT token
22:38:32.066 [main] ERROR com.socialmedia.instagram.security.JwtTokenProvider -- Expired JWT token
22:38:32.082 [main] ERROR com.socialmedia.instagram.security.JwtTokenProvider -- Expired JWT token
22:38:32.097 [main] ERROR com.socialmedia.instagram.security.JwtTokenProvider -- Expired JWT token
22:38:32.112 [main] ERROR com.socialmedia.instagram.security.JwtTokenProvider -- Expired JWT token
22:38:32.129 [main] ERROR com.socialmedia.instagram.security.JwtTokenProvider -- Expired JWT token
22:38:32.144 [main] ERROR com.socialmedia.instagram.security.JwtTokenProvider -- Expired JWT token
22:38:32.160 [main] ERROR com.socialmedia.instagram.security.JwtTokenProvider -- Expired JWT token
22:38:32.176 [main] ERROR com.socialmedia.instagram.security.JwtTokenProvider -- Expired JWT token
22:38:32.191 [main] ERROR com.socialmedia.instagram.security.JwtTokenProvider -- Expired JWT token
22:38:32.208 [main] ERROR com.socialmedia.instagram.security.JwtTokenProvider -- Expired JWT token
22:38:32.224 [main] ERROR com.socialmedia.instagram.security.JwtTokenProvider -- Expired JWT token
22:38:32.240 [main] ERROR com.socialmedia.instagram.security.JwtTokenProvider -- Expired JWT token
22:38:32.255 [main] ERROR com.socialmedia.instagram.security.JwtTokenProvider -- Expired JWT token
22:38:32.270 [main] ERROR com.socialmedia.instagram.security.JwtTokenProvider -- Expired JWT token
22:38:32.285 [main] ERROR com.socialmedia.instagram.security.JwtTokenProvider -- Expired JWT token
22:38:32.302 [main] ERROR com.socialmedia.instagram.security.JwtTokenProvider -- Expired JWT token
22:38:32.318 [main] ERROR com.socialmedia.instagram.security.JwtTokenProvider -- Expired JWT token
22:38:32.334 [main] ERROR com.socialmedia.instagram.security.JwtTokenProvider -- Expired JWT token
22:38:32.349 [main] ERROR com.socialmedia.instagram.security.JwtTokenProvider -- Expired JWT token
22:38:32.365 [main] ERROR com.socialmedia.instagram.security.JwtTokenProvider -- Expired JWT token
22:38:32.381 [main] ERROR com.socialmedia.instagram.security.JwtTokenProvider -- Expired JWT token
22:38:32.397 [main] ERROR com.socialmedia.instagram.security.JwtTokenProvider -- Expired JWT token
22:38:32.414 [main] ERROR com.socialmedia.instagram.security.JwtTokenProvider -- Expired JWT token
22:38:32.428 [main] ERROR com.socialmedia.instagram.security.JwtTokenProvider -- Expired JWT token
22:38:32.443 [main] ERROR com.socialmedia.instagram.security.JwtTokenProvider -- Expired JWT token
22:38:32.459 [main] ERROR com.socialmedia.instagram.security.JwtTokenProvider -- Expired JWT token
22:38:32.476 [main] ERROR com.socialmedia.instagram.security.JwtTokenProvider -- Expired JWT token
22:38:32.490 [main] ERROR com.socialmedia.instagram.security.JwtTokenProvider -- Expired JWT token
22:38:32.507 [main] ERROR com.socialmedia.instagram.security.JwtTokenProvider -- Expired JWT token
22:38:32.524 [main] ERROR com.socialmedia.instagram.security.JwtTokenProvider -- Expired JWT token
22:38:32.538 [main] ERROR com.socialmedia.instagram.security.JwtTokenProvider -- Expired JWT token
22:38:32.554 [main] ERROR com.socialmedia.instagram.security.JwtTokenProvider -- Expired JWT token
22:38:32.569 [main] ERROR com.socialmedia.instagram.security.JwtTokenProvider -- Expired JWT token
22:38:32.585 [main] ERROR com.socialmedia.instagram.security.JwtTokenProvider -- Expired JWT token
22:38:32.599 [main] ERROR com.socialmedia.instagram.security.JwtTokenProvider -- Expired JWT token
22:38:32.615 [main] ERROR com.socialmedia.instagram.security.JwtTokenProvider -- Expired JWT token
22:38:32.631 [main] ERROR com.socialmedia.instagram.security.JwtTokenProvider -- Expired JWT token
22:38:32.646 [main] ERROR com.socialmedia.instagram.security.JwtTokenProvider -- Expired JWT token
22:38:32.661 [main] ERROR com.socialmedia.instagram.security.JwtTokenProvider -- Expired JWT token
22:38:32.679 [main] ERROR com.socialmedia.instagram.security.JwtTokenProvider -- Expired JWT token
22:38:32.693 [main] ERROR com.socialmedia.instagram.security.JwtTokenProvider -- Expired JWT token
22:38:32.708 [main] ERROR com.socialmedia.instagram.security.JwtTokenProvider -- Expired JWT token
22:38:32.723 [main] ERROR com.socialmedia.instagram.security.JwtTokenProvider -- Expired JWT token
22:38:32.738 [main] ERROR com.socialmedia.instagram.security.JwtTokenProvider -- Expired JWT token
22:38:32.754 [main] ERROR com.socialmedia.instagram.security.JwtTokenProvider -- Expired JWT token
22:38:32.770 [main] ERROR com.socialmedia.instagram.security.JwtTokenProvider -- Expired JWT token
22:38:32.785 [main] ERROR com.socialmedia.instagram.security.JwtTokenProvider -- Expired JWT token
22:38:32.802 [main] ERROR com.socialmedia.instagram.security.JwtTokenProvider -- Expired JWT token
22:38:32.818 [main] ERROR com.socialmedia.instagram.security.JwtTokenProvider -- Expired JWT token
22:38:32.833 [main] ERROR com.socialmedia.instagram.security.JwtTokenProvider -- Expired JWT token
22:38:32.849 [main] ERROR com.socialmedia.instagram.security.JwtTokenProvider -- Expired JWT token
22:38:32.866 [main] ERROR com.socialmedia.instagram.security.JwtTokenProvider -- Expired JWT token
22:38:32.880 [main] ERROR com.socialmedia.instagram.security.JwtTokenProvider -- Expired JWT token
22:38:32.899 [main] ERROR com.socialmedia.instagram.security.JwtTokenProvider -- Expired JWT token
22:38:32.911 [main] ERROR com.socialmedia.instagram.security.JwtTokenProvider -- Expired JWT token
22:38:32.927 [main] ERROR com.socialmedia.instagram.security.JwtTokenProvider -- Expired JWT token
22:38:32.942 [main] ERROR com.socialmedia.instagram.security.JwtTokenProvider -- Expired JWT token
22:38:32.958 [main] ERROR com.socialmedia.instagram.security.JwtTokenProvider -- Expired JWT token
22:38:32.974 [main] ERROR com.socialmedia.instagram.security.JwtTokenProvider -- Expired JWT token
22:38:32.992 [main] ERROR com.socialmedia.instagram.security.JwtTokenProvider -- Expired JWT token
22:38:33.007 [main] ERROR com.socialmedia.instagram.security.JwtTokenProvider -- Expired JWT token
22:38:33.022 [main] ERROR com.socialmedia.instagram.security.JwtTokenProvider -- Expired JWT token
22:38:33.035 [main] ERROR com.socialmedia.instagram.security.JwtTokenProvider -- Expired JWT token
22:38:33.052 [main] ERROR com.socialmedia.instagram.security.JwtTokenProvider -- Expired JWT token
22:38:33.067 [main] ERROR com.socialmedia.instagram.security.JwtTokenProvider -- Expired JWT token
22:38:33.082 [main] ERROR com.socialmedia.instagram.security.JwtTokenProvider -- Expired JWT token
22:38:33.098 [main] ERROR com.socialmedia.instagram.security.JwtTokenProvider -- Expired JWT token
22:38:33.115 [main] ERROR com.socialmedia.instagram.security.JwtTokenProvider -- Expired JWT token
22:38:33.130 [main] ERROR com.socialmedia.instagram.security.JwtTokenProvider -- Expired JWT token
22:38:33.144 [main] ERROR com.socialmedia.instagram.security.JwtTokenProvider -- Expired JWT token
22:38:33.159 [main] ERROR com.socialmedia.instagram.security.JwtTokenProvider -- Expired JWT token
22:38:33.175 [main] ERROR com.socialmedia.instagram.security.JwtTokenProvider -- Expired JWT token
22:38:33.191 [main] ERROR com.socialmedia.instagram.security.JwtTokenProvider -- Expired JWT token
22:38:33.207 [main] ERROR com.socialmedia.instagram.security.JwtTokenProvider -- Expired JWT token
22:38:33.223 [main] ERROR com.socialmedia.instagram.security.JwtTokenProvider -- Expired JWT token
22:38:33.238 [main] ERROR com.socialmedia.instagram.security.JwtTokenProvider -- Expired JWT token
22:38:33.252 [main] ERROR com.socialmedia.instagram.security.JwtTokenProvider -- Expired JWT token
22:38:33.269 [main] ERROR com.socialmedia.instagram.security.JwtTokenProvider -- Expired JWT token
22:38:33.285 [main] ERROR com.socialmedia.instagram.security.JwtTokenProvider -- Expired JWT token
22:38:33.299 [main] ERROR com.socialmedia.instagram.security.JwtTokenProvider -- Expired JWT token
22:38:33.315 [main] ERROR com.socialmedia.instagram.security.JwtTokenProvider -- Expired JWT token
22:38:33.331 [main] ERROR com.socialmedia.instagram.security.JwtTokenProvider -- Expired JWT token
22:38:33.346 [main] ERROR com.socialmedia.instagram.security.JwtTokenProvider -- Expired JWT token
22:38:33.361 [main] ERROR com.socialmedia.instagram.security.JwtTokenProvider -- Expired JWT token
22:38:33.378 [main] ERROR com.socialmedia.instagram.security.JwtTokenProvider -- Expired JWT token
22:38:33.393 [main] ERROR com.socialmedia.instagram.security.JwtTokenProvider -- Expired JWT token
22:38:33.408 [main] ERROR com.socialmedia.instagram.security.JwtTokenProvider -- Expired JWT token
22:38:33.424 [main] ERROR com.socialmedia.instagram.security.JwtTokenProvider -- Expired JWT token
22:38:33.441 [main] ERROR com.socialmedia.instagram.security.JwtTokenProvider -- Expired JWT token
22:38:33.456 [main] ERROR com.socialmedia.instagram.security.JwtTokenProvider -- Expired JWT token
22:38:33.470 [main] ERROR com.socialmedia.instagram.security.JwtTokenProvider -- Expired JWT token
22:38:33.486 [main] ERROR com.socialmedia.instagram.security.JwtTokenProvider -- Expired JWT token
22:38:33.503 [main] ERROR com.socialmedia.instagram.security.JwtTokenProvider -- Expired JWT token
22:38:33.518 [main] ERROR com.socialmedia.instagram.security.JwtTokenProvider -- Expired JWT token
22:38:33.534 [main] ERROR com.socialmedia.instagram.security.JwtTokenProvider -- Expired JWT token
22:38:33.549 [main] ERROR com.socialmedia.instagram.security.JwtTokenProvider -- Expired JWT token
22:38:33.566 [main] ERROR com.socialmedia.instagram.security.JwtTokenProvider -- Expired JWT token
22:38:33.581 [main] ERROR com.socialmedia.instagram.security.JwtTokenProvider -- Expired JWT token
22:38:33.597 [main] ERROR com.socialmedia.instagram.security.JwtTokenProvider -- Expired JWT token
22:38:33.613 [main] ERROR com.socialmedia.instagram.security.JwtTokenProvider -- Expired JWT token
22:38:33.629 [main] ERROR com.socialmedia.instagram.security.JwtTokenProvider -- Expired JWT token
22:38:33.644 [main] ERROR com.socialmedia.instagram.security.JwtTokenProvider -- Expired JWT token
22:38:33.662 [main] ERROR com.socialmedia.instagram.security.JwtTokenProvider -- Expired JWT token
22:38:33.677 [main] ERROR com.socialmedia.instagram.security.JwtTokenProvider -- Expired JWT token
22:38:33.692 [main] ERROR com.socialmedia.instagram.security.JwtTokenProvider -- Expired JWT token
22:38:33.707 [main] ERROR com.socialmedia.instagram.security.JwtTokenProvider -- Expired JWT token
22:38:33.723 [main] ERROR com.socialmedia.instagram.security.JwtTokenProvider -- Expired JWT token
22:38:33.739 [main] ERROR com.socialmedia.instagram.security.JwtTokenProvider -- Expired JWT token
22:38:33.754 [main] ERROR com.socialmedia.instagram.security.JwtTokenProvider -- Expired JWT token
22:38:33.770 [main] ERROR com.socialmedia.instagram.security.JwtTokenProvider -- Expired JWT token
22:38:33.784 [main] ERROR com.socialmedia.instagram.security.JwtTokenProvider -- Expired JWT token
22:38:33.801 [main] ERROR com.socialmedia.instagram.security.JwtTokenProvider -- Expired JWT token
22:38:33.817 [main] ERROR com.socialmedia.instagram.security.JwtTokenProvider -- Expired JWT token
22:38:33.831 [main] ERROR com.socialmedia.instagram.security.JwtTokenProvider -- Expired JWT token
22:38:33.847 [main] ERROR com.socialmedia.instagram.security.JwtTokenProvider -- Expired JWT token
22:38:33.863 [main] ERROR com.socialmedia.instagram.security.JwtTokenProvider -- Expired JWT token
22:38:33.879 [main] ERROR com.socialmedia.instagram.security.JwtTokenProvider -- Expired JWT token
22:38:33.894 [main] ERROR com.socialmedia.instagram.security.JwtTokenProvider -- Expired JWT token
22:38:33.910 [main] ERROR com.socialmedia.instagram.security.JwtTokenProvider -- Expired JWT token
22:38:33.966 [main] ERROR com.socialmedia.instagram.security.JwtTokenProvider -- Expired JWT token
22:38:33.991 [main] ERROR com.socialmedia.instagram.security.JwtTokenProvider -- Expired JWT token
22:38:34.028 [main] ERROR com.socialmedia.instagram.security.JwtTokenProvider -- Expired JWT token
22:38:34.065 [main] ERROR com.socialmedia.instagram.security.JwtTokenProvider -- Expired JWT token
22:38:34.110 [main] ERROR com.socialmedia.instagram.security.JwtTokenProvider -- Expired JWT token
22:38:34.126 [main] ERROR com.socialmedia.instagram.security.JwtTokenProvider -- Expired JWT token
22:38:34.141 [main] ERROR com.socialmedia.instagram.security.JwtTokenProvider -- Expired JWT token
22:38:34.157 [main] ERROR com.socialmedia.instagram.security.JwtTokenProvider -- Expired JWT token
22:38:34.172 [main] ERROR com.socialmedia.instagram.security.JwtTokenProvider -- Expired JWT token
22:38:34.187 [main] ERROR com.socialmedia.instagram.security.JwtTokenProvider -- Expired JWT token
22:38:34.203 [main] ERROR com.socialmedia.instagram.security.JwtTokenProvider -- Expired JWT token
22:38:34.218 [main] ERROR com.socialmedia.instagram.security.JwtTokenProvider -- Expired JWT token
22:38:34.234 [main] ERROR com.socialmedia.instagram.security.JwtTokenProvider -- Expired JWT token
22:38:34.250 [main] ERROR com.socialmedia.instagram.security.JwtTokenProvider -- Expired JWT token
22:38:34.266 [main] ERROR com.socialmedia.instagram.security.JwtTokenProvider -- Expired JWT token
22:38:34.281 [main] ERROR com.socialmedia.instagram.security.JwtTokenProvider -- Expired JWT token
22:38:34.297 [main] ERROR com.socialmedia.instagram.security.JwtTokenProvider -- Expired JWT token
22:38:34.312 [main] ERROR com.socialmedia.instagram.security.JwtTokenProvider -- Expired JWT token
22:38:34.328 [main] ERROR com.socialmedia.instagram.security.JwtTokenProvider -- Expired JWT token
22:38:34.344 [main] ERROR com.socialmedia.instagram.security.JwtTokenProvider -- Expired JWT token
22:38:34.360 [main] ERROR com.socialmedia.instagram.security.JwtTokenProvider -- Expired JWT token
22:38:34.376 [main] ERROR com.socialmedia.instagram.security.JwtTokenProvider -- Expired JWT token
22:38:34.392 [main] ERROR com.socialmedia.instagram.security.JwtTokenProvider -- Expired JWT token
22:38:34.407 [main] ERROR com.socialmedia.instagram.security.JwtTokenProvider -- Expired JWT token
22:38:34.423 [main] ERROR com.socialmedia.instagram.security.JwtTokenProvider -- Expired JWT token
22:38:34.440 [main] ERROR com.socialmedia.instagram.security.JwtTokenProvider -- Expired JWT token
22:38:34.453 [main] ERROR com.socialmedia.instagram.security.JwtTokenProvider -- Expired JWT token
22:38:34.470 [main] ERROR com.socialmedia.instagram.security.JwtTokenProvider -- Expired JWT token
22:38:34.485 [main] ERROR com.socialmedia.instagram.security.JwtTokenProvider -- Expired JWT token
22:38:34.502 [main] ERROR com.socialmedia.instagram.security.JwtTokenProvider -- Expired JWT token
22:38:34.518 [main] ERROR com.socialmedia.instagram.security.JwtTokenProvider -- Expired JWT token
22:38:34.535 [main] ERROR com.socialmedia.instagram.security.JwtTokenProvider -- Expired JWT token
22:38:34.551 [main] ERROR com.socialmedia.instagram.security.JwtTokenProvider -- Expired JWT token
22:38:34.566 [main] ERROR com.socialmedia.instagram.security.JwtTokenProvider -- Expired JWT token
22:38:34.582 [main] ERROR com.socialmedia.instagram.security.JwtTokenProvider -- Expired JWT token
22:38:34.595 [main] ERROR com.socialmedia.instagram.security.JwtTokenProvider -- Expired JWT token
22:38:34.612 [main] ERROR com.socialmedia.instagram.security.JwtTokenProvider -- Expired JWT token
22:38:34.628 [main] ERROR com.socialmedia.instagram.security.JwtTokenProvider -- Expired JWT token
22:38:34.644 [main] ERROR com.socialmedia.instagram.security.JwtTokenProvider -- Expired JWT token
22:38:34.660 [main] ERROR com.socialmedia.instagram.security.JwtTokenProvider -- Expired JWT token
22:38:34.675 [main] ERROR com.socialmedia.instagram.security.JwtTokenProvider -- Expired JWT token
22:38:34.690 [main] ERROR com.socialmedia.instagram.security.JwtTokenProvider -- Expired JWT token
22:38:34.706 [main] ERROR com.socialmedia.instagram.security.JwtTokenProvider -- Expired JWT token
22:38:34.721 [main] ERROR com.socialmedia.instagram.security.JwtTokenProvider -- Expired JWT token
22:38:34.737 [main] ERROR com.socialmedia.instagram.security.JwtTokenProvider -- Expired JWT token
22:38:34.753 [main] ERROR com.socialmedia.instagram.security.JwtTokenProvider -- Expired JWT token
22:38:34.769 [main] ERROR com.socialmedia.instagram.security.JwtTokenProvider -- Expired JWT token
22:38:34.784 [main] ERROR com.socialmedia.instagram.security.JwtTokenProvider -- Expired JWT token
22:38:34.799 [main] ERROR com.socialmedia.instagram.security.JwtTokenProvider -- Expired JWT token
22:38:34.815 [main] ERROR com.socialmedia.instagram.security.JwtTokenProvider -- Expired JWT token
22:38:34.831 [main] ERROR com.socialmedia.instagram.security.JwtTokenProvider -- Expired JWT token
22:38:34.847 [main] ERROR com.socialmedia.instagram.security.JwtTokenProvider -- Expired JWT token
22:38:34.863 [main] ERROR com.socialmedia.instagram.security.JwtTokenProvider -- Expired JWT token
22:38:34.879 [main] ERROR com.socialmedia.instagram.security.JwtTokenProvider -- Expired JWT token
22:38:34.894 [main] ERROR com.socialmedia.instagram.security.JwtTokenProvider -- Expired JWT token
22:38:34.910 [main] ERROR com.socialmedia.instagram.security.JwtTokenProvider -- Expired JWT token
22:38:34.926 [main] ERROR com.socialmedia.instagram.security.JwtTokenProvider -- Expired JWT token
22:38:34.942 [main] ERROR com.socialmedia.instagram.security.JwtTokenProvider -- Expired JWT token
22:38:34.958 [main] ERROR com.socialmedia.instagram.security.JwtTokenProvider -- Expired JWT token
22:38:34.973 [main] ERROR com.socialmedia.instagram.security.JwtTokenProvider -- Expired JWT token
22:38:34.989 [main] ERROR com.socialmedia.instagram.security.JwtTokenProvider -- Expired JWT token
22:38:35.005 [main] ERROR com.socialmedia.instagram.security.JwtTokenProvider -- Expired JWT token
22:38:35.019 [main] ERROR com.socialmedia.instagram.security.JwtTokenProvider -- Expired JWT token
22:38:35.035 [main] ERROR com.socialmedia.instagram.security.JwtTokenProvider -- Expired JWT token
22:38:35.050 [main] ERROR com.socialmedia.instagram.security.JwtTokenProvider -- Expired JWT token
22:38:35.066 [main] ERROR com.socialmedia.instagram.security.JwtTokenProvider -- Expired JWT token
22:38:35.081 [main] ERROR com.socialmedia.instagram.security.JwtTokenProvider -- Expired JWT token
22:38:35.097 [main] ERROR com.socialmedia.instagram.security.JwtTokenProvider -- Expired JWT token
22:38:35.114 [main] ERROR com.socialmedia.instagram.security.JwtTokenProvider -- Expired JWT token
22:38:35.128 [main] ERROR com.socialmedia.instagram.security.JwtTokenProvider -- Expired JWT token
22:38:35.144 [main] ERROR com.socialmedia.instagram.security.JwtTokenProvider -- Expired JWT token
22:38:35.159 [main] ERROR com.socialmedia.instagram.security.JwtTokenProvider -- Expired JWT token
22:38:35.175 [main] ERROR com.socialmedia.instagram.security.JwtTokenProvider -- Expired JWT token
22:38:35.191 [main] ERROR com.socialmedia.instagram.security.JwtTokenProvider -- Expired JWT token
22:38:35.207 [main] ERROR com.socialmedia.instagram.security.JwtTokenProvider -- Expired JWT token
22:38:35.222 [main] ERROR com.socialmedia.instagram.security.JwtTokenProvider -- Expired JWT token
22:38:35.237 [main] ERROR com.socialmedia.instagram.security.JwtTokenProvider -- Expired JWT token
22:38:35.252 [main] ERROR com.socialmedia.instagram.security.JwtTokenProvider -- Expired JWT token
22:38:35.267 [main] ERROR com.socialmedia.instagram.security.JwtTokenProvider -- Expired JWT token
22:38:35.283 [main] ERROR com.socialmedia.instagram.security.JwtTokenProvider -- Expired JWT token
22:38:35.298 [main] ERROR com.socialmedia.instagram.security.JwtTokenProvider -- Expired JWT token
22:38:35.315 [main] ERROR com.socialmedia.instagram.security.JwtTokenProvider -- Expired JWT token
22:38:35.330 [main] ERROR com.socialmedia.instagram.security.JwtTokenProvider -- Expired JWT token
22:38:35.344 [main] ERROR com.socialmedia.instagram.security.JwtTokenProvider -- Expired JWT token
22:38:35.359 [main] ERROR com.socialmedia.instagram.security.JwtTokenProvider -- Expired JWT token
22:38:35.375 [main] ERROR com.socialmedia.instagram.security.JwtTokenProvider -- Expired JWT token
22:38:35.391 [main] ERROR com.socialmedia.instagram.security.JwtTokenProvider -- Expired JWT token
22:38:35.406 [main] ERROR com.socialmedia.instagram.security.JwtTokenProvider -- Expired JWT token
22:38:35.424 [main] ERROR com.socialmedia.instagram.security.JwtTokenProvider -- Expired JWT token
22:38:35.440 [main] ERROR com.socialmedia.instagram.security.JwtTokenProvider -- Expired JWT token
22:38:35.454 [main] ERROR com.socialmedia.instagram.security.JwtTokenProvider -- Expired JWT token
22:38:35.470 [main] ERROR com.socialmedia.instagram.security.JwtTokenProvider -- Expired JWT token
22:38:35.486 [main] ERROR com.socialmedia.instagram.security.JwtTokenProvider -- Expired JWT token
22:38:35.501 [main] ERROR com.socialmedia.instagram.security.JwtTokenProvider -- Expired JWT token
22:38:35.517 [main] ERROR com.socialmedia.instagram.security.JwtTokenProvider -- Expired JWT token
22:38:35.532 [main] ERROR com.socialmedia.instagram.security.JwtTokenProvider -- Expired JWT token
22:38:35.548 [main] ERROR com.socialmedia.instagram.security.JwtTokenProvider -- Expired JWT token
22:38:35.564 [main] ERROR com.socialmedia.instagram.security.JwtTokenProvider -- Expired JWT token
22:38:35.579 [main] ERROR com.socialmedia.instagram.security.JwtTokenProvider -- Expired JWT token
22:38:35.594 [main] ERROR com.socialmedia.instagram.security.JwtTokenProvider -- Expired JWT token
22:38:35.610 [main] ERROR com.socialmedia.instagram.security.JwtTokenProvider -- Expired JWT token
22:38:35.626 [main] ERROR com.socialmedia.instagram.security.JwtTokenProvider -- Expired JWT token
22:38:35.642 [main] ERROR com.socialmedia.instagram.security.JwtTokenProvider -- Expired JWT token
22:38:35.658 [main] ERROR com.socialmedia.instagram.security.JwtTokenProvider -- Expired JWT token
22:38:35.674 [main] ERROR com.socialmedia.instagram.security.JwtTokenProvider -- Expired JWT token
22:38:35.691 [main] ERROR com.socialmedia.instagram.security.JwtTokenProvider -- Expired JWT token
22:38:35.705 [main] ERROR com.socialmedia.instagram.security.JwtTokenProvider -- Expired JWT token
22:38:35.722 [main] ERROR com.socialmedia.instagram.security.JwtTokenProvider -- Expired JWT token
22:38:35.736 [main] ERROR com.socialmedia.instagram.security.JwtTokenProvider -- Expired JWT token
22:38:35.752 [main] ERROR com.socialmedia.instagram.security.JwtTokenProvider -- Expired JWT token
22:38:35.768 [main] ERROR com.socialmedia.instagram.security.JwtTokenProvider -- Expired JWT token
22:38:35.782 [main] ERROR com.socialmedia.instagram.security.JwtTokenProvider -- Expired JWT token
22:38:35.801 [main] ERROR com.socialmedia.instagram.security.JwtTokenProvider -- Expired JWT token
22:38:35.815 [main] ERROR com.socialmedia.instagram.security.JwtTokenProvider -- Expired JWT token
22:38:35.831 [main] ERROR com.socialmedia.instagram.security.JwtTokenProvider -- Expired JWT token
22:38:35.845 [main] ERROR com.socialmedia.instagram.security.JwtTokenProvider -- Expired JWT token
22:38:35.861 [main] ERROR com.socialmedia.instagram.security.JwtTokenProvider -- Expired JWT token
22:38:35.876 [main] ERROR com.socialmedia.instagram.security.JwtTokenProvider -- Expired JWT token
22:38:35.892 [main] ERROR com.socialmedia.instagram.security.JwtTokenProvider -- Expired JWT token
22:38:35.908 [main] ERROR com.socialmedia.instagram.security.JwtTokenProvider -- Expired JWT token
22:38:35.923 [main] ERROR com.socialmedia.instagram.security.JwtTokenProvider -- Expired JWT token
22:38:35.938 [main] ERROR com.socialmedia.instagram.security.JwtTokenProvider -- Expired JWT token
22:38:35.954 [main] ERROR com.socialmedia.instagram.security.JwtTokenProvider -- Expired JWT token
22:38:35.969 [main] ERROR com.socialmedia.instagram.security.JwtTokenProvider -- Expired JWT token
22:38:35.985 [main] ERROR com.socialmedia.instagram.security.JwtTokenProvider -- Expired JWT token
22:38:36.001 [main] ERROR com.socialmedia.instagram.security.JwtTokenProvider -- Expired JWT token
22:38:36.016 [main] ERROR com.socialmedia.instagram.security.JwtTokenProvider -- Expired JWT token
22:38:36.031 [main] ERROR com.socialmedia.instagram.security.JwtTokenProvider -- Expired JWT token
22:38:36.047 [main] ERROR com.socialmedia.instagram.security.JwtTokenProvider -- Expired JWT token
22:38:36.063 [main] ERROR com.socialmedia.instagram.security.JwtTokenProvider -- Expired JWT token
22:38:36.077 [main] ERROR com.socialmedia.instagram.security.JwtTokenProvider -- Expired JWT token
22:38:36.093 [main] ERROR com.socialmedia.instagram.security.JwtTokenProvider -- Expired JWT token
22:38:36.109 [main] ERROR com.socialmedia.instagram.security.JwtTokenProvider -- Expired JWT token
22:38:36.125 [main] ERROR com.socialmedia.instagram.security.JwtTokenProvider -- Expired JWT token
22:38:36.141 [main] ERROR com.socialmedia.instagram.security.JwtTokenProvider -- Expired JWT token
22:38:36.155 [main] ERROR com.socialmedia.instagram.security.JwtTokenProvider -- Expired JWT token
22:38:36.173 [main] ERROR com.socialmedia.instagram.security.JwtTokenProvider -- Expired JWT token
22:38:36.187 [main] ERROR com.socialmedia.instagram.security.JwtTokenProvider -- Expired JWT token
22:38:36.204 [main] ERROR com.socialmedia.instagram.security.JwtTokenProvider -- Expired JWT token
22:38:36.218 [main] ERROR com.socialmedia.instagram.security.JwtTokenProvider -- Expired JWT token
22:38:36.233 [main] ERROR com.socialmedia.instagram.security.JwtTokenProvider -- Expired JWT token
22:38:36.249 [main] ERROR com.socialmedia.instagram.security.JwtTokenProvider -- Expired JWT token
22:38:36.264 [main] ERROR com.socialmedia.instagram.security.JwtTokenProvider -- Expired JWT token
22:38:36.280 [main] ERROR com.socialmedia.instagram.security.JwtTokenProvider -- Expired JWT token
22:38:36.297 [main] ERROR com.socialmedia.instagram.security.JwtTokenProvider -- Expired JWT token
22:38:36.311 [main] ERROR com.socialmedia.instagram.security.JwtTokenProvider -- Expired JWT token
22:38:36.326 [main] ERROR com.socialmedia.instagram.security.JwtTokenProvider -- Expired JWT token
22:38:36.342 [main] ERROR com.socialmedia.instagram.security.JwtTokenProvider -- Expired JWT token
22:38:36.357 [main] ERROR com.socialmedia.instagram.security.JwtTokenProvider -- Expired JWT token
22:38:36.373 [main] ERROR com.socialmedia.instagram.security.JwtTokenProvider -- Expired JWT token
22:38:36.389 [main] ERROR com.socialmedia.instagram.security.JwtTokenProvider -- Expired JWT token
22:38:36.404 [main] ERROR com.socialmedia.instagram.security.JwtTokenProvider -- Expired JWT token
22:38:36.420 [main] ERROR com.socialmedia.instagram.security.JwtTokenProvider -- Expired JWT token
22:38:36.436 [main] ERROR com.socialmedia.instagram.security.JwtTokenProvider -- Expired JWT token
22:38:36.452 [main] ERROR com.socialmedia.instagram.security.JwtTokenProvider -- Expired JWT token
22:38:36.468 [main] ERROR com.socialmedia.instagram.security.JwtTokenProvider -- Expired JWT token
22:38:36.484 [main] ERROR com.socialmedia.instagram.security.JwtTokenProvider -- Expired JWT token
22:38:36.500 [main] ERROR com.socialmedia.instagram.security.JwtTokenProvider -- Expired JWT token
22:38:36.517 [main] ERROR com.socialmedia.instagram.security.JwtTokenProvider -- Expired JWT token
22:38:36.532 [main] ERROR com.socialmedia.instagram.security.JwtTokenProvider -- Expired JWT token
22:38:36.548 [main] ERROR com.socialmedia.instagram.security.JwtTokenProvider -- Expired JWT token
22:38:36.563 [main] ERROR com.socialmedia.instagram.security.JwtTokenProvider -- Expired JWT token
22:38:36.579 [main] ERROR com.socialmedia.instagram.security.JwtTokenProvider -- Expired JWT token
22:38:36.594 [main] ERROR com.socialmedia.instagram.security.JwtTokenProvider -- Expired JWT token
22:38:36.609 [main] ERROR com.socialmedia.instagram.security.JwtTokenProvider -- Expired JWT token
22:38:36.626 [main] ERROR com.socialmedia.instagram.security.JwtTokenProvider -- Expired JWT token
22:38:36.641 [main] ERROR com.socialmedia.instagram.security.JwtTokenProvider -- Expired JWT token
22:38:36.657 [main] ERROR com.socialmedia.instagram.security.JwtTokenProvider -- Expired JWT token
22:38:36.673 [main] ERROR com.socialmedia.instagram.security.JwtTokenProvider -- Expired JWT token
22:38:36.688 [main] ERROR com.socialmedia.instagram.security.JwtTokenProvider -- Expired JWT token
22:38:36.704 [main] ERROR com.socialmedia.instagram.security.JwtTokenProvider -- Expired JWT token
22:38:36.720 [main] ERROR com.socialmedia.instagram.security.JwtTokenProvider -- Expired JWT token
22:38:36.736 [main] ERROR com.socialmedia.instagram.security.JwtTokenProvider -- Expired JWT token
22:38:36.752 [main] ERROR com.socialmedia.instagram.security.JwtTokenProvider -- Expired JWT token
22:38:36.767 [main] ERROR com.socialmedia.instagram.security.JwtTokenProvider -- Expired JWT token
22:38:36.783 [main] ERROR com.socialmedia.instagram.security.JwtTokenProvider -- Expired JWT token
22:38:36.799 [main] ERROR com.socialmedia.instagram.security.JwtTokenProvider -- Expired JWT token
22:38:36.814 [main] ERROR com.socialmedia.instagram.security.JwtTokenProvider -- Expired JWT token
22:38:36.829 [main] ERROR com.socialmedia.instagram.security.JwtTokenProvider -- Expired JWT token
22:38:36.844 [main] ERROR com.socialmedia.instagram.security.JwtTokenProvider -- Expired JWT token
22:38:36.859 [main] ERROR com.socialmedia.instagram.security.JwtTokenProvider -- Expired JWT token
22:38:36.874 [main] ERROR com.socialmedia.instagram.security.JwtTokenProvider -- Expired JWT token
22:38:36.890 [main] ERROR com.socialmedia.instagram.security.JwtTokenProvider -- Expired JWT token
22:38:36.906 [main] ERROR com.socialmedia.instagram.security.JwtTokenProvider -- Expired JWT token
22:38:36.922 [main] ERROR com.socialmedia.instagram.security.JwtTokenProvider -- Expired JWT token
22:38:36.938 [main] ERROR com.socialmedia.instagram.security.JwtTokenProvider -- Expired JWT token
22:38:36.953 [main] ERROR com.socialmedia.instagram.security.JwtTokenProvider -- Expired JWT token
22:38:36.969 [main] ERROR com.socialmedia.instagram.security.JwtTokenProvider -- Expired JWT token
22:38:36.985 [main] ERROR com.socialmedia.instagram.security.JwtTokenProvider -- Expired JWT token
22:38:37.000 [main] ERROR com.socialmedia.instagram.security.JwtTokenProvider -- Expired JWT token
22:38:37.015 [main] ERROR com.socialmedia.instagram.security.JwtTokenProvider -- Expired JWT token
22:38:37.031 [main] ERROR com.socialmedia.instagram.security.JwtTokenProvider -- Expired JWT token
22:38:37.047 [main] ERROR com.socialmedia.instagram.security.JwtTokenProvider -- Expired JWT token
22:38:37.062 [main] ERROR com.socialmedia.instagram.security.JwtTokenProvider -- Expired JWT token
22:38:37.077 [main] ERROR com.socialmedia.instagram.security.JwtTokenProvider -- Expired JWT token
22:38:37.093 [main] ERROR com.socialmedia.instagram.security.JwtTokenProvider -- Expired JWT token
22:38:37.109 [main] ERROR com.socialmedia.instagram.security.JwtTokenProvider -- Expired JWT token
22:38:37.127 [main] ERROR com.socialmedia.instagram.security.JwtTokenProvider -- Expired JWT token
22:38:37.141 [main] ERROR com.socialmedia.instagram.security.JwtTokenProvider -- Expired JWT token
22:38:37.157 [main] ERROR com.socialmedia.instagram.security.JwtTokenProvider -- Expired JWT token
22:38:37.174 [main] ERROR com.socialmedia.instagram.security.JwtTokenProvider -- Expired JWT token
22:38:37.188 [main] ERROR com.socialmedia.instagram.security.JwtTokenProvider -- Expired JWT token
22:38:37.202 [main] ERROR com.socialmedia.instagram.security.JwtTokenProvider -- Expired JWT token
22:38:37.219 [main] ERROR com.socialmedia.instagram.security.JwtTokenProvider -- Expired JWT token
22:38:37.234 [main] ERROR com.socialmedia.instagram.security.JwtTokenProvider -- Expired JWT token
22:38:37.250 [main] ERROR com.socialmedia.instagram.security.JwtTokenProvider -- Expired JWT token
22:38:37.265 [main] ERROR com.socialmedia.instagram.security.JwtTokenProvider -- Expired JWT token
22:38:37.282 [main] ERROR com.socialmedia.instagram.security.JwtTokenProvider -- Expired JWT token
22:38:37.298 [main] ERROR com.socialmedia.instagram.security.JwtTokenProvider -- Expired JWT token
22:38:37.313 [main] ERROR com.socialmedia.instagram.security.JwtTokenProvider -- Expired JWT token
22:38:37.330 [main] ERROR com.socialmedia.instagram.security.JwtTokenProvider -- Expired JWT token
22:38:37.345 [main] ERROR com.socialmedia.instagram.security.JwtTokenProvider -- Expired JWT token
22:38:37.360 [main] ERROR com.socialmedia.instagram.security.JwtTokenProvider -- Expired JWT token
22:38:37.375 [main] ERROR com.socialmedia.instagram.security.JwtTokenProvider -- Expired JWT token
22:38:37.391 [main] ERROR com.socialmedia.instagram.security.JwtTokenProvider -- Expired JWT token
22:38:37.407 [main] ERROR com.socialmedia.instagram.security.JwtTokenProvider -- Expired JWT token
22:38:37.422 [main] ERROR com.socialmedia.instagram.security.JwtTokenProvider -- Expired JWT token
22:38:37.439 [main] ERROR com.socialmedia.instagram.security.JwtTokenProvider -- Expired JWT token
22:38:37.454 [main] ERROR com.socialmedia.instagram.security.JwtTokenProvider -- Expired JWT token
22:38:37.470 [main] ERROR com.socialmedia.instagram.security.JwtTokenProvider -- Expired JWT token
22:38:37.486 [main] ERROR com.socialmedia.instagram.security.JwtTokenProvider -- Expired JWT token
22:38:37.502 [main] ERROR com.socialmedia.instagram.security.JwtTokenProvider -- Expired JWT token
22:38:37.517 [main] ERROR com.socialmedia.instagram.security.JwtTokenProvider -- Expired JWT token
22:38:37.533 [main] ERROR com.socialmedia.instagram.security.JwtTokenProvider -- Expired JWT token
22:38:37.549 [main] ERROR com.socialmedia.instagram.security.JwtTokenProvider -- Expired JWT token
22:38:37.565 [main] ERROR com.socialmedia.instagram.security.JwtTokenProvider -- Expired JWT token
22:38:37.581 [main] ERROR com.socialmedia.instagram.security.JwtTokenProvider -- Expired JWT token
22:38:37.597 [main] ERROR com.socialmedia.instagram.security.JwtTokenProvider -- Expired JWT token
22:38:37.613 [main] ERROR com.socialmedia.instagram.security.JwtTokenProvider -- Expired JWT token
22:38:37.627 [main] ERROR com.socialmedia.instagram.security.JwtTokenProvider -- Expired JWT token
22:38:37.644 [main] ERROR com.socialmedia.instagram.security.JwtTokenProvider -- Expired JWT token
22:38:37.659 [main] ERROR com.socialmedia.instagram.security.JwtTokenProvider -- Expired JWT token
22:38:37.675 [main] ERROR com.socialmedia.instagram.security.JwtTokenProvider -- Expired JWT token
22:38:37.690 [main] ERROR com.socialmedia.instagram.security.JwtTokenProvider -- Expired JWT token
22:38:37.707 [main] ERROR com.socialmedia.instagram.security.JwtTokenProvider -- Expired JWT token
22:38:37.722 [main] ERROR com.socialmedia.instagram.security.JwtTokenProvider -- Expired JWT token
22:38:37.737 [main] ERROR com.socialmedia.instagram.security.JwtTokenProvider -- Expired JWT token
22:38:37.752 [main] ERROR com.socialmedia.instagram.security.JwtTokenProvider -- Expired JWT token
22:38:37.767 [main] ERROR com.socialmedia.instagram.security.JwtTokenProvider -- Expired JWT token
22:38:37.782 [main] ERROR com.socialmedia.instagram.security.JwtTokenProvider -- Expired JWT token
22:38:37.798 [main] ERROR com.socialmedia.instagram.security.JwtTokenProvider -- Expired JWT token
22:38:37.814 [main] ERROR com.socialmedia.instagram.security.JwtTokenProvider -- Expired JWT token
22:38:37.829 [main] ERROR com.socialmedia.instagram.security.JwtTokenProvider -- Expired JWT token
22:38:37.845 [main] ERROR com.socialmedia.instagram.security.JwtTokenProvider -- Expired JWT token
22:38:37.860 [main] ERROR com.socialmedia.instagram.security.JwtTokenProvider -- Expired JWT token
22:38:37.876 [main] ERROR com.socialmedia.instagram.security.JwtTokenProvider -- Expired JWT token
22:38:37.891 [main] ERROR com.socialmedia.instagram.security.JwtTokenProvider -- Expired JWT token
22:38:37.907 [main] ERROR com.socialmedia.instagram.security.JwtTokenProvider -- Expired JWT token
22:38:37.923 [main] ERROR com.socialmedia.instagram.security.JwtTokenProvider -- Expired JWT token
22:38:37.939 [main] ERROR com.socialmedia.instagram.security.JwtTokenProvider -- Expired JWT token
22:38:37.954 [main] ERROR com.socialmedia.instagram.security.JwtTokenProvider -- Expired JWT token
22:38:37.969 [main] ERROR com.socialmedia.instagram.security.JwtTokenProvider -- Expired JWT token
22:38:37.985 [main] ERROR com.socialmedia.instagram.security.JwtTokenProvider -- Expired JWT token
22:38:38.000 [main] ERROR com.socialmedia.instagram.security.JwtTokenProvider -- Expired JWT token
22:38:38.016 [main] ERROR com.socialmedia.instagram.security.JwtTokenProvider -- Expired JWT token
22:38:38.032 [main] ERROR com.socialmedia.instagram.security.JwtTokenProvider -- Expired JWT token
22:38:38.048 [main] ERROR com.socialmedia.instagram.security.JwtTokenProvider -- Expired JWT token
22:38:38.064 [main] ERROR com.socialmedia.instagram.security.JwtTokenProvider -- Expired JWT token
22:38:38.080 [main] ERROR com.socialmedia.instagram.security.JwtTokenProvider -- Expired JWT token
22:38:38.095 [main] ERROR com.socialmedia.instagram.security.JwtTokenProvider -- Expired JWT token
22:38:38.111 [main] ERROR com.socialmedia.instagram.security.JwtTokenProvider -- Expired JWT token
22:38:38.126 [main] ERROR com.socialmedia.instagram.security.JwtTokenProvider -- Expired JWT token
22:38:38.141 [main] ERROR com.socialmedia.instagram.security.JwtTokenProvider -- Expired JWT token
22:38:38.157 [main] ERROR com.socialmedia.instagram.security.JwtTokenProvider -- Expired JWT token
22:38:38.174 [main] ERROR com.socialmedia.instagram.security.JwtTokenProvider -- Expired JWT token
22:38:38.190 [main] ERROR com.socialmedia.instagram.security.JwtTokenProvider -- Expired JWT token
22:38:38.205 [main] ERROR com.socialmedia.instagram.security.JwtTokenProvider -- Expired JWT token
22:38:38.220 [main] ERROR com.socialmedia.instagram.security.JwtTokenProvider -- Expired JWT token
22:38:38.237 [main] ERROR com.socialmedia.instagram.security.JwtTokenProvider -- Expired JWT token
22:38:38.252 [main] ERROR com.socialmedia.instagram.security.JwtTokenProvider -- Expired JWT token
22:38:38.269 [main] ERROR com.socialmedia.instagram.security.JwtTokenProvider -- Expired JWT token
22:38:38.284 [main] ERROR com.socialmedia.instagram.security.JwtTokenProvider -- Expired JWT token
22:38:38.300 [main] ERROR com.socialmedia.instagram.security.JwtTokenProvider -- Expired JWT token
22:38:38.315 [main] ERROR com.socialmedia.instagram.security.JwtTokenProvider -- Expired JWT token
22:38:38.331 [main] ERROR com.socialmedia.instagram.security.JwtTokenProvider -- Expired JWT token
22:38:38.347 [main] ERROR com.socialmedia.instagram.security.JwtTokenProvider -- Expired JWT token
22:38:38.362 [main] ERROR com.socialmedia.instagram.security.JwtTokenProvider -- Expired JWT token
22:38:38.378 [main] ERROR com.socialmedia.instagram.security.JwtTokenProvider -- Expired JWT token
22:38:38.395 [main] ERROR com.socialmedia.instagram.security.JwtTokenProvider -- Expired JWT token
22:38:38.410 [main] ERROR com.socialmedia.instagram.security.JwtTokenProvider -- Expired JWT token
22:38:38.426 [main] ERROR com.socialmedia.instagram.security.JwtTokenProvider -- Expired JWT token
22:38:38.442 [main] ERROR com.socialmedia.instagram.security.JwtTokenProvider -- Expired JWT token
22:38:38.457 [main] ERROR com.socialmedia.instagram.security.JwtTokenProvider -- Expired JWT token
22:38:38.473 [main] ERROR com.socialmedia.instagram.security.JwtTokenProvider -- Expired JWT token
22:38:38.489 [main] ERROR com.socialmedia.instagram.security.JwtTokenProvider -- Expired JWT token
22:38:38.504 [main] ERROR com.socialmedia.instagram.security.JwtTokenProvider -- Expired JWT token
22:38:38.520 [main] ERROR com.socialmedia.instagram.security.JwtTokenProvider -- Expired JWT token
22:38:38.536 [main] ERROR com.socialmedia.instagram.security.JwtTokenProvider -- Expired JWT token
22:38:38.552 [main] ERROR com.socialmedia.instagram.security.JwtTokenProvider -- Expired JWT token
22:38:38.567 [main] ERROR com.socialmedia.instagram.security.JwtTokenProvider -- Expired JWT token
22:38:38.583 [main] ERROR com.socialmedia.instagram.security.JwtTokenProvider -- Expired JWT token
22:38:38.599 [main] ERROR com.socialmedia.instagram.security.JwtTokenProvider -- Expired JWT token
22:38:38.615 [main] ERROR com.socialmedia.instagram.security.JwtTokenProvider -- Expired JWT token
22:38:38.631 [main] ERROR com.socialmedia.instagram.security.JwtTokenProvider -- Expired JWT token
22:38:38.646 [main] ERROR com.socialmedia.instagram.security.JwtTokenProvider -- Expired JWT token
22:38:38.663 [main] ERROR com.socialmedia.instagram.security.JwtTokenProvider -- Expired JWT token
22:38:38.678 [main] ERROR com.socialmedia.instagram.security.JwtTokenProvider -- Expired JWT token
22:38:38.693 [main] ERROR com.socialmedia.instagram.security.JwtTokenProvider -- Expired JWT token
22:38:38.709 [main] ERROR com.socialmedia.instagram.security.JwtTokenProvider -- Expired JWT token
22:38:38.724 [main] ERROR com.socialmedia.instagram.security.JwtTokenProvider -- Expired JWT token
22:38:38.740 [main] ERROR com.socialmedia.instagram.security.JwtTokenProvider -- Expired JWT token
22:38:38.757 [main] ERROR com.socialmedia.instagram.security.JwtTokenProvider -- Expired JWT token
22:38:38.773 [main] ERROR com.socialmedia.instagram.security.JwtTokenProvider -- Expired JWT token
22:38:38.789 [main] ERROR com.socialmedia.instagram.security.JwtTokenProvider -- Expired JWT token
22:38:38.803 [main] ERROR com.socialmedia.instagram.security.JwtTokenProvider -- Expired JWT token
22:38:38.820 [main] ERROR com.socialmedia.instagram.security.JwtTokenProvider -- Expired JWT token
22:38:38.835 [main] ERROR com.socialmedia.instagram.security.JwtTokenProvider -- Expired JWT token
22:38:38.851 [main] ERROR com.socialmedia.instagram.security.JwtTokenProvider -- Expired JWT token
22:38:38.867 [main] ERROR com.socialmedia.instagram.security.JwtTokenProvider -- Expired JWT token
22:38:38.883 [main] ERROR com.socialmedia.instagram.security.JwtTokenProvider -- Expired JWT token
22:38:38.899 [main] ERROR com.socialmedia.instagram.security.JwtTokenProvider -- Expired JWT token
22:38:38.913 [main] ERROR com.socialmedia.instagram.security.JwtTokenProvider -- Expired JWT token
22:38:38.928 [main] ERROR com.socialmedia.instagram.security.JwtTokenProvider -- Expired JWT token
22:38:38.945 [main] ERROR com.socialmedia.instagram.security.JwtTokenProvider -- Expired JWT token
22:38:38.961 [main] ERROR com.socialmedia.instagram.security.JwtTokenProvider -- Expired JWT token
22:38:38.976 [main] ERROR com.socialmedia.instagram.security.JwtTokenProvider -- Expired JWT token
22:38:38.991 [main] ERROR com.socialmedia.instagram.security.JwtTokenProvider -- Expired JWT token
22:38:39.006 [main] ERROR com.socialmedia.instagram.security.JwtTokenProvider -- Expired JWT token
22:38:39.023 [main] ERROR com.socialmedia.instagram.security.JwtTokenProvider -- Expired JWT token
22:38:39.039 [main] ERROR com.socialmedia.instagram.security.JwtTokenProvider -- Expired JWT token
22:38:39.054 [main] ERROR com.socialmedia.instagram.security.JwtTokenProvider -- Expired JWT token
22:38:39.070 [main] ERROR com.socialmedia.instagram.security.JwtTokenProvider -- Expired JWT token
22:38:39.087 [main] ERROR com.socialmedia.instagram.security.JwtTokenProvider -- Expired JWT token
22:38:39.102 [main] ERROR com.socialmedia.instagram.security.JwtTokenProvider -- Expired JWT token
22:38:39.117 [main] ERROR com.socialmedia.instagram.security.JwtTokenProvider -- Expired JWT token
22:38:39.133 [main] ERROR com.socialmedia.instagram.security.JwtTokenProvider -- Expired JWT token
22:38:39.149 [main] ERROR com.socialmedia.instagram.security.JwtTokenProvider -- Expired JWT token
22:38:39.165 [main] ERROR com.socialmedia.instagram.security.JwtTokenProvider -- Expired JWT token
22:38:39.181 [main] ERROR com.socialmedia.instagram.security.JwtTokenProvider -- Expired JWT token
22:38:39.196 [main] ERROR com.socialmedia.instagram.security.JwtTokenProvider -- Expired JWT token
22:38:39.212 [main] ERROR com.socialmedia.instagram.security.JwtTokenProvider -- Expired JWT token
22:38:39.227 [main] ERROR com.socialmedia.instagram.security.JwtTokenProvider -- Expired JWT token
22:38:39.243 [main] ERROR com.socialmedia.instagram.security.JwtTokenProvider -- Expired JWT token
22:38:39.258 [main] ERROR com.socialmedia.instagram.security.JwtTokenProvider -- Expired JWT token
22:38:39.273 [main] ERROR com.socialmedia.instagram.security.JwtTokenProvider -- Expired JWT token
22:38:39.289 [main] ERROR com.socialmedia.instagram.security.JwtTokenProvider -- Expired JWT token
22:38:39.306 [main] ERROR com.socialmedia.instagram.security.JwtTokenProvider -- Expired JWT token
22:38:39.320 [main] ERROR com.socialmedia.instagram.security.JwtTokenProvider -- Expired JWT token
22:38:39.336 [main] ERROR com.socialmedia.instagram.security.JwtTokenProvider -- Expired JWT token
22:38:39.352 [main] ERROR com.socialmedia.instagram.security.JwtTokenProvider -- Expired JWT token
22:38:39.368 [main] ERROR com.socialmedia.instagram.security.JwtTokenProvider -- Expired JWT token
22:38:39.384 [main] ERROR com.socialmedia.instagram.security.JwtTokenProvider -- Expired JWT token
22:38:39.400 [main] ERROR com.socialmedia.instagram.security.JwtTokenProvider -- Expired JWT token
22:38:39.416 [main] ERROR com.socialmedia.instagram.security.JwtTokenProvider -- Expired JWT token
22:38:39.431 [main] ERROR com.socialmedia.instagram.security.JwtTokenProvider -- Expired JWT token
22:38:39.446 [main] ERROR com.socialmedia.instagram.security.JwtTokenProvider -- Expired JWT token
22:38:39.462 [main] ERROR com.socialmedia.instagram.security.JwtTokenProvider -- Expired JWT token
22:38:39.478 [main] ERROR com.socialmedia.instagram.security.JwtTokenProvider -- Expired JWT token
22:38:39.494 [main] ERROR com.socialmedia.instagram.security.JwtTokenProvider -- Expired JWT token
22:38:39.509 [main] ERROR com.socialmedia.instagram.security.JwtTokenProvider -- Expired JWT token
22:38:39.526 [main] ERROR com.socialmedia.instagram.security.JwtTokenProvider -- Expired JWT token
22:38:39.541 [main] ERROR com.socialmedia.instagram.security.JwtTokenProvider -- Expired JWT token
22:38:39.557 [main] ERROR com.socialmedia.instagram.security.JwtTokenProvider -- Expired JWT token
22:38:39.573 [main] ERROR com.socialmedia.instagram.security.JwtTokenProvider -- Expired JWT token
22:38:39.589 [main] ERROR com.socialmedia.instagram.security.JwtTokenProvider -- Expired JWT token
22:38:39.604 [main] ERROR com.socialmedia.instagram.security.JwtTokenProvider -- Expired JWT token
22:38:39.621 [main] ERROR com.socialmedia.instagram.security.JwtTokenProvider -- Expired JWT token
22:38:39.637 [main] ERROR com.socialmedia.instagram.security.JwtTokenProvider -- Expired JWT token
22:38:39.652 [main] ERROR com.socialmedia.instagram.security.JwtTokenProvider -- Expired JWT token
22:38:39.668 [main] ERROR com.socialmedia.instagram.security.JwtTokenProvider -- Expired JWT token
22:38:39.683 [main] ERROR com.socialmedia.instagram.security.JwtTokenProvider -- Expired JWT token
22:38:39.700 [main] ERROR com.socialmedia.instagram.security.JwtTokenProvider -- Expired JWT token
22:38:39.715 [main] ERROR com.socialmedia.instagram.security.JwtTokenProvider -- Expired JWT token
22:38:39.731 [main] ERROR com.socialmedia.instagram.security.JwtTokenProvider -- Expired JWT token
22:38:39.745 [main] ERROR com.socialmedia.instagram.security.JwtTokenProvider -- Expired JWT token
22:38:39.761 [main] ERROR com.socialmedia.instagram.security.JwtTokenProvider -- Expired JWT token
22:38:39.778 [main] ERROR com.socialmedia.instagram.security.JwtTokenProvider -- Expired JWT token
22:38:39.794 [main] ERROR com.socialmedia.instagram.security.JwtTokenProvider -- Expired JWT token
22:38:39.809 [main] ERROR com.socialmedia.instagram.security.JwtTokenProvider -- Expired JWT token
22:38:39.824 [main] ERROR com.socialmedia.instagram.security.JwtTokenProvider -- Expired JWT token
22:38:39.840 [main] ERROR com.socialmedia.instagram.security.JwtTokenProvider -- Expired JWT token
22:38:39.856 [main] ERROR com.socialmedia.instagram.security.JwtTokenProvider -- Expired JWT token
22:38:39.870 [main] ERROR com.socialmedia.instagram.security.JwtTokenProvider -- Expired JWT token
22:38:39.886 [main] ERROR com.socialmedia.instagram.security.JwtTokenProvider -- Expired JWT token
22:38:39.901 [main] ERROR com.socialmedia.instagram.security.JwtTokenProvider -- Expired JWT token
22:38:39.917 [main] ERROR com.socialmedia.instagram.security.JwtTokenProvider -- Expired JWT token
22:38:39.933 [main] ERROR com.socialmedia.instagram.security.JwtTokenProvider -- Expired JWT token
22:38:39.948 [main] ERROR com.socialmedia.instagram.security.JwtTokenProvider -- Expired JWT token
22:38:39.964 [main] ERROR com.socialmedia.instagram.security.JwtTokenProvider -- Expired JWT token
22:38:39.980 [main] ERROR com.socialmedia.instagram.security.JwtTokenProvider -- Expired JWT token
22:38:39.996 [main] ERROR com.socialmedia.instagram.security.JwtTokenProvider -- Expired JWT token
22:38:40.012 [main] ERROR com.socialmedia.instagram.security.JwtTokenProvider -- Expired JWT token
22:38:40.026 [main] ERROR com.socialmedia.instagram.security.JwtTokenProvider -- Expired JWT token
22:38:40.043 [main] ERROR com.socialmedia.instagram.security.JwtTokenProvider -- Expired JWT token
22:38:40.059 [main] ERROR com.socialmedia.instagram.security.JwtTokenProvider -- Expired JWT token
22:38:40.074 [main] ERROR com.socialmedia.instagram.security.JwtTokenProvider -- Expired JWT token
22:38:40.090 [main] ERROR com.socialmedia.instagram.security.JwtTokenProvider -- Expired JWT token
22:38:40.106 [main] ERROR com.socialmedia.instagram.security.JwtTokenProvider -- Expired JWT token
22:38:40.122 [main] ERROR com.socialmedia.instagram.security.JwtTokenProvider -- Expired JWT token
22:38:40.139 [main] ERROR com.socialmedia.instagram.security.JwtTokenProvider -- Expired JWT token
22:38:40.156 [main] ERROR com.socialmedia.instagram.security.JwtTokenProvider -- Expired JWT token
22:38:40.171 [main] ERROR com.socialmedia.instagram.security.JwtTokenProvider -- Expired JWT token
22:38:40.186 [main] ERROR com.socialmedia.instagram.security.JwtTokenProvider -- Expired JWT token
22:38:40.201 [main] ERROR com.socialmedia.instagram.security.JwtTokenProvider -- Expired JWT token
22:38:40.217 [main] ERROR com.socialmedia.instagram.security.JwtTokenProvider -- Expired JWT token
22:38:40.232 [main] ERROR com.socialmedia.instagram.security.JwtTokenProvider -- Expired JWT token
22:38:40.247 [main] ERROR com.socialmedia.instagram.security.JwtTokenProvider -- Expired JWT token
22:38:40.263 [main] ERROR com.socialmedia.instagram.security.JwtTokenProvider -- Expired JWT token
22:38:40.278 [main] ERROR com.socialmedia.instagram.security.JwtTokenProvider -- Expired JWT token
22:38:40.294 [main] ERROR com.socialmedia.instagram.security.JwtTokenProvider -- Expired JWT token
22:38:40.310 [main] ERROR com.socialmedia.instagram.security.JwtTokenProvider -- Expired JWT token
22:38:40.326 [main] ERROR com.socialmedia.instagram.security.JwtTokenProvider -- Expired JWT token
22:38:40.341 [main] ERROR com.socialmedia.instagram.security.JwtTokenProvider -- Expired JWT token
22:38:40.357 [main] ERROR com.socialmedia.instagram.security.JwtTokenProvider -- Expired JWT token
22:38:40.373 [main] ERROR com.socialmedia.instagram.security.JwtTokenProvider -- Expired JWT token
22:38:40.388 [main] ERROR com.socialmedia.instagram.security.JwtTokenProvider -- Expired JWT token
22:38:40.403 [main] ERROR com.socialmedia.instagram.security.JwtTokenProvider -- Expired JWT token
22:38:40.419 [main] ERROR com.socialmedia.instagram.security.JwtTokenProvider -- Expired JWT token
22:38:40.435 [main] ERROR com.socialmedia.instagram.security.JwtTokenProvider -- Expired JWT token
22:38:40.451 [main] ERROR com.socialmedia.instagram.security.JwtTokenProvider -- Expired JWT token
22:38:40.467 [main] ERROR com.socialmedia.instagram.security.JwtTokenProvider -- Expired JWT token
22:38:40.482 [main] ERROR com.socialmedia.instagram.security.JwtTokenProvider -- Expired JWT token
22:38:40.498 [main] ERROR com.socialmedia.instagram.security.JwtTokenProvider -- Expired JWT token
22:38:40.513 [main] ERROR com.socialmedia.instagram.security.JwtTokenProvider -- Expired JWT token
22:38:40.529 [main] ERROR com.socialmedia.instagram.security.JwtTokenProvider -- Expired JWT token
22:38:40.544 [main] ERROR com.socialmedia.instagram.security.JwtTokenProvider -- Expired JWT token
22:38:40.559 [main] ERROR com.socialmedia.instagram.security.JwtTokenProvider -- Expired JWT token
22:38:40.575 [main] ERROR com.socialmedia.instagram.security.JwtTokenProvider -- Expired JWT token
22:38:40.591 [main] ERROR com.socialmedia.instagram.security.JwtTokenProvider -- Expired JWT token
22:38:40.606 [main] ERROR com.socialmedia.instagram.security.JwtTokenProvider -- Expired JWT token
22:38:40.623 [main] ERROR com.socialmedia.instagram.security.JwtTokenProvider -- Expired JWT token
22:38:40.638 [main] ERROR com.socialmedia.instagram.security.JwtTokenProvider -- Expired JWT token
22:38:40.653 [main] ERROR com.socialmedia.instagram.security.JwtTokenProvider -- Expired JWT token
22:38:40.670 [main] ERROR com.socialmedia.instagram.security.JwtTokenProvider -- Expired JWT token
22:38:40.685 [main] ERROR com.socialmedia.instagram.security.JwtTokenProvider -- Expired JWT token
22:38:40.699 [main] ERROR com.socialmedia.instagram.security.JwtTokenProvider -- Expired JWT token
22:38:40.716 [main] ERROR com.socialmedia.instagram.security.JwtTokenProvider -- Expired JWT token
22:38:40.731 [main] ERROR com.socialmedia.instagram.security.JwtTokenProvider -- Expired JWT token
22:38:40.747 [main] ERROR com.socialmedia.instagram.security.JwtTokenProvider -- Expired JWT token
22:38:40.762 [main] ERROR com.socialmedia.instagram.security.JwtTokenProvider -- Expired JWT token
22:38:40.779 [main] ERROR com.socialmedia.instagram.security.JwtTokenProvider -- Expired JWT token
22:38:40.794 [main] ERROR com.socialmedia.instagram.security.JwtTokenProvider -- Expired JWT token
22:38:40.810 [main] ERROR com.socialmedia.instagram.security.JwtTokenProvider -- Expired JWT token
22:38:40.826 [main] ERROR com.socialmedia.instagram.security.JwtTokenProvider -- Expired JWT token
22:38:40.842 [main] ERROR com.socialmedia.instagram.security.JwtTokenProvider -- Expired JWT token
22:38:40.857 [main] ERROR com.socialmedia.instagram.security.JwtTokenProvider -- Expired JWT token
22:38:40.874 [main] ERROR com.socialmedia.instagram.security.JwtTokenProvider -- Expired JWT token
22:38:40.890 [main] ERROR com.socialmedia.instagram.security.JwtTokenProvider -- Expired JWT token
22:38:40.905 [main] ERROR com.socialmedia.instagram.security.JwtTokenProvider -- Expired JWT token
22:38:40.920 [main] ERROR com.socialmedia.instagram.security.JwtTokenProvider -- Expired JWT token
22:38:40.936 [main] ERROR com.socialmedia.instagram.security.JwtTokenProvider -- Expired JWT token
22:38:40.952 [main] ERROR com.socialmedia.instagram.security.JwtTokenProvider -- Expired JWT token
22:38:40.967 [main] ERROR com.socialmedia.instagram.security.JwtTokenProvider -- Expired JWT token
22:38:40.983 [main] ERROR com.socialmedia.instagram.security.JwtTokenProvider -- Expired JWT token
22:38:40.998 [main] ERROR com.socialmedia.instagram.security.JwtTokenProvider -- Expired JWT token
22:38:41.013 [main] ERROR com.socialmedia.instagram.security.JwtTokenProvider -- Expired JWT token
22:38:41.030 [main] ERROR com.socialmedia.instagram.security.JwtTokenProvider -- Expired JWT token
22:38:41.046 [main] ERROR com.socialmedia.instagram.security.JwtTokenProvider -- Expired JWT token
22:38:41.061 [main] ERROR com.socialmedia.instagram.security.JwtTokenProvider -- Expired JWT token
22:38:41.076 [main] ERROR com.socialmedia.instagram.security.JwtTokenProvider -- Expired JWT token
22:38:41.091 [main] ERROR com.socialmedia.instagram.security.JwtTokenProvider -- Expired JWT token
22:38:41.107 [main] ERROR com.socialmedia.instagram.security.JwtTokenProvider -- Expired JWT token
22:38:41.123 [main] ERROR com.socialmedia.instagram.security.JwtTokenProvider -- Expired JWT token
22:38:41.137 [main] ERROR com.socialmedia.instagram.security.JwtTokenProvider -- Expired JWT token
22:38:41.153 [main] ERROR com.socialmedia.instagram.security.JwtTokenProvider -- Expired JWT token
22:38:41.168 [main] ERROR com.socialmedia.instagram.security.JwtTokenProvider -- Expired JWT token
22:38:41.184 [main] ERROR com.socialmedia.instagram.security.JwtTokenProvider -- Expired JWT token
22:38:41.200 [main] ERROR com.socialmedia.instagram.security.JwtTokenProvider -- Expired JWT token
22:38:41.215 [main] ERROR com.socialmedia.instagram.security.JwtTokenProvider -- Expired JWT token
22:38:41.231 [main] ERROR com.socialmedia.instagram.security.JwtTokenProvider -- Expired JWT token
22:38:41.246 [main] ERROR com.socialmedia.instagram.security.JwtTokenProvider -- Expired JWT token
22:38:41.261 [main] ERROR com.socialmedia.instagram.security.JwtTokenProvider -- Expired JWT token
22:38:41.276 [main] ERROR com.socialmedia.instagram.security.JwtTokenProvider -- Expired JWT token
22:38:41.292 [main] ERROR com.socialmedia.instagram.security.JwtTokenProvider -- Expired JWT token
22:38:41.307 [main] ERROR com.socialmedia.instagram.security.JwtTokenProvider -- Expired JWT token
22:38:41.323 [main] ERROR com.socialmedia.instagram.security.JwtTokenProvider -- Expired JWT token
22:38:41.339 [main] ERROR com.socialmedia.instagram.security.JwtTokenProvider -- Expired JWT token
22:38:41.353 [main] ERROR com.socialmedia.instagram.security.JwtTokenProvider -- Expired JWT token
22:38:41.369 [main] ERROR com.socialmedia.instagram.security.JwtTokenProvider -- Expired JWT token
22:38:41.384 [main] ERROR com.socialmedia.instagram.security.JwtTokenProvider -- Expired JWT token
22:38:41.399 [main] ERROR com.socialmedia.instagram.security.JwtTokenProvider -- Expired JWT token
22:38:41.415 [main] ERROR com.socialmedia.instagram.security.JwtTokenProvider -- Expired JWT token
22:38:41.431 [main] ERROR com.socialmedia.instagram.security.JwtTokenProvider -- Expired JWT token
22:38:41.447 [main] ERROR com.socialmedia.instagram.security.JwtTokenProvider -- Expired JWT token
22:38:41.462 [main] ERROR com.socialmedia.instagram.security.JwtTokenProvider -- Expired JWT token
22:38:41.478 [main] ERROR com.socialmedia.instagram.security.JwtTokenProvider -- Expired JWT token
22:38:41.493 [main] ERROR com.socialmedia.instagram.security.JwtTokenProvider -- Expired JWT token
22:38:41.507 [main] ERROR com.socialmedia.instagram.security.JwtTokenProvider -- Expired JWT token
22:38:41.523 [main] ERROR com.socialmedia.instagram.security.JwtTokenProvider -- Expired JWT token
22:38:41.538 [main] ERROR com.socialmedia.instagram.security.JwtTokenProvider -- Expired JWT token
22:38:41.554 [main] ERROR com.socialmedia.instagram.security.JwtTokenProvider -- Expired JWT token
22:38:41.569 [main] ERROR com.socialmedia.instagram.security.JwtTokenProvider -- Expired JWT token
22:38:41.584 [main] ERROR com.socialmedia.instagram.security.JwtTokenProvider -- Expired JWT token
22:38:41.600 [main] ERROR com.socialmedia.instagram.security.JwtTokenProvider -- Expired JWT token
22:38:41.616 [main] ERROR com.socialmedia.instagram.security.JwtTokenProvider -- Expired JWT token
22:38:41.631 [main] ERROR com.socialmedia.instagram.security.JwtTokenProvider -- Expired JWT token
22:38:41.647 [main] ERROR com.socialmedia.instagram.security.JwtTokenProvider -- Expired JWT token
22:38:41.663 [main] ERROR com.socialmedia.instagram.security.JwtTokenProvider -- Expired JWT token
22:38:41.679 [main] ERROR com.socialmedia.instagram.security.JwtTokenProvider -- Expired JWT token
22:38:41.696 [main] ERROR com.socialmedia.instagram.security.JwtTokenProvider -- Expired JWT token
22:38:41.709 [main] ERROR com.socialmedia.instagram.security.JwtTokenProvider -- Expired JWT token
22:38:41.725 [main] ERROR com.socialmedia.instagram.security.JwtTokenProvider -- Expired JWT token
22:38:41.740 [main] ERROR com.socialmedia.instagram.security.JwtTokenProvider -- Expired JWT token
22:38:41.756 [main] ERROR com.socialmedia.instagram.security.JwtTokenProvider -- Expired JWT token
22:38:41.772 [main] ERROR com.socialmedia.instagram.security.JwtTokenProvider -- Expired JWT token
22:38:41.788 [main] ERROR com.socialmedia.instagram.security.JwtTokenProvider -- Expired JWT token
22:38:41.802 [main] ERROR com.socialmedia.instagram.security.JwtTokenProvider -- Expired JWT token
22:38:41.818 [main] ERROR com.socialmedia.instagram.security.JwtTokenProvider -- Expired JWT token
22:38:41.834 [main] ERROR com.socialmedia.instagram.security.JwtTokenProvider -- Expired JWT token
22:38:41.850 [main] ERROR com.socialmedia.instagram.security.JwtTokenProvider -- Expired JWT token
22:38:41.866 [main] ERROR com.socialmedia.instagram.security.JwtTokenProvider -- Expired JWT token
22:38:41.881 [main] ERROR com.socialmedia.instagram.security.JwtTokenProvider -- Expired JWT token
22:38:41.896 [main] ERROR com.socialmedia.instagram.security.JwtTokenProvider -- Expired JWT token
22:38:41.911 [main] ERROR com.socialmedia.instagram.security.JwtTokenProvider -- Expired JWT token
22:38:41.927 [main] ERROR com.socialmedia.instagram.security.JwtTokenProvider -- Expired JWT token
22:38:41.942 [main] ERROR com.socialmedia.instagram.security.JwtTokenProvider -- Expired JWT token
22:38:41.959 [main] ERROR com.socialmedia.instagram.security.JwtTokenProvider -- Expired JWT token
22:38:41.975 [main] ERROR com.socialmedia.instagram.security.JwtTokenProvider -- Expired JWT token
22:38:41.991 [main] ERROR com.socialmedia.instagram.security.JwtTokenProvider -- Expired JWT token
22:38:42.006 [main] ERROR com.socialmedia.instagram.security.JwtTokenProvider -- Expired JWT token
22:38:42.022 [main] ERROR com.socialmedia.instagram.security.JwtTokenProvider -- Expired JWT token
22:38:42.036 [main] ERROR com.socialmedia.instagram.security.JwtTokenProvider -- Expired JWT token
22:38:42.052 [main] ERROR com.socialmedia.instagram.security.JwtTokenProvider -- Expired JWT token
22:38:42.068 [main] ERROR com.socialmedia.instagram.security.JwtTokenProvider -- Expired JWT token
22:38:42.085 [main] ERROR com.socialmedia.instagram.security.JwtTokenProvider -- Expired JWT token
22:38:42.099 [main] ERROR com.socialmedia.instagram.security.JwtTokenProvider -- Expired JWT token
22:38:42.116 [main] ERROR com.socialmedia.instagram.security.JwtTokenProvider -- Expired JWT token
22:38:42.131 [main] ERROR com.socialmedia.instagram.security.JwtTokenProvider -- Expired JWT token
22:38:42.151 [main] ERROR com.socialmedia.instagram.security.JwtTokenProvider -- Expired JWT token
22:38:42.162 [main] ERROR com.socialmedia.instagram.security.JwtTokenProvider -- Expired JWT token
22:38:42.179 [main] ERROR com.socialmedia.instagram.security.JwtTokenProvider -- Expired JWT token
22:38:42.195 [main] ERROR com.socialmedia.instagram.security.JwtTokenProvider -- Expired JWT token
22:38:42.211 [main] ERROR com.socialmedia.instagram.security.JwtTokenProvider -- Expired JWT token
22:38:42.226 [main] ERROR com.socialmedia.instagram.security.JwtTokenProvider -- Expired JWT token
22:38:42.242 [main] ERROR com.socialmedia.instagram.security.JwtTokenProvider -- Expired JWT token
22:38:42.256 [main] ERROR com.socialmedia.instagram.security.JwtTokenProvider -- Expired JWT token
22:38:42.272 [main] ERROR com.socialmedia.instagram.security.JwtTokenProvider -- Expired JWT token
22:38:42.289 [main] ERROR com.socialmedia.instagram.security.JwtTokenProvider -- Expired JWT token
22:38:42.304 [main] ERROR com.socialmedia.instagram.security.JwtTokenProvider -- Expired JWT token
22:38:42.320 [main] ERROR com.socialmedia.instagram.security.JwtTokenProvider -- Expired JWT token
22:38:42.336 [main] ERROR com.socialmedia.instagram.security.JwtTokenProvider -- Expired JWT token
22:38:42.352 [main] ERROR com.socialmedia.instagram.security.JwtTokenProvider -- Expired JWT token
22:38:42.367 [main] ERROR com.socialmedia.instagram.security.JwtTokenProvider -- Expired JWT token
22:38:42.383 [main] ERROR com.socialmedia.instagram.security.JwtTokenProvider -- Expired JWT token
22:38:42.397 [main] ERROR com.socialmedia.instagram.security.JwtTokenProvider -- Expired JWT token
22:38:42.414 [main] ERROR com.socialmedia.instagram.security.JwtTokenProvider -- Expired JWT token
22:38:42.428 [main] ERROR com.socialmedia.instagram.security.JwtTokenProvider -- Expired JWT token
22:38:42.445 [main] ERROR com.socialmedia.instagram.security.JwtTokenProvider -- Expired JWT token
22:38:42.459 [main] ERROR com.socialmedia.instagram.security.JwtTokenProvider -- Expired JWT token
22:38:42.475 [main] ERROR com.socialmedia.instagram.security.JwtTokenProvider -- Expired JWT token
22:38:42.490 [main] ERROR com.socialmedia.instagram.security.JwtTokenProvider -- Expired JWT token
22:38:42.506 [main] ERROR com.socialmedia.instagram.security.JwtTokenProvider -- Expired JWT token
22:38:42.522 [main] ERROR com.socialmedia.instagram.security.JwtTokenProvider -- Expired JWT token
22:38:42.537 [main] ERROR com.socialmedia.instagram.security.JwtTokenProvider -- Expired JWT token
22:38:42.553 [main] ERROR com.socialmedia.instagram.security.JwtTokenProvider -- Expired JWT token
22:38:42.569 [main] ERROR com.socialmedia.instagram.security.JwtTokenProvider -- Expired JWT token
22:38:42.583 [main] ERROR com.socialmedia.instagram.security.JwtTokenProvider -- Expired JWT token
22:38:42.599 [main] ERROR com.socialmedia.instagram.security.JwtTokenProvider -- Expired JWT token
22:38:42.614 [main] ERROR com.socialmedia.instagram.security.JwtTokenProvider -- Expired JWT token
22:38:42.629 [main] ERROR com.socialmedia.instagram.security.JwtTokenProvider -- Expired JWT token
22:38:42.645 [main] ERROR com.socialmedia.instagram.security.JwtTokenProvider -- Expired JWT token
22:38:42.661 [main] ERROR com.socialmedia.instagram.security.JwtTokenProvider -- Expired JWT token
22:38:42.676 [main] ERROR com.socialmedia.instagram.security.JwtTokenProvider -- Expired JWT token
22:38:42.692 [main] ERROR com.socialmedia.instagram.security.JwtTokenProvider -- Expired JWT token
22:38:42.708 [main] ERROR com.socialmedia.instagram.security.JwtTokenProvider -- Expired JWT token
22:38:42.725 [main] ERROR com.socialmedia.instagram.security.JwtTokenProvider -- Expired JWT token
22:38:42.738 [main] ERROR com.socialmedia.instagram.security.JwtTokenProvider -- Expired JWT token
22:38:42.754 [main] ERROR com.socialmedia.instagram.security.JwtTokenProvider -- Expired JWT token
22:38:42.768 [main] ERROR com.socialmedia.instagram.security.JwtTokenProvider -- Expired JWT token
22:38:42.784 [main] ERROR com.socialmedia.instagram.security.JwtTokenProvider -- Expired JWT token
22:38:42.800 [main] ERROR com.socialmedia.instagram.security.JwtTokenProvider -- Expired JWT token
22:38:42.816 [main] ERROR com.socialmedia.instagram.security.JwtTokenProvider -- Expired JWT token
22:38:42.831 [main] ERROR com.socialmedia.instagram.security.JwtTokenProvider -- Expired JWT token
22:38:42.847 [main] ERROR com.socialmedia.instagram.security.JwtTokenProvider -- Expired JWT token
22:38:42.863 [main] ERROR com.socialmedia.instagram.security.JwtTokenProvider -- Expired JWT token
22:38:42.879 [main] ERROR com.socialmedia.instagram.security.JwtTokenProvider -- Expired JWT token
22:38:42.893 [main] ERROR com.socialmedia.instagram.security.JwtTokenProvider -- Expired JWT token
22:38:42.909 [main] ERROR com.socialmedia.instagram.security.JwtTokenProvider -- Expired JWT token
22:38:42.924 [main] ERROR com.socialmedia.instagram.security.JwtTokenProvider -- Expired JWT token
22:38:42.940 [main] ERROR com.socialmedia.instagram.security.JwtTokenProvider -- Expired JWT token
22:38:42.956 [main] ERROR com.socialmedia.instagram.security.JwtTokenProvider -- Expired JWT token
22:38:42.972 [main] ERROR com.socialmedia.instagram.security.JwtTokenProvider -- Expired JWT token
22:38:42.988 [main] ERROR com.socialmedia.instagram.security.JwtTokenProvider -- Expired JWT token
22:38:43.003 [main] ERROR com.socialmedia.instagram.security.JwtTokenProvider -- Expired JWT token
22:38:43.018 [main] ERROR com.socialmedia.instagram.security.JwtTokenProvider -- Expired JWT token
22:38:43.032 [main] ERROR com.socialmedia.instagram.security.JwtTokenProvider -- Expired JWT token
22:38:43.049 [main] ERROR com.socialmedia.instagram.security.JwtTokenProvider -- Expired JWT token
22:38:43.065 [main] ERROR com.socialmedia.instagram.security.JwtTokenProvider -- Expired JWT token
22:38:43.080 [main] ERROR com.socialmedia.instagram.security.JwtTokenProvider -- Expired JWT token
22:38:43.096 [main] ERROR com.socialmedia.instagram.security.JwtTokenProvider -- Expired JWT token
22:38:43.111 [main] ERROR com.socialmedia.instagram.security.JwtTokenProvider -- Expired JWT token
22:38:43.126 [main] ERROR com.socialmedia.instagram.security.JwtTokenProvider -- Expired JWT token
22:38:43.142 [main] ERROR com.socialmedia.instagram.security.JwtTokenProvider -- Expired JWT token
22:38:43.157 [main] ERROR com.socialmedia.instagram.security.JwtTokenProvider -- Expired JWT token
22:38:43.173 [main] ERROR com.socialmedia.instagram.security.JwtTokenProvider -- Expired JWT token
22:38:43.189 [main] ERROR com.socialmedia.instagram.security.JwtTokenProvider -- Expired JWT token
22:38:43.205 [main] ERROR com.socialmedia.instagram.security.JwtTokenProvider -- Expired JWT token
22:38:43.222 [main] ERROR com.socialmedia.instagram.security.JwtTokenProvider -- Expired JWT token
22:38:43.237 [main] ERROR com.socialmedia.instagram.security.JwtTokenProvider -- Expired JWT token
22:38:43.252 [main] ERROR com.socialmedia.instagram.security.JwtTokenProvider -- Expired JWT token
22:38:43.268 [main] ERROR com.socialmedia.instagram.security.JwtTokenProvider -- Expired JWT token
22:38:43.283 [main] ERROR com.socialmedia.instagram.security.JwtTokenProvider -- Expired JWT token
22:38:43.298 [main] ERROR com.socialmedia.instagram.security.JwtTokenProvider -- Expired JWT token
22:38:43.313 [main] ERROR com.socialmedia.instagram.security.JwtTokenProvider -- Expired JWT token
22:38:43.328 [main] ERROR com.socialmedia.instagram.security.JwtTokenProvider -- Expired JWT token
22:38:43.343 [main] ERROR com.socialmedia.instagram.security.JwtTokenProvider -- Expired JWT token
22:38:43.359 [main] ERROR com.socialmedia.instagram.security.JwtTokenProvider -- Expired JWT token
22:38:43.374 [main] ERROR com.socialmedia.instagram.security.JwtTokenProvider -- Expired JWT token
22:38:43.390 [main] ERROR com.socialmedia.instagram.security.JwtTokenProvider -- Expired JWT token
22:38:43.406 [main] ERROR com.socialmedia.instagram.security.JwtTokenProvider -- Expired JWT token
22:38:43.422 [main] ERROR com.socialmedia.instagram.security.JwtTokenProvider -- Expired JWT token
22:38:43.439 [main] ERROR com.socialmedia.instagram.security.JwtTokenProvider -- Expired JWT token
22:38:43.455 [main] ERROR com.socialmedia.instagram.security.JwtTokenProvider -- Expired JWT token
22:38:43.470 [main] ERROR com.socialmedia.instagram.security.JwtTokenProvider -- Expired JWT token
22:38:43.486 [main] ERROR com.socialmedia.instagram.security.JwtTokenProvider -- Expired JWT token
22:38:43.502 [main] ERROR com.socialmedia.instagram.security.JwtTokenProvider -- Expired JWT token
22:38:43.518 [main] ERROR com.socialmedia.instagram.security.JwtTokenProvider -- Expired JWT token
22:38:43.534 [main] ERROR com.socialmedia.instagram.security.JwtTokenProvider -- Expired JWT token
22:38:43.550 [main] ERROR com.socialmedia.instagram.security.JwtTokenProvider -- Expired JWT token
22:38:43.565 [main] ERROR com.socialmedia.instagram.security.JwtTokenProvider -- Expired JWT token
22:38:43.581 [main] ERROR com.socialmedia.instagram.security.JwtTokenProvider -- Expired JWT token
22:38:43.596 [main] ERROR com.socialmedia.instagram.security.JwtTokenProvider -- Expired JWT token
22:38:43.611 [main] ERROR com.socialmedia.instagram.security.JwtTokenProvider -- Expired JWT token
22:38:43.626 [main] ERROR com.socialmedia.instagram.security.JwtTokenProvider -- Expired JWT token
22:38:43.644 [main] ERROR com.socialmedia.instagram.security.JwtTokenProvider -- Expired JWT token
[...]
22:38:48.546 [main] ERROR com.socialmedia.instagram.security.JwtTokenProvider -- Invalid JWT token
22:38:48.546 [main] ERROR com.socialmedia.instagram.security.JwtTokenProvider -- JWT claims string is empty
22:38:48.547 [main] ERROR com.socialmedia.instagram.security.JwtTokenProvider -- Invalid JWT signature
22:38:48.547 [main] ERROR com.socialmedia.instagram.security.JwtTokenProvider -- Invalid JWT token
22:38:48.547 [main] ERROR com.socialmedia.instagram.security.JwtTokenProvider -- JWT claims string is empty
22:38:48.547 [main] ERROR com.socialmedia.instagram.security.JwtTokenProvider -- Invalid JWT signature
22:38:48.547 [main] ERROR com.socialmedia.instagram.security.JwtTokenProvider -- Invalid JWT token
22:38:48.547 [main] ERROR com.socialmedia.instagram.security.JwtTokenProvider -- JWT claims string is empty
22:38:48.547 [main] ERROR com.socialmedia.instagram.security.JwtTokenProvider -- Invalid JWT signature
22:38:48.547 [main] ERROR com.socialmedia.instagram.security.JwtTokenProvider -- Invalid JWT token
22:38:48.547 [main] ERROR com.socialmedia.instagram.security.JwtTokenProvider -- JWT claims string is empty
22:38:48.547 [main] ERROR com.socialmedia.instagram.security.JwtTokenProvider -- Invalid JWT signature
22:38:48.547 [main] ERROR com.socialmedia.instagram.security.JwtTokenProvider -- Invalid JWT token
22:38:48.547 [main] ERROR com.socialmedia.instagram.security.JwtTokenProvider -- JWT claims string is empty
22:38:48.547 [main] ERROR com.socialmedia.instagram.security.JwtTokenProvider -- Invalid JWT signature
22:38:48.548 [main] ERROR com.socialmedia.instagram.security.JwtTokenProvider -- Invalid JWT token
22:38:48.548 [main] ERROR com.socialmedia.instagram.security.JwtTokenProvider -- JWT claims string is empty
22:38:48.548 [main] ERROR com.socialmedia.instagram.security.JwtTokenProvider -- Invalid JWT signature
22:38:48.548 [main] ERROR com.socialmedia.instagram.security.JwtTokenProvider -- Invalid JWT token
22:38:48.548 [main] ERROR com.socialmedia.instagram.security.JwtTokenProvider -- JWT claims string is empty
22:38:48.548 [main] ERROR com.socialmedia.instagram.security.JwtTokenProvider -- Invalid JWT signature
22:38:48.548 [main] ERROR com.socialmedia.instagram.security.JwtTokenProvider -- Invalid JWT token
22:38:48.548 [main] ERROR com.socialmedia.instagram.security.JwtTokenProvider -- JWT claims string is empty
22:38:48.548 [main] ERROR com.socialmedia.instagram.security.JwtTokenProvider -- Invalid JWT signature
22:38:48.548 [main] ERROR com.socialmedia.instagram.security.JwtTokenProvider -- Invalid JWT token
22:38:48.548 [main] ERROR com.socialmedia.instagram.security.JwtTokenProvider -- JWT claims string is empty
22:38:48.548 [main] ERROR com.socialmedia.instagram.security.JwtTokenProvider -- Invalid JWT signature
22:38:48.548 [main] ERROR com.socialmedia.instagram.security.JwtTokenProvider -- Invalid JWT token
22:38:48.548 [main] ERROR com.socialmedia.instagram.security.JwtTokenProvider -- JWT claims string is empty
22:38:48.549 [main] ERROR com.socialmedia.instagram.security.JwtTokenProvider -- Invalid JWT signature
22:38:48.549 [main] ERROR com.socialmedia.instagram.security.JwtTokenProvider -- Invalid JWT token
22:38:48.549 [main] ERROR com.socialmedia.instagram.security.JwtTokenProvider -- JWT claims string is empty
22:38:48.549 [main] ERROR com.socialmedia.instagram.security.JwtTokenProvider -- Invalid JWT signature
22:38:48.549 [main] ERROR com.socialmedia.instagram.security.JwtTokenProvider -- Invalid JWT token
22:38:48.549 [main] ERROR com.socialmedia.instagram.security.JwtTokenProvider -- JWT claims string is empty
22:38:48.549 [main] ERROR com.socialmedia.instagram.security.JwtTokenProvider -- Invalid JWT signature
22:38:48.549 [main] ERROR com.socialmedia.instagram.security.JwtTokenProvider -- Invalid JWT token
22:38:48.549 [main] ERROR com.socialmedia.instagram.security.JwtTokenProvider -- JWT claims string is empty
22:38:48.549 [main] ERROR com.socialmedia.instagram.security.JwtTokenProvider -- Invalid JWT signature
22:38:48.549 [main] ERROR com.socialmedia.instagram.security.JwtTokenProvider -- Invalid JWT token
22:38:48.549 [main] ERROR com.socialmedia.instagram.security.JwtTokenProvider -- JWT claims string is empty
22:38:48.549 [main] ERROR com.socialmedia.instagram.security.JwtTokenProvider -- Invalid JWT signature
22:38:48.549 [main] ERROR com.socialmedia.instagram.security.JwtTokenProvider -- Invalid JWT token
22:38:48.549 [main] ERROR com.socialmedia.instagram.security.JwtTokenProvider -- JWT claims string is empty
22:38:48.551 [main] ERROR com.socialmedia.instagram.security.JwtTokenProvider -- Invalid JWT signature
22:38:48.551 [main] ERROR com.socialmedia.instagram.security.JwtTokenProvider -- Invalid JWT token
22:38:48.551 [main] ERROR com.socialmedia.instagram.security.JwtTokenProvider -- JWT claims string is empty
22:38:48.551 [main] ERROR com.socialmedia.instagram.security.JwtTokenProvider -- Invalid JWT signature
22:38:48.551 [main] ERROR com.socialmedia.instagram.security.JwtTokenProvider -- Invalid JWT token
22:38:48.551 [main] ERROR com.socialmedia.instagram.security.JwtTokenProvider -- JWT claims string is empty
22:38:48.551 [main] ERROR com.socialmedia.instagram.security.JwtTokenProvider -- Invalid JWT signature
22:38:48.551 [main] ERROR com.socialmedia.instagram.security.JwtTokenProvider -- Invalid JWT token
22:38:48.551 [main] ERROR com.socialmedia.instagram.security.JwtTokenProvider -- JWT claims string is empty
22:38:48.552 [main] ERROR com.socialmedia.instagram.security.JwtTokenProvider -- Invalid JWT signature
22:38:48.552 [main] ERROR com.socialmedia.instagram.security.JwtTokenProvider -- Invalid JWT token
22:38:48.552 [main] ERROR com.socialmedia.instagram.security.JwtTokenProvider -- JWT claims string is empty
22:38:48.552 [main] ERROR com.socialmedia.instagram.security.JwtTokenProvider -- Invalid JWT signature
22:38:48.552 [main] ERROR com.socialmedia.instagram.security.JwtTokenProvider -- Invalid JWT token
22:38:48.552 [main] ERROR com.socialmedia.instagram.security.JwtTokenProvider -- JWT claims string is empty
22:38:48.552 [main] ERROR com.socialmedia.instagram.security.JwtTokenProvider -- Invalid JWT signature
22:38:48.552 [main] ERROR com.socialmedia.instagram.security.JwtTokenProvider -- Invalid JWT token
22:38:48.552 [main] ERROR com.socialmedia.instagram.security.JwtTokenProvider -- JWT claims string is empty
22:38:48.553 [main] ERROR com.socialmedia.instagram.security.JwtTokenProvider -- Invalid JWT signature
22:38:48.553 [main] ERROR com.socialmedia.instagram.security.JwtTokenProvider -- Invalid JWT token
22:38:48.553 [main] ERROR com.socialmedia.instagram.security.JwtTokenProvider -- JWT claims string is empty
22:38:48.553 [main] ERROR com.socialmedia.instagram.security.JwtTokenProvider -- Invalid JWT signature
22:38:48.553 [main] ERROR com.socialmedia.instagram.security.JwtTokenProvider -- Invalid JWT token
22:38:48.553 [main] ERROR com.socialmedia.instagram.security.JwtTokenProvider -- JWT claims string is empty
22:38:48.553 [main] ERROR com.socialmedia.instagram.security.JwtTokenProvider -- Invalid JWT signature
22:38:48.553 [main] ERROR com.socialmedia.instagram.security.JwtTokenProvider -- Invalid JWT token
22:38:48.553 [main] ERROR com.socialmedia.instagram.security.JwtTokenProvider -- JWT claims string is empty
22:38:48.553 [main] ERROR com.socialmedia.instagram.security.JwtTokenProvider -- Invalid JWT signature
22:38:48.554 [main] ERROR com.socialmedia.instagram.security.JwtTokenProvider -- Invalid JWT token
22:38:48.554 [main] ERROR com.socialmedia.instagram.security.JwtTokenProvider -- JWT claims string is empty
22:38:48.554 [main] ERROR com.socialmedia.instagram.security.JwtTokenProvider -- Invalid JWT signature
22:38:48.554 [main] ERROR com.socialmedia.instagram.security.JwtTokenProvider -- Invalid JWT token
22:38:48.554 [main] ERROR com.socialmedia.instagram.security.JwtTokenProvider -- JWT claims string is empty
22:38:48.554 [main] ERROR com.socialmedia.instagram.security.JwtTokenProvider -- Invalid JWT signature
22:38:48.554 [main] ERROR com.socialmedia.instagram.security.JwtTokenProvider -- Invalid JWT token
22:38:48.554 [main] ERROR com.socialmedia.instagram.security.JwtTokenProvider -- JWT claims string is empty
22:38:48.555 [main] ERROR com.socialmedia.instagram.security.JwtTokenProvider -- Invalid JWT signature
22:38:48.555 [main] ERROR com.socialmedia.instagram.security.JwtTokenProvider -- Invalid JWT token
22:38:48.555 [main] ERROR com.socialmedia.instagram.security.JwtTokenProvider -- JWT claims string is empty
22:38:48.555 [main] ERROR com.socialmedia.instagram.security.JwtTokenProvider -- Invalid JWT signature
22:38:48.555 [main] ERROR com.socialmedia.instagram.security.JwtTokenProvider -- Invalid JWT token
22:38:48.555 [main] ERROR com.socialmedia.instagram.security.JwtTokenProvider -- JWT claims string is empty
22:38:48.556 [main] ERROR com.socialmedia.instagram.security.JwtTokenProvider -- Invalid JWT signature
22:38:48.556 [main] ERROR com.socialmedia.instagram.security.JwtTokenProvider -- Invalid JWT token
22:38:48.556 [main] ERROR com.socialmedia.instagram.security.JwtTokenProvider -- JWT claims string is empty
22:38:48.556 [main] ERROR com.socialmedia.instagram.security.JwtTokenProvider -- Invalid JWT signature
22:38:48.556 [main] ERROR com.socialmedia.instagram.security.JwtTokenProvider -- Invalid JWT token
22:38:48.556 [main] ERROR com.socialmedia.instagram.security.JwtTokenProvider -- JWT claims string is empty
22:38:48.557 [main] ERROR com.socialmedia.instagram.security.JwtTokenProvider -- Invalid JWT signature
22:38:48.557 [main] ERROR com.socialmedia.instagram.security.JwtTokenProvider -- Invalid JWT token
22:38:48.557 [main] ERROR com.socialmedia.instagram.security.JwtTokenProvider -- JWT claims string is empty
22:38:48.558 [main] ERROR com.socialmedia.instagram.security.JwtTokenProvider -- Invalid JWT signature
22:38:48.559 [main] ERROR com.socialmedia.instagram.security.JwtTokenProvider -- Invalid JWT token
22:38:48.559 [main] ERROR com.socialmedia.instagram.security.JwtTokenProvider -- JWT claims string is empty
22:38:48.559 [main] ERROR com.socialmedia.instagram.security.JwtTokenProvider -- Invalid JWT signature
22:38:48.559 [main] ERROR com.socialmedia.instagram.security.JwtTokenProvider -- Invalid JWT token
22:38:48.559 [main] ERROR com.socialmedia.instagram.security.JwtTokenProvider -- JWT claims string is empty
22:38:48.560 [main] ERROR com.socialmedia.instagram.security.JwtTokenProvider -- Invalid JWT signature
22:38:48.560 [main] ERROR com.socialmedia.instagram.security.JwtTokenProvider -- Invalid JWT token
22:38:48.560 [main] ERROR com.socialmedia.instagram.security.JwtTokenProvider -- JWT claims string is empty
22:38:48.560 [main] ERROR com.socialmedia.instagram.security.JwtTokenProvider -- Invalid JWT signature
22:38:48.560 [main] ERROR com.socialmedia.instagram.security.JwtTokenProvider -- Invalid JWT token
22:38:48.560 [main] ERROR com.socialmedia.instagram.security.JwtTokenProvider -- JWT claims string is empty
22:38:48.561 [main] ERROR com.socialmedia.instagram.security.JwtTokenProvider -- Invalid JWT signature
22:38:48.561 [main] ERROR com.socialmedia.instagram.security.JwtTokenProvider -- Invalid JWT token
22:38:48.561 [main] ERROR com.socialmedia.instagram.security.JwtTokenProvider -- JWT claims string is empty
22:38:48.561 [main] ERROR com.socialmedia.instagram.security.JwtTokenProvider -- Invalid JWT signature
22:38:48.561 [main] ERROR com.socialmedia.instagram.security.JwtTokenProvider -- Invalid JWT token
22:38:48.561 [main] ERROR com.socialmedia.instagram.security.JwtTokenProvider -- JWT claims string is empty
22:38:48.562 [main] ERROR com.socialmedia.instagram.security.JwtTokenProvider -- Invalid JWT signature
22:38:48.562 [main] ERROR com.socialmedia.instagram.security.JwtTokenProvider -- Invalid JWT token
22:38:48.562 [main] ERROR com.socialmedia.instagram.security.JwtTokenProvider -- JWT claims string is empty
22:38:48.562 [main] ERROR com.socialmedia.instagram.security.JwtTokenProvider -- Invalid JWT signature
22:38:48.563 [main] ERROR com.socialmedia.instagram.security.JwtTokenProvider -- Invalid JWT token
22:38:48.563 [main] ERROR com.socialmedia.instagram.security.JwtTokenProvider -- JWT claims string is empty
22:38:48.563 [main] ERROR com.socialmedia.instagram.security.JwtTokenProvider -- Invalid JWT signature
22:38:48.563 [main] ERROR com.socialmedia.instagram.security.JwtTokenProvider -- Invalid JWT token
22:38:48.563 [main] ERROR com.socialmedia.instagram.security.JwtTokenProvider -- JWT claims string is empty
22:38:48.563 [main] ERROR com.socialmedia.instagram.security.JwtTokenProvider -- Invalid JWT signature
22:38:48.563 [main] ERROR com.socialmedia.instagram.security.JwtTokenProvider -- Invalid JWT token
22:38:48.563 [main] ERROR com.socialmedia.instagram.security.JwtTokenProvider -- JWT claims string is empty
22:38:48.563 [main] ERROR com.socialmedia.instagram.security.JwtTokenProvider -- Invalid JWT signature
22:38:48.563 [main] ERROR com.socialmedia.instagram.security.JwtTokenProvider -- Invalid JWT token
22:38:48.563 [main] ERROR com.socialmedia.instagram.security.JwtTokenProvider -- JWT claims string is empty
22:38:48.563 [main] ERROR com.socialmedia.instagram.security.JwtTokenProvider -- Invalid JWT signature
22:38:48.563 [main] ERROR com.socialmedia.instagram.security.JwtTokenProvider -- Invalid JWT token
22:38:48.563 [main] ERROR com.socialmedia.instagram.security.JwtTokenProvider -- JWT claims string is empty
22:38:48.564 [main] ERROR com.socialmedia.instagram.security.JwtTokenProvider -- Invalid JWT signature
22:38:48.564 [main] ERROR com.socialmedia.instagram.security.JwtTokenProvider -- Invalid JWT token
22:38:48.564 [main] ERROR com.socialmedia.instagram.security.JwtTokenProvider -- JWT claims string is empty
22:38:48.564 [main] ERROR com.socialmedia.instagram.security.JwtTokenProvider -- Invalid JWT signature
22:38:48.564 [main] ERROR com.socialmedia.instagram.security.JwtTokenProvider -- Invalid JWT token
22:38:48.564 [main] ERROR com.socialmedia.instagram.security.JwtTokenProvider -- JWT claims string is empty
22:38:48.564 [main] ERROR com.socialmedia.instagram.security.JwtTokenProvider -- Invalid JWT signature
22:38:48.564 [main] ERROR com.socialmedia.instagram.security.JwtTokenProvider -- Invalid JWT token
22:38:48.566 [main] ERROR com.socialmedia.instagram.security.JwtTokenProvider -- JWT claims string is empty
22:38:48.566 [main] ERROR com.socialmedia.instagram.security.JwtTokenProvider -- Invalid JWT signature
22:38:48.566 [main] ERROR com.socialmedia.instagram.security.JwtTokenProvider -- Invalid JWT token
22:38:48.566 [main] ERROR com.socialmedia.instagram.security.JwtTokenProvider -- JWT claims string is empty
22:38:48.566 [main] ERROR com.socialmedia.instagram.security.JwtTokenProvider -- Invalid JWT signature
22:38:48.566 [main] ERROR com.socialmedia.instagram.security.JwtTokenProvider -- Invalid JWT token
22:38:48.566 [main] ERROR com.socialmedia.instagram.security.JwtTokenProvider -- JWT claims string is empty
22:38:48.567 [main] ERROR com.socialmedia.instagram.security.JwtTokenProvider -- Invalid JWT signature
22:38:48.567 [main] ERROR com.socialmedia.instagram.security.JwtTokenProvider -- Invalid JWT token
22:38:48.567 [main] ERROR com.socialmedia.instagram.security.JwtTokenProvider -- JWT claims string is empty
22:38:48.567 [main] ERROR com.socialmedia.instagram.security.JwtTokenProvider -- Invalid JWT signature
22:38:48.568 [main] ERROR com.socialmedia.instagram.security.JwtTokenProvider -- Invalid JWT token
22:38:48.568 [main] ERROR com.socialmedia.instagram.security.JwtTokenProvider -- JWT claims string is empty
22:38:48.568 [main] ERROR com.socialmedia.instagram.security.JwtTokenProvider -- Invalid JWT signature
22:38:48.568 [main] ERROR com.socialmedia.instagram.security.JwtTokenProvider -- Invalid JWT token
22:38:48.568 [main] ERROR com.socialmedia.instagram.security.JwtTokenProvider -- JWT claims string is empty
22:38:48.569 [main] ERROR com.socialmedia.instagram.security.JwtTokenProvider -- Invalid JWT signature
22:38:48.569 [main] ERROR com.socialmedia.instagram.security.JwtTokenProvider -- Invalid JWT token
22:38:48.569 [main] ERROR com.socialmedia.instagram.security.JwtTokenProvider -- JWT claims string is empty
22:38:48.569 [main] ERROR com.socialmedia.instagram.security.JwtTokenProvider -- Invalid JWT signature
22:38:48.569 [main] ERROR com.socialmedia.instagram.security.JwtTokenProvider -- Invalid JWT token
22:38:48.570 [main] ERROR com.socialmedia.instagram.security.JwtTokenProvider -- JWT claims string is empty
22:38:48.570 [main] ERROR com.socialmedia.instagram.security.JwtTokenProvider -- Invalid JWT signature
22:38:48.570 [main] ERROR com.socialmedia.instagram.security.JwtTokenProvider -- Invalid JWT token
22:38:48.570 [main] ERROR com.socialmedia.instagram.security.JwtTokenProvider -- JWT claims string is empty
22:38:48.570 [main] ERROR com.socialmedia.instagram.security.JwtTokenProvider -- Invalid JWT signature
22:38:48.570 [main] ERROR com.socialmedia.instagram.security.JwtTokenProvider -- Invalid JWT token
22:38:48.570 [main] ERROR com.socialmedia.instagram.security.JwtTokenProvider -- JWT claims string is empty
22:38:48.571 [main] ERROR com.socialmedia.instagram.security.JwtTokenProvider -- Invalid JWT signature
22:38:48.571 [main] ERROR com.socialmedia.instagram.security.JwtTokenProvider -- Invalid JWT token
22:38:48.571 [main] ERROR com.socialmedia.instagram.security.JwtTokenProvider -- JWT claims string is empty
22:38:48.571 [main] ERROR com.socialmedia.instagram.security.JwtTokenProvider -- Invalid JWT signature
22:38:48.571 [main] ERROR com.socialmedia.instagram.security.JwtTokenProvider -- Invalid JWT token
22:38:48.571 [main] ERROR com.socialmedia.instagram.security.JwtTokenProvider -- JWT claims string is empty
22:38:48.571 [main] ERROR com.socialmedia.instagram.security.JwtTokenProvider -- Invalid JWT signature
22:38:48.571 [main] ERROR com.socialmedia.instagram.security.JwtTokenProvider -- Invalid JWT token
22:38:48.571 [main] ERROR com.socialmedia.instagram.security.JwtTokenProvider -- JWT claims string is empty
22:38:48.572 [main] ERROR com.socialmedia.instagram.security.JwtTokenProvider -- Invalid JWT signature
22:38:48.572 [main] ERROR com.socialmedia.instagram.security.JwtTokenProvider -- Invalid JWT token
22:38:48.572 [main] ERROR com.socialmedia.instagram.security.JwtTokenProvider -- JWT claims string is empty
22:38:48.574 [main] ERROR com.socialmedia.instagram.security.JwtTokenProvider -- Invalid JWT signature
22:38:48.574 [main] ERROR com.socialmedia.instagram.security.JwtTokenProvider -- Invalid JWT token
22:38:48.574 [main] ERROR com.socialmedia.instagram.security.JwtTokenProvider -- JWT claims string is empty
22:38:48.576 [main] ERROR com.socialmedia.instagram.security.JwtTokenProvider -- Invalid JWT signature
22:38:48.576 [main] ERROR com.socialmedia.instagram.security.JwtTokenProvider -- Invalid JWT token
22:38:48.576 [main] ERROR com.socialmedia.instagram.security.JwtTokenProvider -- JWT claims string is empty
timestamp = 2026-08-14T22:38:48.577018800, JwtTokenProviderPropertyTest:Property 4: JWT Token Validation - Validates signature and expiration = 
                              |-----------------------jqwik-----------------------
tries = 1000                  | # of calls to property
checks = 1000                 | # of not rejected calls
generation = RANDOMIZED       | parameters are randomly generated
after-failure = SAMPLE_FIRST  | try previously failed sample, then previous seed
when-fixed-seed = ALLOW       | fixing the random seed is allowed
edge-cases#mode = MIXIN       | edge cases are mixed in
edge-cases#total = 0          | # of all combined edge cases
edge-cases#tried = 0          | # of edge cases tried in current run
seed = 2409295878768457331    | random seed to reproduce generated values


]]></system-out>
  </testcase>
</testsuite>